<?xml version="1.0" encoding="UTF-8"?>
<coverage generated="1681570299144" clover="3.2.0">
  <project timestamp="1681570299144" name="All files">
    <metrics statements="1779" coveredstatements="1543" conditionals="1117" coveredconditionals="902" methods="828" coveredmethods="699" elements="3724" coveredelements="3144" complexity="0" loc="1779" ncloc="1779" packages="87" files="115" classes="115"/>
    <package name="app.[locale]">
      <metrics statements="9" coveredstatements="8" conditionals="8" coveredconditionals="6" methods="2" coveredmethods="2"/>
      <file name="page.tsx" path="/home/jay/Projects/Interlinked/app/[locale]/page.tsx">
        <metrics statements="9" coveredstatements="8" conditionals="8" coveredconditionals="6" methods="2" coveredmethods="2"/>
        <line num="8" count="56" type="stmt"/>
        <line num="9" count="79" type="stmt"/>
        <line num="10" count="79" type="stmt"/>
        <line num="11" count="79" type="stmt"/>
        <line num="12" count="79" type="stmt"/>
        <line num="15" count="79" type="stmt"/>
        <line num="16" count="73" type="cond" truecount="3" falsecount="1"/>
        <line num="17" count="0" type="stmt"/>
        <line num="21" count="79" type="stmt"/>
      </file>
    </package>
    <package name="app.[locale].DM">
      <metrics statements="15" coveredstatements="14" conditionals="2" coveredconditionals="0" methods="7" coveredmethods="6"/>
      <file name="page.tsx" path="/home/jay/Projects/Interlinked/app/[locale]/DM/page.tsx">
        <metrics statements="15" coveredstatements="14" conditionals="2" coveredconditionals="0" methods="7" coveredmethods="6"/>
        <line num="14" count="8" type="stmt"/>
        <line num="15" count="8" type="stmt"/>
        <line num="16" count="8" type="stmt"/>
        <line num="18" count="8" type="stmt"/>
        <line num="19" count="4" type="stmt"/>
        <line num="21" count="4" type="stmt"/>
        <line num="26" count="4" type="stmt"/>
        <line num="27" count="4" type="stmt"/>
        <line num="28" count="4" type="stmt"/>
        <line num="32" count="4" type="stmt"/>
        <line num="33" count="0" type="cond" truecount="0" falsecount="2"/>
        <line num="38" count="4" type="stmt"/>
        <line num="40" count="4" type="stmt"/>
        <line num="43" count="8" type="stmt"/>
        <line num="51" count="4" type="stmt"/>
      </file>
    </package>
    <package name="app.[locale].DM.[uid]">
      <metrics statements="86" coveredstatements="82" conditionals="42" coveredconditionals="33" methods="30" coveredmethods="26"/>
      <file name="page.tsx" path="/home/jay/Projects/Interlinked/app/[locale]/DM/[uid]/page.tsx">
        <metrics statements="86" coveredstatements="82" conditionals="42" coveredconditionals="33" methods="30" coveredmethods="26"/>
        <line num="2" count="4" type="stmt"/>
        <line num="35" count="142" type="stmt"/>
        <line num="36" count="142" type="stmt"/>
        <line num="37" count="142" type="stmt"/>
        <line num="39" count="142" type="stmt"/>
        <line num="41" count="142" type="stmt"/>
        <line num="42" count="142" type="stmt"/>
        <line num="43" count="142" type="stmt"/>
        <line num="44" count="142" type="stmt"/>
        <line num="47" count="142" type="stmt"/>
        <line num="48" count="142" type="stmt"/>
        <line num="51" count="142" type="stmt"/>
        <line num="54" count="142" type="stmt"/>
        <line num="56" count="142" type="stmt"/>
        <line num="57" count="6" type="cond" truecount="3" falsecount="1"/>
        <line num="59" count="6" type="stmt"/>
        <line num="61" count="6" type="stmt"/>
        <line num="62" count="6" type="stmt"/>
        <line num="63" count="12" type="cond" truecount="2" falsecount="0"/>
        <line num="64" count="6" type="stmt"/>
        <line num="68" count="6" type="stmt"/>
        <line num="70" count="12" type="stmt"/>
        <line num="72" count="6" type="stmt"/>
        <line num="73" count="6" type="stmt"/>
        <line num="74" count="6" type="cond" truecount="1" falsecount="1"/>
        <line num="75" count="6" type="stmt"/>
        <line num="79" count="6" type="stmt"/>
        <line num="82" count="6" type="stmt"/>
        <line num="83" count="16" type="stmt"/>
        <line num="86" count="6" type="stmt"/>
        <line num="90" count="142" type="cond" truecount="3" falsecount="1"/>
        <line num="91" count="0" type="stmt"/>
        <line num="105" count="142" type="stmt"/>
        <line num="106" count="12" type="cond" truecount="2" falsecount="0"/>
        <line num="108" count="10" type="stmt"/>
        <line num="111" count="10" type="stmt"/>
        <line num="112" count="10" type="stmt"/>
        <line num="113" count="8" type="stmt"/>
        <line num="116" count="142" type="stmt"/>
        <line num="117" count="12" type="stmt"/>
        <line num="119" count="12" type="cond" truecount="3" falsecount="1"/>
        <line num="121" count="12" type="stmt"/>
        <line num="123" count="10" type="stmt"/>
        <line num="135" count="10" type="stmt"/>
        <line num="140" count="0" type="stmt"/>
        <line num="144" count="10" type="stmt"/>
        <line num="145" count="10" type="stmt"/>
        <line num="147" count="10" type="stmt"/>
        <line num="150" count="10" type="stmt"/>
        <line num="151" count="20" type="cond" truecount="2" falsecount="0"/>
        <line num="152" count="10" type="stmt"/>
        <line num="156" count="10" type="stmt"/>
        <line num="165" count="10" type="stmt"/>
        <line num="166" count="10" type="stmt"/>
        <line num="167" count="10" type="stmt"/>
        <line num="168" count="10" type="stmt"/>
        <line num="172" count="8" type="stmt"/>
        <line num="173" count="8" type="stmt"/>
        <line num="174" count="8" type="stmt"/>
        <line num="177" count="142" type="stmt"/>
        <line num="178" count="4" type="stmt"/>
        <line num="179" count="4" type="stmt"/>
        <line num="180" count="4" type="stmt"/>
        <line num="183" count="142" type="stmt"/>
        <line num="184" count="2" type="stmt"/>
        <line num="188" count="2" type="cond" truecount="1" falsecount="1"/>
        <line num="189" count="2" type="stmt"/>
        <line num="191" count="2" type="stmt"/>
        <line num="194" count="2" type="stmt"/>
        <line num="199" count="2" type="stmt"/>
        <line num="200" count="2" type="stmt"/>
        <line num="201" count="0" type="cond" truecount="0" falsecount="2"/>
        <line num="205" count="142" type="stmt"/>
        <line num="211" count="124" type="stmt"/>
        <line num="229" count="2" type="cond" truecount="1" falsecount="1"/>
        <line num="230" count="2" type="stmt"/>
        <line num="232" count="2" type="stmt"/>
        <line num="241" count="2" type="cond" truecount="1" falsecount="1"/>
        <line num="242" count="0" type="stmt"/>
        <line num="244" count="2" type="stmt"/>
        <line num="245" count="2" type="stmt"/>
        <line num="256" count="740" type="stmt"/>
        <line num="281" count="92" type="stmt"/>
        <line num="304" count="2" type="stmt"/>
        <line num="320" count="2" type="stmt"/>
        <line num="341" count="8" type="stmt"/>
      </file>
    </package>
    <package name="app.[locale].edit-profile">
      <metrics statements="97" coveredstatements="92" conditionals="36" coveredconditionals="35" methods="24" coveredmethods="22"/>
      <file name="page.tsx" path="/home/jay/Projects/Interlinked/app/[locale]/edit-profile/page.tsx">
        <metrics statements="97" coveredstatements="92" conditionals="36" coveredconditionals="35" methods="24" coveredmethods="22"/>
        <line num="38" count="2363" type="stmt"/>
        <line num="39" count="2359" type="stmt"/>
        <line num="40" count="2359" type="stmt"/>
        <line num="41" count="2359" type="stmt"/>
        <line num="42" count="2359" type="stmt"/>
        <line num="45" count="2359" type="stmt"/>
        <line num="46" count="2359" type="stmt"/>
        <line num="51" count="2359" type="stmt"/>
        <line num="52" count="20" type="cond" truecount="2" falsecount="0"/>
        <line num="53" count="16" type="stmt"/>
        <line num="56" count="4" type="stmt"/>
        <line num="57" count="4" type="stmt"/>
        <line num="59" count="4" type="stmt"/>
        <line num="63" count="2359" type="cond" truecount="2" falsecount="0"/>
        <line num="64" count="2359" type="stmt"/>
        <line num="66" count="2359" type="cond" truecount="2" falsecount="0"/>
        <line num="67" count="2359" type="stmt"/>
        <line num="69" count="2359" type="stmt"/>
        <line num="72" count="2359" type="stmt"/>
        <line num="75" count="2359" type="stmt"/>
        <line num="78" count="2359" type="stmt"/>
        <line num="81" count="2359" type="stmt"/>
        <line num="84" count="2359" type="stmt"/>
        <line num="86" count="2359" type="stmt"/>
        <line num="89" count="2359" type="stmt"/>
        <line num="92" count="2359" type="stmt"/>
        <line num="94" count="2359" type="stmt"/>
        <line num="97" count="2359" type="stmt"/>
        <line num="98" count="380" type="stmt"/>
        <line num="100" count="2359" type="stmt"/>
        <line num="103" count="2359" type="stmt"/>
        <line num="106" count="2359" type="stmt"/>
        <line num="109" count="2359" type="stmt"/>
        <line num="110" count="2359" type="cond" truecount="2" falsecount="0"/>
        <line num="111" count="2359" type="stmt"/>
        <line num="114" count="2359" type="stmt"/>
        <line num="117" count="2359" type="stmt"/>
        <line num="118" count="380" type="stmt"/>
        <line num="122" count="2359" type="stmt"/>
        <line num="125" count="2359" type="stmt"/>
        <line num="127" count="380" type="stmt"/>
        <line num="128" count="2359" type="stmt"/>
        <line num="131" count="2359" type="stmt"/>
        <line num="132" count="2359" type="stmt"/>
        <line num="133" count="190" type="stmt"/>
        <line num="137" count="2359" type="stmt"/>
        <line num="138" count="2359" type="stmt"/>
        <line num="139" count="190" type="stmt"/>
        <line num="143" count="2359" type="stmt"/>
        <line num="146" count="2359" type="stmt"/>
        <line num="147" count="380" type="stmt"/>
        <line num="151" count="2359" type="stmt"/>
        <line num="154" count="2359" type="stmt"/>
        <line num="155" count="380" type="stmt"/>
        <line num="159" count="2359" type="stmt"/>
        <line num="160" count="2359" type="stmt"/>
        <line num="161" count="190" type="stmt"/>
        <line num="165" count="2359" type="stmt"/>
        <line num="168" count="2359" type="stmt"/>
        <line num="170" count="190" type="stmt"/>
        <line num="175" count="2359" type="stmt"/>
        <line num="178" count="2359" type="stmt"/>
        <line num="179" count="380" type="stmt"/>
        <line num="183" count="2359" type="cond" truecount="4" falsecount="0"/>
        <line num="184" count="4" type="stmt"/>
        <line num="198" count="2355" type="stmt"/>
        <line num="203" count="3476" type="stmt"/>
        <line num="208" count="712" type="stmt"/>
        <line num="213" count="616" type="stmt"/>
        <line num="214" count="770" type="stmt"/>
        <line num="222" count="4" type="stmt"/>
        <line num="228" count="4" type="stmt"/>
        <line num="229" count="4" type="stmt"/>
        <line num="233" count="10" type="stmt"/>
        <line num="234" count="10" type="cond" truecount="1" falsecount="1"/>
        <line num="235" count="0" type="stmt"/>
        <line num="237" count="10" type="stmt"/>
        <line num="238" count="10" type="cond" truecount="2" falsecount="0"/>
        <line num="239" count="4" type="stmt"/>
        <line num="242" count="10" type="stmt"/>
        <line num="244" count="9" type="stmt"/>
        <line num="245" count="7" type="stmt"/>
        <line num="246" count="7" type="stmt"/>
        <line num="248" count="2" type="stmt"/>
        <line num="253" count="4" type="stmt"/>
        <line num="254" count="4" type="stmt"/>
        <line num="257" count="4" type="stmt"/>
        <line num="258" count="4" type="stmt"/>
        <line num="260" count="0" type="stmt"/>
        <line num="261" count="0" type="stmt"/>
        <line num="265" count="2355" type="cond" truecount="2" falsecount="0"/>
        <line num="266" count="4" type="stmt"/>
        <line num="331" count="2" type="stmt"/>
        <line num="337" count="0" type="stmt"/>
        <line num="345" count="2351" type="stmt"/>
        <line num="520" count="2" type="stmt"/>
        <line num="526" count="0" type="stmt"/>
      </file>
    </package>
    <package name="app.[locale].feed">
      <metrics statements="59" coveredstatements="55" conditionals="21" coveredconditionals="19" methods="16" coveredmethods="13"/>
      <file name="layout.tsx" path="/home/jay/Projects/Interlinked/app/[locale]/feed/layout.tsx">
        <metrics statements="3" coveredstatements="3" conditionals="0" coveredconditionals="0" methods="1" coveredmethods="1"/>
        <line num="5" count="4" type="stmt"/>
        <line num="6" count="4" type="stmt"/>
        <line num="7" count="4" type="stmt"/>
      </file>
      <file name="page.tsx" path="/home/jay/Projects/Interlinked/app/[locale]/feed/page.tsx">
        <metrics statements="56" coveredstatements="52" conditionals="21" coveredconditionals="19" methods="15" coveredmethods="12"/>
        <line num="26" count="27" type="stmt"/>
        <line num="27" count="23" type="stmt"/>
        <line num="28" count="23" type="stmt"/>
        <line num="29" count="23" type="stmt"/>
        <line num="30" count="23" type="stmt"/>
        <line num="31" count="23" type="stmt"/>
        <line num="32" count="23" type="stmt"/>
        <line num="33" count="23" type="stmt"/>
        <line num="34" count="23" type="stmt"/>
        <line num="35" count="23" type="stmt"/>
        <line num="36" count="23" type="stmt"/>
        <line num="37" count="23" type="stmt"/>
        <line num="39" count="23" type="stmt"/>
        <line num="40" count="4" type="cond" truecount="1" falsecount="1"/>
        <line num="41" count="4" type="stmt"/>
        <line num="44" count="4" type="stmt"/>
        <line num="46" count="4" type="stmt"/>
        <line num="47" count="4" type="stmt"/>
        <line num="50" count="0" type="stmt"/>
        <line num="55" count="0" type="stmt"/>
        <line num="57" count="4" type="stmt"/>
        <line num="60" count="23" type="cond" truecount="1" falsecount="0"/>
        <line num="61" count="20" type="cond" truecount="2" falsecount="0"/>
        <line num="62" count="2" type="stmt"/>
        <line num="64" count="18" type="stmt"/>
        <line num="65" count="18" type="cond" truecount="2" falsecount="0"/>
        <line num="67" count="8" type="stmt"/>
        <line num="68" count="8" type="stmt"/>
        <line num="69" count="8" type="stmt"/>
        <line num="71" count="18" type="stmt"/>
        <line num="72" count="18" type="stmt"/>
        <line num="73" count="28" type="cond" truecount="2" falsecount="0"/>
        <line num="75" count="8" type="stmt"/>
        <line num="77" count="8" type="stmt"/>
        <line num="85" count="28" type="stmt"/>
        <line num="104" count="28" type="stmt"/>
        <line num="105" count="27" type="stmt"/>
        <line num="106" count="6" type="stmt"/>
        <line num="108" count="27" type="stmt"/>
        <line num="110" count="27" type="cond" truecount="1" falsecount="1"/>
        <line num="111" count="0" type="stmt"/>
        <line num="116" count="17" type="cond" truecount="2" falsecount="0"/>
        <line num="118" count="12" type="stmt"/>
        <line num="119" count="11" type="cond" truecount="2" falsecount="0"/>
        <line num="120" count="6" type="stmt"/>
        <line num="122" count="11" type="stmt"/>
        <line num="124" count="5" type="stmt"/>
        <line num="127" count="23" type="cond" truecount="4" falsecount="0"/>
        <line num="130" count="4" type="stmt"/>
        <line num="147" count="19" type="stmt"/>
        <line num="156" count="8" type="stmt"/>
        <line num="162" count="8" type="stmt"/>
        <line num="186" count="4" type="stmt"/>
        <line num="187" count="3" type="stmt"/>
        <line num="188" count="3" type="stmt"/>
        <line num="191" count="0" type="stmt"/>
      </file>
    </package>
    <package name="app.[locale].job-feed">
      <metrics statements="44" coveredstatements="43" conditionals="12" coveredconditionals="8" methods="23" coveredmethods="23"/>
      <file name="layout.tsx" path="/home/jay/Projects/Interlinked/app/[locale]/job-feed/layout.tsx">
        <metrics statements="3" coveredstatements="3" conditionals="0" coveredconditionals="0" methods="1" coveredmethods="1"/>
        <line num="5" count="6" type="stmt"/>
        <line num="6" count="6" type="stmt"/>
        <line num="7" count="6" type="stmt"/>
      </file>
      <file name="page.tsx" path="/home/jay/Projects/Interlinked/app/[locale]/job-feed/page.tsx">
        <metrics statements="41" coveredstatements="40" conditionals="12" coveredconditionals="8" methods="22" coveredmethods="22"/>
        <line num="18" count="168" type="stmt"/>
        <line num="19" count="168" type="stmt"/>
        <line num="20" count="168" type="stmt"/>
        <line num="21" count="168" type="stmt"/>
        <line num="22" count="168" type="stmt"/>
        <line num="23" count="168" type="stmt"/>
        <line num="24" count="168" type="stmt"/>
        <line num="25" count="168" type="stmt"/>
        <line num="26" count="168" type="stmt"/>
        <line num="27" count="168" type="stmt"/>
        <line num="28" count="168" type="stmt"/>
        <line num="29" count="168" type="stmt"/>
        <line num="37" count="168" type="stmt"/>
        <line num="39" count="6" type="stmt"/>
        <line num="40" count="6" type="stmt"/>
        <line num="41" count="6" type="stmt"/>
        <line num="42" count="6" type="stmt"/>
        <line num="43" count="42" type="cond" truecount="2" falsecount="0"/>
        <line num="44" count="18" type="stmt"/>
        <line num="48" count="6" type="stmt"/>
        <line num="51" count="168" type="stmt"/>
        <line num="52" count="12" type="stmt"/>
        <line num="53" count="18" type="stmt"/>
        <line num="60" count="18" type="stmt"/>
        <line num="61" count="42" type="stmt"/>
        <line num="65" count="12" type="stmt"/>
        <line num="68" count="168" type="stmt"/>
        <line num="69" count="80" type="stmt"/>
        <line num="70" count="80" type="stmt"/>
        <line num="72" count="476" type="stmt"/>
        <line num="81" count="164" type="stmt"/>
        <line num="83" count="80" type="stmt"/>
        <line num="86" count="168" type="cond" truecount="2" falsecount="0"/>
        <line num="87" count="6" type="stmt"/>
        <line num="90" count="162" type="cond" truecount="3" falsecount="1"/>
        <line num="93" count="0" type="stmt"/>
        <line num="110" count="162" type="stmt"/>
        <line num="122" count="4" type="stmt"/>
        <line num="130" count="4" type="stmt"/>
        <line num="138" count="4" type="stmt"/>
        <line num="145" count="300" type="stmt"/>
      </file>
    </package>
    <package name="app.[locale].login">
      <metrics statements="23" coveredstatements="20" conditionals="2" coveredconditionals="2" methods="6" coveredmethods="5"/>
      <file name="page.tsx" path="/home/jay/Projects/Interlinked/app/[locale]/login/page.tsx">
        <metrics statements="23" coveredstatements="20" conditionals="2" coveredconditionals="2" methods="6" coveredmethods="5"/>
        <line num="14" count="1117" type="stmt"/>
        <line num="15" count="1117" type="stmt"/>
        <line num="16" count="1117" type="stmt"/>
        <line num="18" count="1117" type="stmt"/>
        <line num="19" count="1117" type="stmt"/>
        <line num="20" count="1117" type="stmt"/>
        <line num="21" count="1117" type="stmt"/>
        <line num="23" count="1117" type="stmt"/>
        <line num="24" count="70" type="cond" truecount="2" falsecount="0"/>
        <line num="25" count="34" type="stmt"/>
        <line num="30" count="36" type="stmt"/>
        <line num="32" count="36" type="stmt"/>
        <line num="33" count="36" type="stmt"/>
        <line num="34" count="36" type="stmt"/>
        <line num="36" count="1" type="stmt"/>
        <line num="37" count="1" type="stmt"/>
        <line num="40" count="35" type="stmt"/>
        <line num="43" count="1117" type="stmt"/>
        <line num="62" count="790" type="stmt"/>
        <line num="77" count="220" type="stmt"/>
        <line num="100" count="0" type="stmt"/>
        <line num="101" count="0" type="stmt"/>
        <line num="102" count="0" type="stmt"/>
      </file>
    </package>
    <package name="app.[locale].manage-jobs">
      <metrics statements="29" coveredstatements="28" conditionals="12" coveredconditionals="9" methods="8" coveredmethods="8"/>
      <file name="layout.tsx" path="/home/jay/Projects/Interlinked/app/[locale]/manage-jobs/layout.tsx">
        <metrics statements="3" coveredstatements="3" conditionals="0" coveredconditionals="0" methods="1" coveredmethods="1"/>
        <line num="5" count="12" type="stmt"/>
        <line num="6" count="16" type="stmt"/>
        <line num="7" count="16" type="stmt"/>
      </file>
      <file name="page.tsx" path="/home/jay/Projects/Interlinked/app/[locale]/manage-jobs/page.tsx">
        <metrics statements="26" coveredstatements="25" conditionals="12" coveredconditionals="9" methods="7" coveredmethods="7"/>
        <line num="18" count="46" type="stmt"/>
        <line num="19" count="46" type="stmt"/>
        <line num="20" count="46" type="stmt"/>
        <line num="21" count="46" type="stmt"/>
        <line num="22" count="46" type="stmt"/>
        <line num="24" count="46" type="stmt"/>
        <line num="25" count="12" type="cond" truecount="3" falsecount="1"/>
        <line num="26" count="12" type="stmt"/>
        <line num="27" count="12" type="stmt"/>
        <line num="28" count="12" type="stmt"/>
        <line num="31" count="12" type="stmt"/>
        <line num="34" count="46" type="stmt"/>
        <line num="35" count="12" type="stmt"/>
        <line num="36" count="12" type="stmt"/>
        <line num="42" count="12" type="stmt"/>
        <line num="43" count="12" type="stmt"/>
        <line num="44" count="22" type="stmt"/>
        <line num="46" count="12" type="stmt"/>
        <line num="49" count="46" type="cond" truecount="2" falsecount="0"/>
        <line num="51" count="12" type="stmt"/>
        <line num="54" count="34" type="cond" truecount="1" falsecount="1"/>
        <line num="56" count="0" type="stmt"/>
        <line num="73" count="34" type="cond" truecount="1" falsecount="1"/>
        <line num="77" count="34" type="stmt"/>
        <line num="89" count="4" type="stmt"/>
        <line num="97" count="24" type="stmt"/>
      </file>
    </package>
    <package name="app.[locale].manage-jobs.[jid]">
      <metrics statements="25" coveredstatements="23" conditionals="17" coveredconditionals="11" methods="7" coveredmethods="7"/>
      <file name="layout.tsx" path="/home/jay/Projects/Interlinked/app/[locale]/manage-jobs/[jid]/layout.tsx">
        <metrics statements="3" coveredstatements="3" conditionals="0" coveredconditionals="0" methods="1" coveredmethods="1"/>
        <line num="5" count="4" type="stmt"/>
        <line num="6" count="4" type="stmt"/>
        <line num="7" count="4" type="stmt"/>
      </file>
      <file name="page.tsx" path="/home/jay/Projects/Interlinked/app/[locale]/manage-jobs/[jid]/page.tsx">
        <metrics statements="22" coveredstatements="20" conditionals="17" coveredconditionals="11" methods="6" coveredmethods="6"/>
        <line num="17" count="8" type="stmt"/>
        <line num="18" count="8" type="stmt"/>
        <line num="19" count="8" type="stmt"/>
        <line num="20" count="8" type="stmt"/>
        <line num="21" count="8" type="stmt"/>
        <line num="23" count="8" type="stmt"/>
        <line num="24" count="4" type="stmt"/>
        <line num="25" count="4" type="stmt"/>
        <line num="33" count="4" type="stmt"/>
        <line num="35" count="4" type="stmt"/>
        <line num="36" count="4" type="stmt"/>
        <line num="37" count="4" type="stmt"/>
        <line num="41" count="8" type="cond" truecount="2" falsecount="0"/>
        <line num="43" count="4" type="cond" truecount="2" falsecount="2"/>
        <line num="46" count="0" type="stmt"/>
        <line num="63" count="4" type="cond" truecount="1" falsecount="1"/>
        <line num="64" count="0" type="stmt"/>
        <line num="71" count="4" type="cond" truecount="5" falsecount="0"/>
        <line num="72" count="2" type="stmt"/>
        <line num="79" count="2" type="stmt"/>
        <line num="82" count="4" type="stmt"/>
        <line num="116" count="8" type="stmt"/>
      </file>
    </package>
    <package name="app.[locale].notifications">
      <metrics statements="26" coveredstatements="24" conditionals="10" coveredconditionals="8" methods="10" coveredmethods="10"/>
      <file name="page.tsx" path="/home/jay/Projects/Interlinked/app/[locale]/notifications/page.tsx">
        <metrics statements="26" coveredstatements="24" conditionals="10" coveredconditionals="8" methods="10" coveredmethods="10"/>
        <line num="21" count="18" type="stmt"/>
        <line num="22" count="18" type="stmt"/>
        <line num="23" count="18" type="stmt"/>
        <line num="24" count="18" type="stmt"/>
        <line num="25" count="18" type="stmt"/>
        <line num="26" count="18" type="stmt"/>
        <line num="28" count="18" type="stmt"/>
        <line num="30" count="6" type="cond" truecount="3" falsecount="1"/>
        <line num="31" count="0" type="stmt"/>
        <line num="32" count="0" type="stmt"/>
        <line num="37" count="6" type="stmt"/>
        <line num="45" count="14" type="stmt"/>
        <line num="49" count="6" type="cond" truecount="1" falsecount="1"/>
        <line num="50" count="6" type="stmt"/>
        <line num="51" count="6" type="stmt"/>
        <line num="52" count="6" type="stmt"/>
        <line num="57" count="18" type="cond" truecount="2" falsecount="0"/>
        <line num="58" count="6" type="stmt"/>
        <line num="63" count="2" type="stmt"/>
        <line num="66" count="2" type="stmt"/>
        <line num="67" count="2" type="stmt"/>
        <line num="68" count="4" type="stmt"/>
        <line num="77" count="2" type="stmt"/>
        <line num="78" count="4" type="stmt"/>
        <line num="85" count="12" type="stmt"/>
        <line num="94" count="2" type="stmt"/>
      </file>
    </package>
    <package name="app.[locale].profile">
      <metrics statements="7" coveredstatements="5" conditionals="4" coveredconditionals="2" methods="1" coveredmethods="1"/>
      <file name="page.tsx" path="/home/jay/Projects/Interlinked/app/[locale]/profile/page.tsx">
        <metrics statements="7" coveredstatements="5" conditionals="4" coveredconditionals="2" methods="1" coveredmethods="1"/>
        <line num="27" count="16" type="stmt"/>
        <line num="28" count="16" type="stmt"/>
        <line num="31" count="16" type="cond" truecount="1" falsecount="1"/>
        <line num="32" count="0" type="stmt"/>
        <line num="46" count="16" type="cond" truecount="1" falsecount="1"/>
        <line num="47" count="0" type="stmt"/>
        <line num="66" count="16" type="stmt"/>
      </file>
    </package>
    <package name="app.[locale].profile.[uid]">
      <metrics statements="20" coveredstatements="16" conditionals="16" coveredconditionals="11" methods="5" coveredmethods="4"/>
      <file name="page.tsx" path="/home/jay/Projects/Interlinked/app/[locale]/profile/[uid]/page.tsx">
        <metrics statements="20" coveredstatements="16" conditionals="16" coveredconditionals="11" methods="5" coveredmethods="4"/>
        <line num="28" count="12" type="stmt"/>
        <line num="29" count="12" type="stmt"/>
        <line num="30" count="12" type="stmt"/>
        <line num="31" count="12" type="stmt"/>
        <line num="33" count="12" type="stmt"/>
        <line num="35" count="6" type="stmt"/>
        <line num="36" count="6" type="stmt"/>
        <line num="39" count="6" type="stmt"/>
        <line num="40" count="6" type="stmt"/>
        <line num="41" count="6" type="stmt"/>
        <line num="45" count="12" type="cond" truecount="2" falsecount="0"/>
        <line num="46" count="6" type="stmt"/>
        <line num="49" count="6" type="cond" truecount="4" falsecount="1"/>
        <line num="50" count="0" type="stmt"/>
        <line num="54" count="6" type="cond" truecount="1" falsecount="1"/>
        <line num="57" count="0" type="stmt"/>
        <line num="61" count="0" type="stmt"/>
        <line num="72" count="6" type="cond" truecount="1" falsecount="1"/>
        <line num="73" count="0" type="stmt"/>
        <line num="91" count="6" type="stmt"/>
      </file>
    </package>
    <package name="app.[locale].profile.[uid].links">
      <metrics statements="40" coveredstatements="37" conditionals="22" coveredconditionals="19" methods="11" coveredmethods="8"/>
      <file name="page.tsx" path="/home/jay/Projects/Interlinked/app/[locale]/profile/[uid]/links/page.tsx">
        <metrics statements="40" coveredstatements="37" conditionals="22" coveredconditionals="19" methods="11" coveredmethods="8"/>
        <line num="21" count="21" type="stmt"/>
        <line num="22" count="21" type="stmt"/>
        <line num="23" count="21" type="stmt"/>
        <line num="24" count="21" type="cond" truecount="2" falsecount="0"/>
        <line num="25" count="21" type="stmt"/>
        <line num="26" count="21" type="stmt"/>
        <line num="32" count="21" type="stmt"/>
        <line num="33" count="21" type="stmt"/>
        <line num="34" count="21" type="stmt"/>
        <line num="35" count="21" type="stmt"/>
        <line num="37" count="21" type="stmt"/>
        <line num="38" count="6" type="stmt"/>
        <line num="39" count="5" type="cond" truecount="1" falsecount="1"/>
        <line num="40" count="5" type="stmt"/>
        <line num="41" count="5" type="stmt"/>
        <line num="45" count="21" type="stmt"/>
        <line num="46" count="5" type="stmt"/>
        <line num="47" count="5" type="stmt"/>
        <line num="48" count="5" type="stmt"/>
        <line num="49" count="5" type="stmt"/>
        <line num="53" count="9" type="stmt"/>
        <line num="54" count="8" type="stmt"/>
        <line num="55" count="8" type="stmt"/>
        <line num="57" count="4" type="cond" truecount="1" falsecount="1"/>
        <line num="58" count="4" type="stmt"/>
        <line num="61" count="0" type="stmt"/>
        <line num="63" count="4" type="stmt"/>
        <line num="66" count="21" type="stmt"/>
        <line num="67" count="6" type="cond" truecount="3" falsecount="1"/>
        <line num="68" count="6" type="stmt"/>
        <line num="69" count="5" type="stmt"/>
        <line num="70" count="5" type="stmt"/>
        <line num="71" count="4" type="stmt"/>
        <line num="75" count="6" type="stmt"/>
        <line num="78" count="21" type="cond" truecount="4" falsecount="0"/>
        <line num="81" count="6" type="stmt"/>
        <line num="100" count="15" type="stmt"/>
        <line num="109" count="8" type="stmt"/>
        <line num="156" count="0" type="stmt"/>
        <line num="157" count="0" type="stmt"/>
      </file>
    </package>
    <package name="app.[locale].register">
      <metrics statements="28" coveredstatements="26" conditionals="4" coveredconditionals="4" methods="10" coveredmethods="9"/>
      <file name="page.tsx" path="/home/jay/Projects/Interlinked/app/[locale]/register/page.tsx">
        <metrics statements="28" coveredstatements="26" conditionals="4" coveredconditionals="4" methods="10" coveredmethods="9"/>
        <line num="15" count="224" type="stmt"/>
        <line num="16" count="224" type="stmt"/>
        <line num="17" count="224" type="stmt"/>
        <line num="18" count="224" type="stmt"/>
        <line num="19" count="224" type="stmt"/>
        <line num="21" count="224" type="stmt"/>
        <line num="22" count="224" type="stmt"/>
        <line num="23" count="224" type="stmt"/>
        <line num="24" count="224" type="stmt"/>
        <line num="27" count="224" type="stmt"/>
        <line num="28" count="8" type="cond" truecount="2" falsecount="0"/>
        <line num="29" count="4" type="stmt"/>
        <line num="34" count="6" type="stmt"/>
        <line num="36" count="6" type="cond" truecount="2" falsecount="0"/>
        <line num="37" count="2" type="stmt"/>
        <line num="40" count="4" type="stmt"/>
        <line num="41" count="4" type="stmt"/>
        <line num="42" count="4" type="stmt"/>
        <line num="43" count="4" type="stmt"/>
        <line num="45" count="0" type="stmt"/>
        <line num="48" count="4" type="stmt"/>
        <line num="51" count="224" type="stmt"/>
        <line num="70" count="130" type="stmt"/>
        <line num="83" count="38" type="stmt"/>
        <line num="96" count="40" type="stmt"/>
        <line num="107" count="2" type="stmt"/>
        <line num="116" count="6" type="stmt"/>
        <line num="125" count="0" type="stmt"/>
      </file>
    </package>
    <package name="components.Buttons">
      <metrics statements="3" coveredstatements="3" conditionals="2" coveredconditionals="2" methods="1" coveredmethods="1"/>
      <file name="Button.tsx" path="/home/jay/Projects/Interlinked/components/Buttons/Button.tsx">
        <metrics statements="3" coveredstatements="3" conditionals="2" coveredconditionals="2" methods="1" coveredmethods="1"/>
        <line num="8" count="45823" type="cond" truecount="2" falsecount="0"/>
        <line num="9" count="2419" type="stmt"/>
        <line num="19" count="43404" type="stmt"/>
      </file>
    </package>
    <package name="components.Buttons.DeleteButton">
      <metrics statements="1" coveredstatements="1" conditionals="1" coveredconditionals="1" methods="1" coveredmethods="1"/>
      <file name="DeleteButton.tsx" path="/home/jay/Projects/Interlinked/components/Buttons/DeleteButton/DeleteButton.tsx">
        <metrics statements="1" coveredstatements="1" conditionals="1" coveredconditionals="1" methods="1" coveredmethods="1"/>
        <line num="12" count="13646" type="stmt"/>
      </file>
    </package>
    <package name="components.Buttons.EditButton">
      <metrics statements="1" coveredstatements="1" conditionals="0" coveredconditionals="0" methods="1" coveredmethods="1"/>
      <file name="EditButton.tsx" path="/home/jay/Projects/Interlinked/components/Buttons/EditButton/EditButton.tsx">
        <metrics statements="1" coveredstatements="1" conditionals="0" coveredconditionals="0" methods="1" coveredmethods="1"/>
        <line num="5" count="24956" type="stmt"/>
      </file>
    </package>
    <package name="components.Buttons.FileButton">
      <metrics statements="1" coveredstatements="1" conditionals="0" coveredconditionals="0" methods="1" coveredmethods="1"/>
      <file name="FileButton.tsx" path="/home/jay/Projects/Interlinked/components/Buttons/FileButton/FileButton.tsx">
        <metrics statements="1" coveredstatements="1" conditionals="0" coveredconditionals="0" methods="1" coveredmethods="1"/>
        <line num="11" count="98" type="stmt"/>
      </file>
    </package>
    <package name="components.Buttons.GoogleButton">
      <metrics statements="1" coveredstatements="1" conditionals="0" coveredconditionals="0" methods="1" coveredmethods="1"/>
      <file name="GoogleButton.tsx" path="/home/jay/Projects/Interlinked/components/Buttons/GoogleButton/GoogleButton.tsx">
        <metrics statements="1" coveredstatements="1" conditionals="0" coveredconditionals="0" methods="1" coveredmethods="1"/>
        <line num="5" count="1341" type="stmt"/>
      </file>
    </package>
    <package name="components.Buttons.LinkButton">
      <metrics statements="37" coveredstatements="23" conditionals="37" coveredconditionals="20" methods="20" coveredmethods="10"/>
      <file name="LinkButton.tsx" path="/home/jay/Projects/Interlinked/components/Buttons/LinkButton/LinkButton.tsx">
        <metrics statements="21" coveredstatements="15" conditionals="18" coveredconditionals="12" methods="11" coveredmethods="7"/>
        <line num="19" count="10" type="stmt"/>
        <line num="21" count="10" type="stmt"/>
        <line num="23" count="10" type="stmt"/>
        <line num="24" count="10" type="cond" truecount="1" falsecount="1"/>
        <line num="27" count="10" type="stmt"/>
        <line num="28" count="6" type="stmt"/>
        <line num="37" count="6" type="cond" truecount="2" falsecount="0"/>
        <line num="38" count="2" type="stmt"/>
        <line num="43" count="10" type="cond" truecount="4" falsecount="0"/>
        <line num="48" count="2" type="cond" truecount="1" falsecount="1"/>
        <line num="50" count="2" type="stmt"/>
        <line num="52" count="2" type="stmt"/>
        <line num="59" count="2" type="stmt"/>
        <line num="60" count="2" type="stmt"/>
        <line num="64" count="0" type="cond" truecount="0" falsecount="2"/>
        <line num="65" count="0" type="cond" truecount="0" falsecount="2"/>
        <line num="66" count="0" type="stmt"/>
        <line num="68" count="0" type="stmt"/>
        <line num="74" count="6" type="stmt"/>
        <line num="84" count="0" type="stmt"/>
        <line num="86" count="0" type="stmt"/>
      </file>
      <file name="LinkButtonNoNumber.tsx" path="/home/jay/Projects/Interlinked/components/Buttons/LinkButton/LinkButtonNoNumber.tsx">
        <metrics statements="12" coveredstatements="6" conditionals="15" coveredconditionals="4" methods="7" coveredmethods="2"/>
        <line num="9" count="10" type="stmt"/>
        <line num="16" count="28" type="stmt"/>
        <line num="17" count="28" type="stmt"/>
        <line num="18" count="28" type="stmt"/>
        <line num="19" count="28" type="stmt"/>
        <line num="25" count="0" type="stmt"/>
        <line num="26" count="0" type="cond" truecount="0" falsecount="5"/>
        <line num="28" count="0" type="stmt"/>
        <line num="37" count="0" type="cond" truecount="0" falsecount="5"/>
        <line num="39" count="0" type="stmt"/>
        <line num="41" count="0" type="stmt"/>
        <line num="45" count="12" type="stmt"/>
      </file>
      <file name="Unlink.ts" path="/home/jay/Projects/Interlinked/components/Buttons/LinkButton/Unlink.ts">
        <metrics statements="2" coveredstatements="0" conditionals="0" coveredconditionals="0" methods="1" coveredmethods="0"/>
        <line num="6" count="0" type="stmt"/>
        <line num="11" count="0" type="stmt"/>
      </file>
      <file name="ViewLinkButton.tsx" path="/home/jay/Projects/Interlinked/components/Buttons/LinkButton/ViewLinkButton.tsx">
        <metrics statements="2" coveredstatements="2" conditionals="4" coveredconditionals="4" methods="1" coveredmethods="1"/>
        <line num="13" count="2363" type="stmt"/>
        <line num="14" count="2363" type="stmt"/>
      </file>
    </package>
    <package name="components.Buttons.NotificationDeleteButton">
      <metrics statements="6" coveredstatements="6" conditionals="0" coveredconditionals="0" methods="4" coveredmethods="4"/>
      <file name="NotificationDeleteButton.tsx" path="/home/jay/Projects/Interlinked/components/Buttons/NotificationDeleteButton/NotificationDeleteButton.tsx">
        <metrics statements="6" coveredstatements="6" conditionals="0" coveredconditionals="0" methods="4" coveredmethods="4"/>
        <line num="14" count="22" type="stmt"/>
        <line num="15" count="22" type="stmt"/>
        <line num="20" count="2" type="stmt"/>
        <line num="21" count="2" type="stmt"/>
        <line num="22" count="2" type="stmt"/>
        <line num="23" count="6" type="stmt"/>
      </file>
    </package>
    <package name="components.Buttons.PostButton">
      <metrics statements="2" coveredstatements="2" conditionals="0" coveredconditionals="0" methods="1" coveredmethods="1"/>
      <file name="PostButton.tsx" path="/home/jay/Projects/Interlinked/components/Buttons/PostButton/PostButton.tsx">
        <metrics statements="2" coveredstatements="2" conditionals="0" coveredconditionals="0" methods="1" coveredmethods="1"/>
        <line num="5" count="59" type="stmt"/>
        <line num="6" count="59" type="stmt"/>
      </file>
    </package>
    <package name="components.Buttons.UploadMediaButton">
      <metrics statements="2" coveredstatements="2" conditionals="0" coveredconditionals="0" methods="1" coveredmethods="1"/>
      <file name="UploadMediaButton.tsx" path="/home/jay/Projects/Interlinked/components/Buttons/UploadMediaButton/UploadMediaButton.tsx">
        <metrics statements="2" coveredstatements="2" conditionals="0" coveredconditionals="0" methods="1" coveredmethods="1"/>
        <line num="5" count="45" type="stmt"/>
        <line num="6" count="45" type="stmt"/>
      </file>
    </package>
    <package name="components.Card">
      <metrics statements="11" coveredstatements="11" conditionals="10" coveredconditionals="9" methods="4" coveredmethods="4"/>
      <file name="Card.tsx" path="/home/jay/Projects/Interlinked/components/Card/Card.tsx">
        <metrics statements="2" coveredstatements="2" conditionals="0" coveredconditionals="0" methods="1" coveredmethods="1"/>
        <line num="5" count="60" type="stmt"/>
        <line num="6" count="1184" type="stmt"/>
      </file>
      <file name="CardGrid.tsx" path="/home/jay/Projects/Interlinked/components/Card/CardGrid.tsx">
        <metrics statements="2" coveredstatements="2" conditionals="1" coveredconditionals="0" methods="1" coveredmethods="1"/>
        <line num="3" count="18" type="stmt"/>
        <line num="12" count="342" type="stmt"/>
      </file>
      <file name="FullPostCard.tsx" path="/home/jay/Projects/Interlinked/components/Card/FullPostCard.tsx">
        <metrics statements="7" coveredstatements="7" conditionals="9" coveredconditionals="9" methods="2" coveredmethods="2"/>
        <line num="14" count="6" type="stmt"/>
        <line num="31" count="12" type="stmt"/>
        <line num="32" count="12" type="stmt"/>
        <line num="33" count="12" type="stmt"/>
        <line num="35" count="12" type="stmt"/>
        <line num="37" count="12" type="stmt"/>
        <line num="111" count="8" type="stmt"/>
      </file>
    </package>
    <package name="components.Comment">
      <metrics statements="14" coveredstatements="14" conditionals="12" coveredconditionals="6" methods="5" coveredmethods="5"/>
      <file name="AddComment.tsx" path="/home/jay/Projects/Interlinked/components/Comment/AddComment.tsx">
        <metrics statements="10" coveredstatements="10" conditionals="6" coveredconditionals="3" methods="3" coveredmethods="3"/>
        <line num="19" count="6" type="stmt"/>
        <line num="36" count="34" type="stmt"/>
        <line num="38" count="34" type="stmt"/>
        <line num="39" count="2" type="cond" truecount="1" falsecount="1"/>
        <line num="40" count="2" type="stmt"/>
        <line num="47" count="2" type="stmt"/>
        <line num="56" count="2" type="stmt"/>
        <line num="57" count="2" type="cond" truecount="1" falsecount="1"/>
        <line num="60" count="34" type="stmt"/>
        <line num="74" count="22" type="stmt"/>
      </file>
      <file name="CommentBody.tsx" path="/home/jay/Projects/Interlinked/components/Comment/CommentBody.tsx">
        <metrics statements="2" coveredstatements="2" conditionals="2" coveredconditionals="1" methods="1" coveredmethods="1"/>
        <line num="3" count="6" type="stmt"/>
        <line num="11" count="8" type="stmt"/>
      </file>
      <file name="CommentHeader.tsx" path="/home/jay/Projects/Interlinked/components/Comment/CommentHeader.tsx">
        <metrics statements="2" coveredstatements="2" conditionals="4" coveredconditionals="2" methods="1" coveredmethods="1"/>
        <line num="6" count="6" type="stmt"/>
        <line num="13" count="8" type="stmt"/>
      </file>
    </package>
    <package name="components.CreatePostGroup">
      <metrics statements="43" coveredstatements="38" conditionals="14" coveredconditionals="10" methods="18" coveredmethods="17"/>
      <file name="CreatePostGroup.tsx" path="/home/jay/Projects/Interlinked/components/CreatePostGroup/CreatePostGroup.tsx">
        <metrics statements="43" coveredstatements="38" conditionals="14" coveredconditionals="10" methods="18" coveredmethods="17"/>
        <line num="20" count="43" type="stmt"/>
        <line num="21" count="39" type="stmt"/>
        <line num="22" count="39" type="stmt"/>
        <line num="23" count="39" type="stmt"/>
        <line num="24" count="39" type="stmt"/>
        <line num="25" count="39" type="stmt"/>
        <line num="27" count="39" type="stmt"/>
        <line num="28" count="2" type="cond" truecount="2" falsecount="2"/>
        <line num="29" count="0" type="stmt"/>
        <line num="30" count="0" type="stmt"/>
        <line num="33" count="2" type="stmt"/>
        <line num="36" count="39" type="stmt"/>
        <line num="37" count="2" type="stmt"/>
        <line num="38" count="2" type="stmt"/>
        <line num="39" count="4" type="cond" truecount="2" falsecount="0"/>
        <line num="44" count="39" type="stmt"/>
        <line num="45" count="12" type="stmt"/>
        <line num="48" count="39" type="stmt"/>
        <line num="49" count="2" type="stmt"/>
        <line num="61" count="2" type="stmt"/>
        <line num="64" count="2" type="stmt"/>
        <line num="65" count="2" type="stmt"/>
        <line num="69" count="2" type="stmt"/>
        <line num="70" count="2" type="stmt"/>
        <line num="74" count="2" type="stmt"/>
        <line num="76" count="2" type="stmt"/>
        <line num="78" count="2" type="stmt"/>
        <line num="82" count="0" type="stmt"/>
        <line num="85" count="2" type="stmt"/>
        <line num="86" count="2" type="stmt"/>
        <line num="92" count="39" type="stmt"/>
        <line num="93" count="8" type="cond" truecount="4" falsecount="0"/>
        <line num="94" count="2" type="stmt"/>
        <line num="95" count="2" type="stmt"/>
        <line num="96" count="2" type="stmt"/>
        <line num="101" count="2" type="stmt"/>
        <line num="102" count="2" type="cond" truecount="1" falsecount="1"/>
        <line num="103" count="2" type="stmt"/>
        <line num="104" count="2" type="stmt"/>
        <line num="105" count="2" type="stmt"/>
        <line num="108" count="0" type="stmt"/>
        <line num="111" count="0" type="stmt"/>
        <line num="115" count="39" type="stmt"/>
      </file>
    </package>
    <package name="components.CreatePostGroup.CreatePost">
      <metrics statements="12" coveredstatements="12" conditionals="8" coveredconditionals="5" methods="5" coveredmethods="5"/>
      <file name="CreatePost.tsx" path="/home/jay/Projects/Interlinked/components/CreatePostGroup/CreatePost/CreatePost.tsx">
        <metrics statements="12" coveredstatements="12" conditionals="8" coveredconditionals="5" methods="5" coveredmethods="5"/>
        <line num="14" count="63" type="stmt"/>
        <line num="15" count="63" type="stmt"/>
        <line num="16" count="63" type="stmt"/>
        <line num="17" count="63" type="stmt"/>
        <line num="19" count="63" type="stmt"/>
        <line num="20" count="2" type="stmt"/>
        <line num="21" count="2" type="stmt"/>
        <line num="22" count="2" type="stmt"/>
        <line num="25" count="63" type="stmt"/>
        <line num="65" count="63" type="stmt"/>
        <line num="77" count="63" type="stmt"/>
        <line num="94" count="30" type="stmt"/>
      </file>
    </package>
    <package name="components.CreatePostGroup.PreviewAttachement">
      <metrics statements="35" coveredstatements="33" conditionals="16" coveredconditionals="12" methods="15" coveredmethods="14"/>
      <file name="PreviewAttachement.tsx" path="/home/jay/Projects/Interlinked/components/CreatePostGroup/PreviewAttachement/PreviewAttachement.tsx">
        <metrics statements="35" coveredstatements="33" conditionals="16" coveredconditionals="12" methods="15" coveredmethods="14"/>
        <line num="13" count="45" type="stmt"/>
        <line num="14" count="45" type="stmt"/>
        <line num="15" count="45" type="stmt"/>
        <line num="16" count="45" type="stmt"/>
        <line num="18" count="45" type="stmt"/>
        <line num="19" count="12" type="stmt"/>
        <line num="22" count="45" type="stmt"/>
        <line num="23" count="6" type="cond" truecount="2" falsecount="0"/>
        <line num="24" count="2" type="stmt"/>
        <line num="25" count="2" type="stmt"/>
        <line num="29" count="45" type="stmt"/>
        <line num="30" count="4" type="cond" truecount="3" falsecount="1"/>
        <line num="31" count="4" type="stmt"/>
        <line num="32" count="4" type="cond" truecount="1" falsecount="1"/>
        <line num="33" count="4" type="stmt"/>
        <line num="35" count="4" type="cond" truecount="1" falsecount="1"/>
        <line num="36" count="0" type="stmt"/>
        <line num="44" count="4" type="stmt"/>
        <line num="45" count="4" type="stmt"/>
        <line num="55" count="45" type="stmt"/>
        <line num="58" count="45" type="stmt"/>
        <line num="59" count="0" type="stmt"/>
        <line num="62" count="45" type="stmt"/>
        <line num="63" count="2" type="cond" truecount="1" falsecount="1"/>
        <line num="64" count="2" type="stmt"/>
        <line num="65" count="4" type="stmt"/>
        <line num="68" count="2" type="stmt"/>
        <line num="69" count="2" type="stmt"/>
        <line num="70" count="4" type="cond" truecount="2" falsecount="0"/>
        <line num="74" count="2" type="stmt"/>
        <line num="75" count="2" type="stmt"/>
        <line num="79" count="45" type="stmt"/>
        <line num="87" count="22" type="stmt"/>
        <line num="92" count="2" type="stmt"/>
        <line num="117" count="4" type="stmt"/>
      </file>
    </package>
    <package name="components.DM">
      <metrics statements="62" coveredstatements="56" conditionals="36" coveredconditionals="30" methods="15" coveredmethods="15"/>
      <file name="ChatroomCard.tsx" path="/home/jay/Projects/Interlinked/components/DM/ChatroomCard.tsx">
        <metrics statements="13" coveredstatements="13" conditionals="4" coveredconditionals="4" methods="6" coveredmethods="6"/>
        <line num="12" count="8" type="stmt"/>
        <line num="13" count="8" type="stmt"/>
        <line num="14" count="8" type="stmt"/>
        <line num="15" count="8" type="stmt"/>
        <line num="16" count="16" type="cond" truecount="2" falsecount="0"/>
        <line num="17" count="8" type="stmt"/>
        <line num="21" count="8" type="stmt"/>
        <line num="22" count="4" type="stmt"/>
        <line num="23" count="4" type="stmt"/>
        <line num="27" count="8" type="stmt"/>
        <line num="28" count="8" type="stmt"/>
        <line num="30" count="8" type="stmt"/>
        <line num="35" count="8" type="stmt"/>
      </file>
      <file name="ChatroomCardHeader.tsx" path="/home/jay/Projects/Interlinked/components/DM/ChatroomCardHeader.tsx">
        <metrics statements="1" coveredstatements="1" conditionals="0" coveredconditionals="0" methods="1" coveredmethods="1"/>
        <line num="12" count="4" type="stmt"/>
      </file>
      <file name="CreateChatModal.tsx" path="/home/jay/Projects/Interlinked/components/DM/CreateChatModal.tsx">
        <metrics statements="30" coveredstatements="26" conditionals="11" coveredconditionals="7" methods="5" coveredmethods="5"/>
        <line num="23" count="50" type="stmt"/>
        <line num="24" count="50" type="stmt"/>
        <line num="25" count="50" type="stmt"/>
        <line num="26" count="50" type="stmt"/>
        <line num="27" count="50" type="stmt"/>
        <line num="29" count="50" type="stmt"/>
        <line num="30" count="2" type="stmt"/>
        <line num="32" count="2" type="stmt"/>
        <line num="42" count="2" type="stmt"/>
        <line num="51" count="2" type="stmt"/>
        <line num="52" count="2" type="stmt"/>
        <line num="53" count="2" type="cond" truecount="1" falsecount="1"/>
        <line num="58" count="2" type="stmt"/>
        <line num="62" count="2" type="cond" truecount="1" falsecount="1"/>
        <line num="64" count="2" type="stmt"/>
        <line num="71" count="0" type="stmt"/>
        <line num="79" count="0" type="stmt"/>
        <line num="80" count="0" type="stmt"/>
        <line num="82" count="2" type="stmt"/>
        <line num="85" count="50" type="stmt"/>
        <line num="86" count="2" type="stmt"/>
        <line num="87" count="2" type="cond" truecount="1" falsecount="1"/>
        <line num="88" count="2" type="stmt"/>
        <line num="90" count="2" type="stmt"/>
        <line num="98" count="2" type="stmt"/>
        <line num="99" count="2" type="cond" truecount="1" falsecount="1"/>
        <line num="100" count="2" type="stmt"/>
        <line num="101" count="0" type="stmt"/>
        <line num="104" count="50" type="stmt"/>
        <line num="114" count="46" type="stmt"/>
      </file>
      <file name="MessageCard.tsx" path="/home/jay/Projects/Interlinked/components/DM/MessageCard.tsx">
        <metrics statements="3" coveredstatements="3" conditionals="15" coveredconditionals="15" methods="1" coveredmethods="1"/>
        <line num="7" count="4" type="stmt"/>
        <line num="8" count="740" type="stmt"/>
        <line num="10" count="740" type="stmt"/>
      </file>
      <file name="TimeDivider.tsx" path="/home/jay/Projects/Interlinked/components/DM/TimeDivider.tsx">
        <metrics statements="15" coveredstatements="13" conditionals="6" coveredconditionals="4" methods="2" coveredmethods="2"/>
        <line num="5" count="4" type="stmt"/>
        <line num="6" count="426" type="stmt"/>
        <line num="7" count="426" type="stmt"/>
        <line num="9" count="426" type="stmt"/>
        <line num="10" count="18" type="stmt"/>
        <line num="11" count="18" type="stmt"/>
        <line num="12" count="18" type="cond" truecount="2" falsecount="0"/>
        <line num="14" count="6" type="stmt"/>
        <line num="18" count="12" type="cond" truecount="1" falsecount="1"/>
        <line num="20" count="0" type="stmt"/>
        <line num="21" count="12" type="cond" truecount="1" falsecount="1"/>
        <line num="23" count="0" type="stmt"/>
        <line num="25" count="12" type="stmt"/>
        <line num="31" count="18" type="stmt"/>
        <line num="34" count="426" type="stmt"/>
      </file>
    </package>
    <package name="components.DeleteAccountPopup">
      <metrics statements="3" coveredstatements="3" conditionals="2" coveredconditionals="1" methods="1" coveredmethods="1"/>
      <file name="DeleteAccountPopup.tsx" path="/home/jay/Projects/Interlinked/components/DeleteAccountPopup/DeleteAccountPopup.tsx">
        <metrics statements="3" coveredstatements="3" conditionals="2" coveredconditionals="1" methods="1" coveredmethods="1"/>
        <line num="13" count="2345" type="stmt"/>
        <line num="14" count="2345" type="stmt"/>
        <line num="16" count="2345" type="stmt"/>
      </file>
    </package>
    <package name="components.DeleteAccountPopupEmail">
      <metrics statements="18" coveredstatements="14" conditionals="2" coveredconditionals="2" methods="5" coveredmethods="4"/>
      <file name="DeleteAccountPopupEmail.tsx" path="/home/jay/Projects/Interlinked/components/DeleteAccountPopupEmail/DeleteAccountPopupEmail.tsx">
        <metrics statements="18" coveredstatements="14" conditionals="2" coveredconditionals="2" methods="5" coveredmethods="4"/>
        <line num="11" count="48" type="stmt"/>
        <line num="12" count="48" type="stmt"/>
        <line num="13" count="48" type="stmt"/>
        <line num="15" count="48" type="stmt"/>
        <line num="17" count="48" type="stmt"/>
        <line num="20" count="48" type="stmt"/>
        <line num="21" count="0" type="stmt"/>
        <line num="22" count="0" type="stmt"/>
        <line num="23" count="0" type="stmt"/>
        <line num="24" count="0" type="stmt"/>
        <line num="28" count="48" type="stmt"/>
        <line num="29" count="6" type="stmt"/>
        <line num="30" count="6" type="stmt"/>
        <line num="31" count="4" type="stmt"/>
        <line num="33" count="2" type="stmt"/>
        <line num="37" count="48" type="stmt"/>
        <line num="48" count="42" type="stmt"/>
        <line num="59" count="6" type="stmt"/>
      </file>
    </package>
    <package name="components.DeleteAccountPopupOAuth">
      <metrics statements="23" coveredstatements="0" conditionals="6" coveredconditionals="0" methods="6" coveredmethods="0"/>
      <file name="DeleteAccountPopupOAuth.tsx" path="/home/jay/Projects/Interlinked/components/DeleteAccountPopupOAuth/DeleteAccountPopupOAuth.tsx">
        <metrics statements="23" coveredstatements="0" conditionals="6" coveredconditionals="0" methods="6" coveredmethods="0"/>
        <line num="14" count="0" type="stmt"/>
        <line num="15" count="0" type="stmt"/>
        <line num="16" count="0" type="stmt"/>
        <line num="18" count="0" type="stmt"/>
        <line num="20" count="0" type="stmt"/>
        <line num="23" count="0" type="stmt"/>
        <line num="24" count="0" type="stmt"/>
        <line num="25" count="0" type="stmt"/>
        <line num="26" count="0" type="stmt"/>
        <line num="27" count="0" type="stmt"/>
        <line num="30" count="0" type="stmt"/>
        <line num="31" count="0" type="stmt"/>
        <line num="32" count="0" type="stmt"/>
        <line num="33" count="0" type="stmt"/>
        <line num="35" count="0" type="stmt"/>
        <line num="40" count="0" type="stmt"/>
        <line num="41" count="0" type="cond" truecount="0" falsecount="2"/>
        <line num="42" count="0" type="stmt"/>
        <line num="45" count="0" type="stmt"/>
        <line num="46" count="0" type="stmt"/>
        <line num="49" count="0" type="stmt"/>
        <line num="57" count="0" type="stmt"/>
        <line num="75" count="0" type="stmt"/>
      </file>
    </package>
    <package name="components.FilePreview">
      <metrics statements="1" coveredstatements="1" conditionals="0" coveredconditionals="0" methods="1" coveredmethods="1"/>
      <file name="FilePreview.tsx" path="/home/jay/Projects/Interlinked/components/FilePreview/FilePreview.tsx">
        <metrics statements="1" coveredstatements="1" conditionals="0" coveredconditionals="0" methods="1" coveredmethods="1"/>
        <line num="10" count="72" type="stmt"/>
      </file>
    </package>
    <package name="components.Icons.CommentIcon">
      <metrics statements="3" coveredstatements="3" conditionals="2" coveredconditionals="2" methods="2" coveredmethods="2"/>
      <file name="CommentIcon.tsx" path="/home/jay/Projects/Interlinked/components/Icons/CommentIcon/CommentIcon.tsx">
        <metrics statements="3" coveredstatements="3" conditionals="2" coveredconditionals="2" methods="2" coveredmethods="2"/>
        <line num="4" count="6" type="stmt"/>
        <line num="13" count="12" type="stmt"/>
        <line num="20" count="2" type="stmt"/>
      </file>
    </package>
    <package name="components.Icons.JobHuntIcon">
      <metrics statements="2" coveredstatements="2" conditionals="2" coveredconditionals="2" methods="1" coveredmethods="1"/>
      <file name="JobHuntIcon.tsx" path="/home/jay/Projects/Interlinked/components/Icons/JobHuntIcon/JobHuntIcon.tsx">
        <metrics statements="2" coveredstatements="2" conditionals="2" coveredconditionals="2" methods="1" coveredmethods="1"/>
        <line num="9" count="2365" type="stmt"/>
        <line num="10" count="2365" type="stmt"/>
      </file>
    </package>
    <package name="components.Icons.LikeIcon">
      <metrics statements="11" coveredstatements="10" conditionals="16" coveredconditionals="13" methods="5" coveredmethods="5"/>
      <file name="LikeIcon.tsx" path="/home/jay/Projects/Interlinked/components/Icons/LikeIcon/LikeIcon.tsx">
        <metrics statements="11" coveredstatements="10" conditionals="16" coveredconditionals="13" methods="5" coveredmethods="5"/>
        <line num="14" count="6" type="stmt"/>
        <line num="25" count="14" type="cond" truecount="2" falsecount="0"/>
        <line num="27" count="14" type="stmt"/>
        <line num="29" count="14" type="stmt"/>
        <line num="31" count="2" type="cond" truecount="1" falsecount="1"/>
        <line num="32" count="2" type="stmt"/>
        <line num="34" count="0" type="stmt"/>
        <line num="36" count="2" type="stmt"/>
        <line num="47" count="14" type="stmt"/>
        <line num="55" count="2" type="stmt"/>
        <line num="56" count="2" type="stmt"/>
      </file>
    </package>
    <package name="components.Icons.LinkIcon">
      <metrics statements="4" coveredstatements="4" conditionals="7" coveredconditionals="7" methods="1" coveredmethods="1"/>
      <file name="LinkIcon.tsx" path="/home/jay/Projects/Interlinked/components/Icons/LinkIcon/LinkIcon.tsx">
        <metrics statements="4" coveredstatements="4" conditionals="7" coveredconditionals="7" methods="1" coveredmethods="1"/>
        <line num="13" count="2381" type="stmt"/>
        <line num="15" count="2381" type="cond" truecount="2" falsecount="0"/>
        <line num="16" count="14" type="stmt"/>
        <line num="34" count="2367" type="stmt"/>
      </file>
    </package>
    <package name="components.Icons.NotifBlueDot">
      <metrics statements="13" coveredstatements="6" conditionals="4" coveredconditionals="2" methods="6" coveredmethods="2"/>
      <file name="NotifBlueDot.tsx" path="/home/jay/Projects/Interlinked/components/Icons/NotifBlueDot/NotifBlueDot.tsx">
        <metrics statements="13" coveredstatements="6" conditionals="4" coveredconditionals="2" methods="6" coveredmethods="2"/>
        <line num="21" count="28" type="stmt"/>
        <line num="22" count="28" type="stmt"/>
        <line num="23" count="28" type="stmt"/>
        <line num="24" count="20" type="stmt"/>
        <line num="25" count="20" type="stmt"/>
        <line num="27" count="28" type="stmt"/>
        <line num="30" count="0" type="stmt"/>
        <line num="39" count="0" type="stmt"/>
        <line num="40" count="0" type="stmt"/>
        <line num="41" count="0" type="stmt"/>
        <line num="42" count="0" type="cond" truecount="0" falsecount="2"/>
        <line num="43" count="0" type="stmt"/>
        <line num="48" count="0" type="stmt"/>
      </file>
    </package>
    <package name="components.Icons.NotifBlueDotIcon">
      <metrics statements="1" coveredstatements="1" conditionals="2" coveredconditionals="1" methods="1" coveredmethods="1"/>
      <file name="NotifBlueDotIcon.tsx" path="/home/jay/Projects/Interlinked/components/Icons/NotifBlueDotIcon/NotifBlueDotIcon.tsx">
        <metrics statements="1" coveredstatements="1" conditionals="2" coveredconditionals="1" methods="1" coveredmethods="1"/>
        <line num="4" count="4" type="stmt"/>
      </file>
    </package>
    <package name="components.Icons.PrivacyIcon">
      <metrics statements="2" coveredstatements="2" conditionals="2" coveredconditionals="1" methods="1" coveredmethods="1"/>
      <file name="PrivacyIcon.tsx" path="/home/jay/Projects/Interlinked/components/Icons/PrivacyIcon/PrivacyIcon.tsx">
        <metrics statements="2" coveredstatements="2" conditionals="2" coveredconditionals="1" methods="1" coveredmethods="1"/>
        <line num="5" count="2361" type="stmt"/>
        <line num="6" count="2361" type="stmt"/>
      </file>
    </package>
    <package name="components.Icons.SocialIcon">
      <metrics statements="2" coveredstatements="2" conditionals="0" coveredconditionals="0" methods="1" coveredmethods="1"/>
      <file name="SocialIcon.tsx" path="/home/jay/Projects/Interlinked/components/Icons/SocialIcon/SocialIcon.tsx">
        <metrics statements="2" coveredstatements="2" conditionals="0" coveredconditionals="0" methods="1" coveredmethods="1"/>
        <line num="5" count="46" type="stmt"/>
        <line num="15" count="3908" type="stmt"/>
      </file>
    </package>
    <package name="components.Icons.SocialIconGroup">
      <metrics statements="3" coveredstatements="3" conditionals="2" coveredconditionals="2" methods="3" coveredmethods="3"/>
      <file name="SocialIconGroup.tsx" path="/home/jay/Projects/Interlinked/components/Icons/SocialIconGroup/SocialIconGroup.tsx">
        <metrics statements="3" coveredstatements="3" conditionals="2" coveredconditionals="2" methods="3" coveredmethods="3"/>
        <line num="9" count="1906" type="stmt"/>
        <line num="16" count="3808" type="stmt"/>
        <line num="18" count="3772" type="stmt"/>
      </file>
    </package>
    <package name="components.ImageOptimized">
      <metrics statements="2" coveredstatements="2" conditionals="6" coveredconditionals="5" methods="1" coveredmethods="1"/>
      <file name="ImageOptimized.tsx" path="/home/jay/Projects/Interlinked/components/ImageOptimized/ImageOptimized.tsx">
        <metrics statements="2" coveredstatements="2" conditionals="6" coveredconditionals="5" methods="1" coveredmethods="1"/>
        <line num="9" count="108" type="stmt"/>
        <line num="12" count="3866" type="stmt"/>
      </file>
    </package>
    <package name="components.InputFields.CheckBox">
      <metrics statements="2" coveredstatements="2" conditionals="0" coveredconditionals="0" methods="1" coveredmethods="1"/>
      <file name="CheckBox.tsx" path="/home/jay/Projects/Interlinked/components/InputFields/CheckBox/CheckBox.tsx">
        <metrics statements="2" coveredstatements="2" conditionals="0" coveredconditionals="0" methods="1" coveredmethods="1"/>
        <line num="3" count="66" type="stmt"/>
        <line num="14" count="4850" type="stmt"/>
      </file>
    </package>
    <package name="components.InputFields.Input">
      <metrics statements="1" coveredstatements="1" conditionals="0" coveredconditionals="0" methods="1" coveredmethods="1"/>
      <file name="Input.tsx" path="/home/jay/Projects/Interlinked/components/InputFields/Input/Input.tsx">
        <metrics statements="1" coveredstatements="1" conditionals="0" coveredconditionals="0" methods="1" coveredmethods="1"/>
        <line num="4" count="17672" type="stmt"/>
      </file>
    </package>
    <package name="components.InputFields.TextArea">
      <metrics statements="1" coveredstatements="1" conditionals="0" coveredconditionals="0" methods="1" coveredmethods="1"/>
      <file name="TextArea.tsx" path="/home/jay/Projects/Interlinked/components/InputFields/TextArea/TextArea.tsx">
        <metrics statements="1" coveredstatements="1" conditionals="0" coveredconditionals="0" methods="1" coveredmethods="1"/>
        <line num="4" count="2164" type="stmt"/>
      </file>
    </package>
    <package name="components.JobKeyword">
      <metrics statements="37" coveredstatements="29" conditionals="11" coveredconditionals="10" methods="21" coveredmethods="14"/>
      <file name="JobKeyword.tsx" path="/home/jay/Projects/Interlinked/components/JobKeyword/JobKeyword.tsx">
        <metrics statements="37" coveredstatements="29" conditionals="11" coveredconditionals="10" methods="21" coveredmethods="14"/>
        <line num="31" count="918" type="stmt"/>
        <line num="32" count="918" type="stmt"/>
        <line num="33" count="918" type="stmt"/>
        <line num="34" count="918" type="stmt"/>
        <line num="35" count="918" type="stmt"/>
        <line num="39" count="918" type="stmt"/>
        <line num="40" count="200" type="stmt"/>
        <line num="47" count="918" type="stmt"/>
        <line num="48" count="14" type="stmt"/>
        <line num="49" count="14" type="stmt"/>
        <line num="56" count="918" type="stmt"/>
        <line num="57" count="0" type="stmt"/>
        <line num="58" count="0" type="stmt"/>
        <line num="65" count="918" type="stmt"/>
        <line num="66" count="0" type="stmt"/>
        <line num="67" count="0" type="stmt"/>
        <line num="72" count="0" type="stmt"/>
        <line num="73" count="0" type="stmt"/>
        <line num="77" count="918" type="stmt"/>
        <line num="80" count="208" type="stmt"/>
        <line num="83" count="208" type="stmt"/>
        <line num="94" count="208" type="cond" truecount="2" falsecount="0"/>
        <line num="95" count="186" type="stmt"/>
        <line num="97" count="186" type="stmt"/>
        <line num="100" count="204" type="stmt"/>
        <line num="106" count="186" type="stmt"/>
        <line num="109" count="22" type="stmt"/>
        <line num="113" count="918" type="stmt"/>
        <line num="136" count="96" type="stmt"/>
        <line num="140" count="30" type="stmt"/>
        <line num="144" count="0" type="stmt"/>
        <line num="157" count="284" type="stmt"/>
        <line num="158" count="376" type="stmt"/>
        <line num="162" count="226" type="stmt"/>
        <line num="165" count="14" type="stmt"/>
        <line num="176" count="534" type="stmt"/>
        <line num="184" count="0" type="stmt"/>
      </file>
    </package>
    <package name="components.Jobs">
      <metrics statements="199" coveredstatements="154" conditionals="183" coveredconditionals="146" methods="97" coveredmethods="70"/>
      <file name="CheckIfJobIsInFilter.ts" path="/home/jay/Projects/Interlinked/components/Jobs/CheckIfJobIsInFilter.ts">
        <metrics statements="5" coveredstatements="4" conditionals="16" coveredconditionals="16" methods="3" coveredmethods="2"/>
        <line num="21" count="476" type="cond" truecount="9" falsecount="0"/>
        <line num="28" count="476" type="cond" truecount="5" falsecount="0"/>
        <line num="32" count="0" type="stmt"/>
        <line num="35" count="248" type="stmt"/>
        <line num="38" count="476" type="cond" truecount="2" falsecount="0"/>
      </file>
      <file name="EditJobPosting.tsx" path="/home/jay/Projects/Interlinked/components/Jobs/EditJobPosting.tsx">
        <metrics statements="61" coveredstatements="52" conditionals="59" coveredconditionals="55" methods="33" coveredmethods="22"/>
        <line num="27" count="18" type="stmt"/>
        <line num="38" count="590" type="stmt"/>
        <line num="39" count="590" type="stmt"/>
        <line num="40" count="590" type="cond" truecount="2" falsecount="0"/>
        <line num="41" count="590" type="stmt"/>
        <line num="44" count="590" type="stmt"/>
        <line num="47" count="590" type="stmt"/>
        <line num="50" count="590" type="cond" truecount="2" falsecount="0"/>
        <line num="51" count="590" type="stmt"/>
        <line num="52" count="590" type="stmt"/>
        <line num="53" count="144" type="cond" truecount="2" falsecount="0"/>
        <line num="55" count="590" type="stmt"/>
        <line num="58" count="590" type="stmt"/>
        <line num="61" count="590" type="stmt"/>
        <line num="64" count="590" type="stmt"/>
        <line num="69" count="590" type="stmt"/>
        <line num="73" count="590" type="stmt"/>
        <line num="74" count="144" type="cond" truecount="2" falsecount="0"/>
        <line num="76" count="590" type="stmt"/>
        <line num="79" count="590" type="cond" truecount="2" falsecount="0"/>
        <line num="81" count="590" type="stmt"/>
        <line num="82" count="4" type="stmt"/>
        <line num="85" count="590" type="stmt"/>
        <line num="86" count="0" type="stmt"/>
        <line num="87" count="0" type="stmt"/>
        <line num="91" count="590" type="stmt"/>
        <line num="92" count="6" type="stmt"/>
        <line num="94" count="6" type="cond" truecount="1" falsecount="1"/>
        <line num="100" count="0" type="stmt"/>
        <line num="101" count="0" type="stmt"/>
        <line num="104" count="6" type="stmt"/>
        <line num="123" count="6" type="cond" truecount="4" falsecount="0"/>
        <line num="124" count="4" type="stmt"/>
        <line num="129" count="4" type="stmt"/>
        <line num="130" count="4" type="stmt"/>
        <line num="133" count="4" type="stmt"/>
        <line num="137" count="4" type="stmt"/>
        <line num="138" count="4" type="stmt"/>
        <line num="142" count="4" type="stmt"/>
        <line num="143" count="2" type="stmt"/>
        <line num="154" count="2" type="stmt"/>
        <line num="160" count="2" type="stmt"/>
        <line num="162" count="2" type="stmt"/>
        <line num="163" count="2" type="stmt"/>
        <line num="164" count="2" type="cond" truecount="1" falsecount="1"/>
        <line num="165" count="2" type="stmt"/>
        <line num="167" count="0" type="stmt"/>
        <line num="170" count="2" type="stmt"/>
        <line num="174" count="590" type="stmt"/>
        <line num="185" count="96" type="stmt"/>
        <line num="193" count="0" type="stmt"/>
        <line num="199" count="0" type="stmt"/>
        <line num="205" count="0" type="stmt"/>
        <line num="219" count="204" type="stmt"/>
        <line num="232" count="70" type="stmt"/>
        <line num="247" count="4" type="stmt"/>
        <line num="277" count="0" type="stmt"/>
        <line num="289" count="4" type="stmt"/>
        <line num="295" count="4" type="stmt"/>
        <line num="301" count="4" type="stmt"/>
        <line num="307" count="4" type="stmt"/>
      </file>
      <file name="ExternalApplication.tsx" path="/home/jay/Projects/Interlinked/components/Jobs/ExternalApplication.tsx">
        <metrics statements="28" coveredstatements="25" conditionals="23" coveredconditionals="17" methods="21" coveredmethods="20"/>
        <line num="23" count="300" type="stmt"/>
        <line num="25" count="300" type="cond" truecount="1" falsecount="1"/>
        <line num="26" count="0" type="cond" truecount="0" falsecount="4"/>
        <line num="28" count="0" type="stmt"/>
        <line num="35" count="0" type="stmt"/>
        <line num="50" count="300" type="stmt"/>
        <line num="56" count="378" type="stmt"/>
        <line num="62" count="4" type="stmt"/>
        <line num="63" count="4" type="stmt"/>
        <line num="64" count="4" type="stmt"/>
        <line num="65" count="6" type="cond" truecount="2" falsecount="0"/>
        <line num="83" count="46" type="stmt"/>
        <line num="84" count="46" type="stmt"/>
        <line num="85" count="46" type="stmt"/>
        <line num="86" count="46" type="stmt"/>
        <line num="104" count="98" type="stmt"/>
        <line num="105" count="98" type="stmt"/>
        <line num="106" count="98" type="stmt"/>
        <line num="107" count="98" type="stmt"/>
        <line num="134" count="2" type="stmt"/>
        <line num="135" count="2" type="stmt"/>
        <line num="136" count="4" type="cond" truecount="2" falsecount="0"/>
        <line num="145" count="2" type="stmt"/>
        <line num="146" count="4" type="stmt"/>
        <line num="148" count="2" type="stmt"/>
        <line num="149" count="4" type="stmt"/>
        <line num="164" count="4" type="stmt"/>
        <line num="166" count="4" type="stmt"/>
      </file>
      <file name="FullJobCard.tsx" path="/home/jay/Projects/Interlinked/components/Jobs/FullJobCard.tsx">
        <metrics statements="77" coveredstatements="46" conditionals="43" coveredconditionals="31" methods="26" coveredmethods="13"/>
        <line num="36" count="296" type="stmt"/>
        <line num="38" count="296" type="stmt"/>
        <line num="39" count="296" type="stmt"/>
        <line num="41" count="296" type="stmt"/>
        <line num="42" count="296" type="stmt"/>
        <line num="46" count="296" type="stmt"/>
        <line num="47" count="296" type="stmt"/>
        <line num="49" count="296" type="stmt"/>
        <line num="50" count="0" type="stmt"/>
        <line num="53" count="296" type="stmt"/>
        <line num="54" count="0" type="stmt"/>
        <line num="57" count="296" type="stmt"/>
        <line num="61" count="0" type="stmt"/>
        <line num="62" count="0" type="cond" truecount="0" falsecount="4"/>
        <line num="63" count="0" type="stmt"/>
        <line num="66" count="0" type="stmt"/>
        <line num="70" count="0" type="stmt"/>
        <line num="73" count="0" type="stmt"/>
        <line num="76" count="0" type="stmt"/>
        <line num="78" count="0" type="stmt"/>
        <line num="80" count="0" type="stmt"/>
        <line num="81" count="0" type="stmt"/>
        <line num="83" count="0" type="cond" truecount="0" falsecount="2"/>
        <line num="84" count="0" type="stmt"/>
        <line num="85" count="0" type="stmt"/>
        <line num="86" count="0" type="stmt"/>
        <line num="87" count="0" type="stmt"/>
        <line num="89" count="0" type="cond" truecount="0" falsecount="2"/>
        <line num="90" count="0" type="stmt"/>
        <line num="91" count="0" type="stmt"/>
        <line num="92" count="0" type="stmt"/>
        <line num="93" count="0" type="stmt"/>
        <line num="98" count="296" type="stmt"/>
        <line num="134" count="0" type="stmt"/>
        <line num="213" count="2" type="stmt"/>
        <line num="214" count="2" type="stmt"/>
        <line num="226" count="8" type="stmt"/>
        <line num="227" count="8" type="cond" truecount="4" falsecount="0"/>
        <line num="228" count="4" type="stmt"/>
        <line num="229" count="4" type="cond" truecount="2" falsecount="0"/>
        <line num="233" count="2" type="stmt"/>
        <line num="235" count="2" type="stmt"/>
        <line num="236" count="2" type="stmt"/>
        <line num="237" count="2" type="stmt"/>
        <line num="246" count="2" type="stmt"/>
        <line num="247" count="2" type="stmt"/>
        <line num="249" count="2" type="stmt"/>
        <line num="250" count="2" type="stmt"/>
        <line num="260" count="2" type="stmt"/>
        <line num="262" count="0" type="stmt"/>
        <line num="306" count="4" type="stmt"/>
        <line num="307" count="4" type="stmt"/>
        <line num="308" count="4" type="stmt"/>
        <line num="309" count="4" type="stmt"/>
        <line num="321" count="0" type="stmt"/>
        <line num="339" count="4" type="stmt"/>
        <line num="340" count="4" type="stmt"/>
        <line num="341" count="4" type="stmt"/>
        <line num="342" count="4" type="stmt"/>
        <line num="358" count="0" type="stmt"/>
        <line num="371" count="0" type="stmt"/>
        <line num="372" count="0" type="stmt"/>
        <line num="382" count="2" type="stmt"/>
        <line num="383" count="2" type="cond" truecount="2" falsecount="2"/>
        <line num="384" count="0" type="stmt"/>
        <line num="385" count="2" type="cond" truecount="2" falsecount="2"/>
        <line num="386" count="0" type="stmt"/>
        <line num="388" count="2" type="stmt"/>
        <line num="389" count="2" type="stmt"/>
        <line num="390" count="2" type="stmt"/>
        <line num="391" count="2" type="stmt"/>
        <line num="393" count="2" type="stmt"/>
        <line num="399" count="2" type="stmt"/>
        <line num="400" count="2" type="stmt"/>
        <line num="402" count="2" type="stmt"/>
        <line num="412" count="2" type="stmt"/>
        <line num="414" count="0" type="stmt"/>
      </file>
      <file name="JobPostBody.tsx" path="/home/jay/Projects/Interlinked/components/Jobs/JobPostBody.tsx">
[...]
        <line num="134" count="2" type="stmt"/>
        <line num="185" count="6" type="stmt"/>
        <line num="186" count="6" type="stmt"/>
        <line num="187" count="10" type="cond" truecount="2" falsecount="0"/>
        <line num="208" count="26" type="stmt"/>
        <line num="215" count="4" type="cond" truecount="2" falsecount="0"/>
        <line num="216" count="4" type="stmt"/>
        <line num="217" count="4" type="stmt"/>
        <line num="218" count="4" type="stmt"/>
      </file>
    </package>
    <package name="components.ProfilePage.ProfileLocked">
      <metrics statements="2" coveredstatements="0" conditionals="0" coveredconditionals="0" methods="1" coveredmethods="0"/>
      <file name="ProfileLocked.tsx" path="/home/jay/Projects/Interlinked/components/ProfilePage/ProfileLocked/ProfileLocked.tsx">
        <metrics statements="2" coveredstatements="0" conditionals="0" coveredconditionals="0" methods="1" coveredmethods="0"/>
        <line num="18" count="0" type="stmt"/>
        <line num="19" count="0" type="stmt"/>
      </file>
    </package>
    <package name="components.ProfilePage.ProfilePrivacy">
      <metrics statements="8" coveredstatements="4" conditionals="6" coveredconditionals="5" methods="6" coveredmethods="1"/>
      <file name="ProfilePrivacy.tsx" path="/home/jay/Projects/Interlinked/components/ProfilePage/ProfilePrivacy/ProfilePrivacy.tsx">
        <metrics statements="8" coveredstatements="4" conditionals="6" coveredconditionals="5" methods="6" coveredmethods="1"/>
        <line num="21" count="2361" type="stmt"/>
        <line num="23" count="2361" type="cond" truecount="2" falsecount="0"/>
        <line num="24" count="16" type="stmt"/>
        <line num="32" count="2345" type="stmt"/>
        <line num="41" count="0" type="stmt"/>
        <line num="49" count="0" type="stmt"/>
        <line num="50" count="0" type="stmt"/>
        <line num="62" count="0" type="stmt"/>
      </file>
    </package>
    <package name="components.ProfilePage.ProfileProjects">
      <metrics statements="50" coveredstatements="44" conditionals="43" coveredconditionals="38" methods="34" coveredmethods="29"/>
      <file name="ProfileProjects.tsx" path="/home/jay/Projects/Interlinked/components/ProfilePage/ProfileProjects/ProfileProjects.tsx">
        <metrics statements="50" coveredstatements="44" conditionals="43" coveredconditionals="38" methods="34" coveredmethods="29"/>
        <line num="28" count="2363" type="stmt"/>
        <line num="30" count="2363" type="cond" truecount="2" falsecount="0"/>
        <line num="31" count="22" type="cond" truecount="4" falsecount="0"/>
        <line num="33" count="2" type="stmt"/>
        <line num="38" count="4" type="stmt"/>
        <line num="46" count="0" type="stmt"/>
        <line num="93" count="2341" type="stmt"/>
        <line num="97" count="1870" type="stmt"/>
        <line num="102" count="4" type="stmt"/>
        <line num="103" count="4" type="stmt"/>
        <line num="104" count="6" type="cond" truecount="2" falsecount="0"/>
        <line num="120" count="60" type="stmt"/>
        <line num="121" count="60" type="stmt"/>
        <line num="122" count="60" type="stmt"/>
        <line num="123" count="60" type="stmt"/>
        <line num="133" count="0" type="stmt"/>
        <line num="141" count="0" type="stmt"/>
        <line num="142" count="0" type="stmt"/>
        <line num="144" count="0" type="stmt"/>
        <line num="166" count="92" type="stmt"/>
        <line num="167" count="92" type="stmt"/>
        <line num="168" count="92" type="stmt"/>
        <line num="169" count="92" type="stmt"/>
        <line num="187" count="4" type="stmt"/>
        <line num="188" count="4" type="cond" truecount="1" falsecount="1"/>
        <line num="190" count="4" type="stmt"/>
        <line num="191" count="4" type="stmt"/>
        <line num="194" count="4" type="stmt"/>
        <line num="212" count="2" type="stmt"/>
        <line num="213" count="2" type="stmt"/>
        <line num="214" count="2" type="stmt"/>
        <line num="217" count="2" type="stmt"/>
        <line num="233" count="40" type="stmt"/>
        <line num="234" count="40" type="stmt"/>
        <line num="235" count="40" type="stmt"/>
        <line num="236" count="40" type="stmt"/>
        <line num="247" count="64" type="stmt"/>
        <line num="248" count="64" type="stmt"/>
        <line num="249" count="64" type="stmt"/>
        <line num="250" count="64" type="stmt"/>
        <line num="266" count="0" type="stmt"/>
        <line num="314" count="2" type="stmt"/>
        <line num="315" count="2" type="stmt"/>
        <line num="316" count="4" type="cond" truecount="2" falsecount="0"/>
        <line num="325" count="4" type="stmt"/>
        <line num="326" count="6" type="stmt"/>
        <line num="328" count="4" type="stmt"/>
        <line num="329" count="6" type="stmt"/>
        <line num="344" count="4" type="stmt"/>
        <line num="357" count="4" type="stmt"/>
      </file>
    </package>
    <package name="components.ProfilePage.ProfileSkills">
      <metrics statements="23" coveredstatements="20" conditionals="23" coveredconditionals="20" methods="19" coveredmethods="16"/>
      <file name="ProfileSkills.tsx" path="/home/jay/Projects/Interlinked/components/ProfilePage/ProfileSkills/ProfileSkills.tsx">
        <metrics statements="23" coveredstatements="20" conditionals="23" coveredconditionals="20" methods="19" coveredmethods="16"/>
        <line num="22" count="2953" type="stmt"/>
        <line num="24" count="2953" type="cond" truecount="2" falsecount="0"/>
        <line num="25" count="22" type="cond" truecount="4" falsecount="0"/>
        <line num="27" count="2" type="stmt"/>
        <line num="32" count="2" type="stmt"/>
        <line num="45" count="2931" type="stmt"/>
        <line num="49" count="1074" type="stmt"/>
        <line num="55" count="4" type="stmt"/>
        <line num="56" count="4" type="stmt"/>
        <line num="57" count="4" type="cond" truecount="1" falsecount="1"/>
        <line num="73" count="52" type="stmt"/>
        <line num="74" count="52" type="stmt"/>
        <line num="75" count="52" type="stmt"/>
        <line num="76" count="52" type="stmt"/>
        <line num="102" count="0" type="stmt"/>
        <line num="103" count="0" type="stmt"/>
        <line num="104" count="0" type="cond" truecount="0" falsecount="2"/>
        <line num="113" count="2" type="stmt"/>
        <line num="114" count="2" type="stmt"/>
        <line num="116" count="2" type="stmt"/>
        <line num="117" count="2" type="stmt"/>
        <line num="132" count="4" type="stmt"/>
        <line num="134" count="4" type="stmt"/>
      </file>
    </package>
    <package name="components.ProfilePage.ProfileSocials">
      <metrics statements="17" coveredstatements="16" conditionals="16" coveredconditionals="14" methods="11" coveredmethods="11"/>
      <file name="ProfileSocials.tsx" path="/home/jay/Projects/Interlinked/components/ProfilePage/ProfileSocials/ProfileSocials.tsx">
        <metrics statements="17" coveredstatements="16" conditionals="16" coveredconditionals="14" methods="11" coveredmethods="11"/>
        <line num="23" count="2345" type="stmt"/>
        <line num="25" count="2345" type="cond" truecount="1" falsecount="1"/>
        <line num="26" count="0" type="stmt"/>
        <line num="34" count="2345" type="stmt"/>
        <line num="39" count="4" type="stmt"/>
        <line num="40" count="4" type="stmt"/>
        <line num="46" count="2670" type="stmt"/>
        <line num="54" count="2670" type="stmt"/>
        <line num="71" count="38" type="stmt"/>
        <line num="72" count="38" type="stmt"/>
        <line num="73" count="38" type="stmt"/>
        <line num="74" count="38" type="stmt"/>
        <line num="89" count="26" type="stmt"/>
        <line num="90" count="26" type="stmt"/>
        <line num="91" count="26" type="stmt"/>
        <line num="92" count="26" type="stmt"/>
        <line num="110" count="4" type="stmt"/>
      </file>
    </package>
    <package name="components.ProfilePage.ProfileVolunteering">
      <metrics statements="45" coveredstatements="45" conditionals="31" coveredconditionals="29" methods="29" coveredmethods="29"/>
      <file name="ProfileVolunteering.tsx" path="/home/jay/Projects/Interlinked/components/ProfilePage/ProfileVolunteering/ProfileVolunteering.tsx">
        <metrics statements="45" coveredstatements="45" conditionals="31" coveredconditionals="29" methods="29" coveredmethods="29"/>
        <line num="25" count="2363" type="stmt"/>
        <line num="27" count="2363" type="cond" truecount="2" falsecount="0"/>
        <line num="28" count="22" type="cond" truecount="4" falsecount="0"/>
        <line num="30" count="2" type="stmt"/>
        <line num="35" count="4" type="stmt"/>
        <line num="52" count="2341" type="stmt"/>
        <line num="56" count="762" type="stmt"/>
        <line num="61" count="4" type="stmt"/>
        <line num="62" count="4" type="stmt"/>
        <line num="63" count="6" type="cond" truecount="2" falsecount="0"/>
        <line num="80" count="48" type="stmt"/>
        <line num="81" count="48" type="stmt"/>
        <line num="82" count="48" type="stmt"/>
        <line num="83" count="48" type="stmt"/>
        <line num="97" count="48" type="stmt"/>
        <line num="98" count="48" type="stmt"/>
        <line num="99" count="48" type="stmt"/>
        <line num="100" count="48" type="stmt"/>
        <line num="115" count="68" type="stmt"/>
        <line num="116" count="68" type="stmt"/>
        <line num="117" count="68" type="stmt"/>
        <line num="118" count="68" type="stmt"/>
        <line num="137" count="4" type="stmt"/>
        <line num="138" count="4" type="cond" truecount="1" falsecount="1"/>
        <line num="140" count="4" type="stmt"/>
        <line num="141" count="4" type="stmt"/>
        <line num="144" count="4" type="stmt"/>
        <line num="159" count="2" type="stmt"/>
        <line num="160" count="2" type="cond" truecount="1" falsecount="1"/>
        <line num="162" count="2" type="stmt"/>
        <line num="163" count="2" type="stmt"/>
        <line num="166" count="2" type="stmt"/>
        <line num="179" count="88" type="stmt"/>
        <line num="180" count="88" type="stmt"/>
        <line num="181" count="88" type="stmt"/>
        <line num="182" count="88" type="stmt"/>
        <line num="222" count="4" type="stmt"/>
        <line num="223" count="4" type="stmt"/>
        <line num="224" count="6" type="cond" truecount="2" falsecount="0"/>
        <line num="233" count="4" type="stmt"/>
        <line num="234" count="6" type="stmt"/>
        <line num="236" count="4" type="stmt"/>
        <line num="237" count="6" type="stmt"/>
        <line num="251" count="4" type="stmt"/>
        <line num="262" count="4" type="stmt"/>
      </file>
    </package>
    <package name="components.Report">
      <metrics statements="5" coveredstatements="3" conditionals="5" coveredconditionals="4" methods="1" coveredmethods="1"/>
      <file name="AddReport.ts" path="/home/jay/Projects/Interlinked/components/Report/AddReport.ts">
        <metrics statements="5" coveredstatements="3" conditionals="5" coveredconditionals="4" methods="1" coveredmethods="1"/>
        <line num="32" count="2" type="stmt"/>
        <line num="36" count="2" type="stmt"/>
        <line num="48" count="2" type="stmt"/>
        <line num="50" count="0" type="stmt"/>
        <line num="54" count="0" type="stmt"/>
      </file>
    </package>
    <package name="components.SearchBar">
      <metrics statements="18" coveredstatements="1" conditionals="4" coveredconditionals="0" methods="6" coveredmethods="0"/>
      <file name="SearchBar.tsx" path="/home/jay/Projects/Interlinked/components/SearchBar/SearchBar.tsx">
        <metrics statements="18" coveredstatements="1" conditionals="4" coveredconditionals="0" methods="6" coveredmethods="0"/>
        <line num="18" count="108" type="stmt"/>
        <line num="19" count="0" type="stmt"/>
        <line num="20" count="0" type="stmt"/>
        <line num="21" count="0" type="stmt"/>
        <line num="23" count="0" type="stmt"/>
        <line num="24" count="0" type="stmt"/>
        <line num="27" count="0" type="stmt"/>
        <line num="28" count="0" type="stmt"/>
        <line num="30" count="0" type="stmt"/>
        <line num="33" count="0" type="stmt"/>
        <line num="42" count="0" type="cond" truecount="0" falsecount="2"/>
        <line num="43" count="0" type="stmt"/>
        <line num="45" count="0" type="stmt"/>
        <line num="48" count="0" type="stmt"/>
        <line num="54" count="0" type="stmt"/>
        <line num="57" count="0" type="stmt"/>
        <line num="61" count="0" type="stmt"/>
        <line num="82" count="0" type="stmt"/>
      </file>
    </package>
    <package name="components.TextEditor">
      <metrics statements="16" coveredstatements="16" conditionals="8" coveredconditionals="6" methods="6" coveredmethods="6"/>
      <file name="TextEditor.tsx" path="/home/jay/Projects/Interlinked/components/TextEditor/TextEditor.tsx">
        <metrics statements="15" coveredstatements="15" conditionals="8" coveredconditionals="6" methods="5" coveredmethods="5"/>
        <line num="22" count="2073" type="stmt"/>
        <line num="23" count="2065" type="stmt"/>
        <line num="24" count="2065" type="stmt"/>
        <line num="26" count="2065" type="stmt"/>
        <line num="28" count="170" type="stmt"/>
        <line num="34" count="2065" type="stmt"/>
        <line num="35" count="10" type="cond" truecount="1" falsecount="1"/>
        <line num="37" count="10" type="stmt"/>
        <line num="50" count="170" type="cond" truecount="1" falsecount="1"/>
        <line num="51" count="170" type="cond" truecount="2" falsecount="0"/>
        <line num="57" count="10" type="stmt"/>
        <line num="61" count="10" type="stmt"/>
        <line num="62" count="10" type="stmt"/>
        <line num="63" count="6" type="stmt"/>
        <line num="67" count="2065" type="stmt"/>
      </file>
      <file name="TextEditorPreview.tsx" path="/home/jay/Projects/Interlinked/components/TextEditor/TextEditorPreview.tsx">
        <metrics statements="1" coveredstatements="1" conditionals="0" coveredconditionals="0" methods="1" coveredmethods="1"/>
        <line num="10" count="377" type="stmt"/>
      </file>
    </package>
    <package name="config">
      <metrics statements="18" coveredstatements="18" conditionals="2" coveredconditionals="1" methods="5" coveredmethods="5"/>
      <file name="firebase.ts" path="/home/jay/Projects/Interlinked/config/firebase.ts">
        <metrics statements="10" coveredstatements="10" conditionals="2" coveredconditionals="1" methods="0" coveredmethods="0"/>
        <line num="8" count="108" type="stmt"/>
        <line num="17" count="108" type="stmt"/>
        <line num="19" count="108" type="stmt"/>
        <line num="23" count="108" type="stmt"/>
        <line num="26" count="108" type="stmt"/>
        <line num="29" count="108" type="stmt"/>
        <line num="32" count="108" type="cond" truecount="1" falsecount="1"/>
        <line num="33" count="108" type="stmt"/>
        <line num="34" count="108" type="stmt"/>
        <line num="35" count="108" type="stmt"/>
      </file>
      <file name="firestore.ts" path="/home/jay/Projects/Interlinked/config/firestore.ts">
        <metrics statements="8" coveredstatements="8" conditionals="0" coveredconditionals="0" methods="5" coveredmethods="5"/>
        <line num="16" count="868" type="stmt"/>
        <line num="17" count="30" type="stmt"/>
        <line num="18" count="569" type="stmt"/>
        <line num="22" count="108" type="stmt"/>
        <line num="23" count="756" type="stmt"/>
        <line num="26" count="108" type="stmt"/>
        <line num="28" count="112" type="stmt"/>
        <line num="31" count="108" type="stmt"/>
      </file>
    </package>
    <package name="contexts">
      <metrics statements="55" coveredstatements="48" conditionals="25" coveredconditionals="17" methods="15" coveredmethods="13"/>
      <file name="AuthContext.tsx" path="/home/jay/Projects/Interlinked/contexts/AuthContext.tsx">
        <metrics statements="55" coveredstatements="48" conditionals="25" coveredconditionals="17" methods="15" coveredmethods="13"/>
        <line num="46" count="108" type="stmt"/>
        <line num="59" count="8858" type="stmt"/>
        <line num="64" count="428" type="stmt"/>
        <line num="65" count="428" type="stmt"/>
        <line num="68" count="428" type="stmt"/>
        <line num="69" count="428" type="stmt"/>
        <line num="72" count="428" type="stmt"/>
        <line num="73" count="428" type="stmt"/>
        <line num="80" count="4" type="stmt"/>
        <line num="107" count="4" type="stmt"/>
        <line num="110" count="4" type="stmt"/>
        <line num="111" count="4" type="stmt"/>
        <line num="113" count="4" type="stmt"/>
        <line num="120" count="4" type="stmt"/>
        <line num="126" count="4" type="stmt"/>
        <line num="128" count="4" type="stmt"/>
        <line num="135" count="36" type="stmt"/>
        <line num="142" count="0" type="stmt"/>
        <line num="143" count="0" type="stmt"/>
        <line num="151" count="9" type="stmt"/>
        <line num="154" count="9" type="cond" truecount="1" falsecount="1"/>
        <line num="155" count="9" type="stmt"/>
        <line num="156" count="7" type="cond" truecount="1" falsecount="1"/>
        <line num="157" count="0" type="stmt"/>
        <line num="159" count="7" type="stmt"/>
        <line num="162" count="7" type="stmt"/>
        <line num="170" count="16" type="stmt"/>
        <line num="171" count="16" type="stmt"/>
        <line num="178" count="4" type="stmt"/>
        <line num="180" count="4" type="stmt"/>
        <line num="188" count="6" type="stmt"/>
        <line num="189" count="6" type="stmt"/>
        <line num="197" count="0" type="stmt"/>
        <line num="198" count="0" type="stmt"/>
        <line num="202" count="428" type="stmt"/>
        <line num="203" count="108" type="stmt"/>
        <line num="204" count="166" type="stmt"/>
        <line num="206" count="166" type="stmt"/>
        <line num="208" count="166" type="stmt"/>
        <line num="211" count="166" type="cond" truecount="2" falsecount="0"/>
        <line num="212" count="58" type="stmt"/>
        <line num="213" count="58" type="stmt"/>
        <line num="214" count="58" type="stmt"/>
        <line num="218" count="108" type="cond" truecount="3" falsecount="1"/>
        <line num="219" count="108" type="stmt"/>
        <line num="220" count="107" type="cond" truecount="1" falsecount="1"/>
        <line num="221" count="107" type="cond" truecount="1" falsecount="1"/>
        <line num="223" count="0" type="stmt"/>
        <line num="226" count="107" type="stmt"/>
        <line num="229" count="0" type="stmt"/>
        <line num="231" count="107" type="stmt"/>
        <line num="236" count="108" type="stmt"/>
        <line num="240" count="428" type="stmt"/>
        <line num="241" count="402" type="stmt"/>
        <line num="257" count="428" type="stmt"/>
      </file>
    </package>
    <package name="types">
      <metrics statements="0" coveredstatements="0" conditionals="0" coveredconditionals="0" methods="0" coveredmethods="0"/>
      <file name="JobPost.ts" path="/home/jay/Projects/Interlinked/types/JobPost.ts">
        <metrics statements="0" coveredstatements="0" conditionals="0" coveredconditionals="0" methods="0" coveredmethods="0"/>
      </file>
      <file name="Notification.ts" path="/home/jay/Projects/Interlinked/types/Notification.ts">
        <metrics statements="0" coveredstatements="0" conditionals="0" coveredconditionals="0" methods="0" coveredmethods="0"/>
      </file>
    </package>
  </project>
</coverage>
