{
  "/home/jay/Projects/Interlinked/app/[locale]/page.tsx": {
    "path": "/home/jay/Projects/Interlinked/app/[locale]/page.tsx",
    "statementMap": {
      "0": {
        "start": { "line": 8, "column": 13 },
        "end": { "line": 44, "column": 1 }
      },
      "1": {
        "start": { "line": 9, "column": 17 },
        "end": { "line": 9, "column": 28 }
      },
      "2": {
        "start": { "line": 10, "column": 17 },
        "end": { "line": 10, "column": 28 }
      },
      "3": {
        "start": { "line": 11, "column": 26 },
        "end": { "line": 11, "column": 35 }
      },
      "4": {
        "start": { "line": 12, "column": 12 },
        "end": { "line": 12, "column": 35 }
      },
      "5": {
        "start": { "line": 15, "column": 2 },
        "end": { "line": 19, "column": 28 }
      },
      "6": {
        "start": { "line": 16, "column": 4 },
        "end": { "line": 18, "column": 5 }
      },
      "7": {
        "start": { "line": 17, "column": 6 },
        "end": { "line": 17, "column": 44 }
      },
      "8": {
        "start": { "line": 21, "column": 2 },
        "end": { "line": 43, "column": 4 }
      }
    },
    "fnMap": {
      "0": {
        "name": "(anonymous_0)",
        "decl": {
          "start": { "line": 8, "column": 13 },
          "end": { "line": 8, "column": 14 }
        },
        "loc": {
          "start": { "line": 8, "column": 19 },
          "end": { "line": 44, "column": 1 }
        },
        "line": 8
      },
      "1": {
        "name": "(anonymous_1)",
        "decl": {
          "start": { "line": 15, "column": 12 },
          "end": { "line": 15, "column": 13 }
        },
        "loc": {
          "start": { "line": 15, "column": 18 },
          "end": { "line": 19, "column": 3 }
        },
        "line": 15
      }
    },
    "branchMap": {
      "0": {
        "loc": {
          "start": { "line": 16, "column": 4 },
          "end": { "line": 18, "column": 5 }
        },
        "type": "if",
        "locations": [
          {
            "start": { "line": 16, "column": 4 },
            "end": { "line": 18, "column": 5 }
          },
          { "start": {}, "end": {} }
        ],
        "line": 16
      },
      "1": {
        "loc": {
          "start": { "line": 16, "column": 8 },
          "end": { "line": 16, "column": 65 }
        },
        "type": "binary-expr",
        "locations": [
          {
            "start": { "line": 16, "column": 8 },
            "end": { "line": 16, "column": 34 }
          },
          {
            "start": { "line": 16, "column": 38 },
            "end": { "line": 16, "column": 65 }
          }
        ],
        "line": 16
      },
      "2": {
        "loc": {
          "start": { "line": 30, "column": 7 },
          "end": { "line": 41, "column": 7 }
        },
        "type": "cond-expr",
        "locations": [
          {
            "start": { "line": 31, "column": 8 },
            "end": { "line": 34, "column": 12 }
          },
          {
            "start": { "line": 36, "column": 8 },
            "end": { "line": 40, "column": 11 }
          }
        ],
        "line": 30
      },
      "3": {
        "loc": {
          "start": { "line": 32, "column": 27 },
          "end": { "line": 32, "column": 64 }
        },
        "type": "binary-expr",
        "locations": [
          {
            "start": { "line": 32, "column": 27 },
            "end": { "line": 32, "column": 43 }
          },
          {
            "start": { "line": 32, "column": 47 },
            "end": { "line": 32, "column": 64 }
          }
        ],
        "line": 32
      }
    },
    "s": {
      "0": 56,
      "1": 79,
      "2": 79,
      "3": 79,
      "4": 79,
      "5": 79,
      "6": 73,
      "7": 0,
      "8": 79
    },
    "f": { "0": 79, "1": 73 },
    "b": { "0": [0, 73], "1": [73, 73], "2": [55, 24], "3": [55, 0] },
    "_coverageSchema": "1a1c01bbd47fc00a2c39e90264f33305004495a9",
    "hash": "ed167fe83cb641b469d3c7e32ba0ca14eba2ee62"
  },
  "/home/jay/Projects/Interlinked/app/[locale]/DM/page.tsx": {
    "path": "/home/jay/Projects/Interlinked/app/[locale]/DM/page.tsx",
    "statementMap": {
      "0": {
        "start": { "line": 14, "column": 12 },
        "end": { "line": 14, "column": 37 }
      },
      "1": {
        "start": { "line": 15, "column": 23 },
        "end": { "line": 15, "column": 32 }
      },
      "2": {
        "start": { "line": 16, "column": 28 },
        "end": { "line": 16, "column": 55 }
      },
      "3": {
        "start": { "line": 18, "column": 2 },
        "end": { "line": 41, "column": 9 }
      },
      "4": {
        "start": { "line": 19, "column": 37 },
        "end": { "line": 19, "column": 39 }
      },
      "5": {
        "start": { "line": 21, "column": 27 },
        "end": { "line": 24, "column": 5 }
      },
      "6": {
        "start": { "line": 26, "column": 18 },
        "end": { "line": 39, "column": 6 }
      },
      "7": {
        "start": { "line": 27, "column": 6 },
        "end": { "line": 29, "column": 9 }
      },
      "8": {
        "start": { "line": 28, "column": 8 },
        "end": { "line": 28, "column": 58 }
      },
      "9": {
        "start": { "line": 32, "column": 6 },
        "end": { "line": 36, "column": 9 }
      },
      "10": {
        "start": { "line": 33, "column": 8 },
        "end": { "line": 35, "column": 14 }
      },
      "11": {
        "start": { "line": 38, "column": 6 },
        "end": { "line": 38, "column": 26 }
      },
      "12": {
        "start": { "line": 40, "column": 4 },
        "end": { "line": 40, "column": 25 }
      },
      "13": {
        "start": { "line": 40, "column": 17 },
        "end": { "line": 40, "column": 24 }
      },
      "14": {
        "start": { "line": 43, "column": 2 },
        "end": { "line": 63, "column": 4 }
      },
      "15": {
        "start": { "line": 51, "column": 10 },
        "end": { "line": 59, "column": 12 }
      }
    },
    "fnMap": {
      "0": {
        "name": "DMs",
        "decl": {
          "start": { "line": 13, "column": 24 },
          "end": { "line": 13, "column": 27 }
        },
        "loc": {
          "start": { "line": 13, "column": 30 },
          "end": { "line": 64, "column": 1 }
        },
        "line": 13
      },
      "1": {
        "name": "(anonymous_1)",
        "decl": {
          "start": { "line": 18, "column": 12 },
          "end": { "line": 18, "column": 13 }
        },
        "loc": {
          "start": { "line": 18, "column": 18 },
          "end": { "line": 41, "column": 3 }
        },
        "line": 18
      },
      "2": {
        "name": "(anonymous_2)",
        "decl": {
          "start": { "line": 26, "column": 45 },
          "end": { "line": 26, "column": 46 }
        },
        "loc": {
          "start": { "line": 26, "column": 59 },
          "end": { "line": 39, "column": 5 }
        },
        "line": 26
      },
      "3": {
        "name": "(anonymous_3)",
        "decl": {
          "start": { "line": 27, "column": 23 },
          "end": { "line": 27, "column": 24 }
        },
        "loc": {
          "start": { "line": 27, "column": 32 },
          "end": { "line": 29, "column": 7 }
        },
        "line": 27
      },
      "4": {
        "name": "(anonymous_4)",
        "decl": {
          "start": { "line": 32, "column": 21 },
          "end": { "line": 32, "column": 22 }
        },
        "loc": {
          "start": { "line": 32, "column": 63 },
          "end": { "line": 36, "column": 7 }
        },
        "line": 32
      },
      "5": {
        "name": "(anonymous_5)",
        "decl": {
          "start": { "line": 40, "column": 11 },
          "end": { "line": 40, "column": 12 }
        },
        "loc": {
          "start": { "line": 40, "column": 17 },
          "end": { "line": 40, "column": 24 }
        },
        "line": 40
      },
      "6": {
        "name": "(anonymous_6)",
        "decl": {
          "start": { "line": 50, "column": 20 },
          "end": { "line": 50, "column": 21 }
        },
        "loc": {
          "start": { "line": 50, "column": 33 },
          "end": { "line": 60, "column": 9 }
        },
        "line": 50
      }
    },
    "branchMap": {
      "0": {
        "loc": {
          "start": { "line": 33, "column": 15 },
          "end": { "line": 35, "column": 13 }
        },
        "type": "cond-expr",
        "locations": [
          {
            "start": { "line": 34, "column": 12 },
            "end": { "line": 34, "column": 14 }
          },
          {
            "start": { "line": 35, "column": 12 },
            "end": { "line": 35, "column": 13 }
          }
        ],
        "line": 33
      }
    },
    "s": {
      "0": 8,
      "1": 8,
      "2": 8,
      "3": 8,
      "4": 4,
      "5": 4,
      "6": 4,
      "7": 4,
      "8": 4,
      "9": 4,
      "10": 0,
      "11": 4,
      "12": 4,
      "13": 4,
      "14": 8,
      "15": 4
    },
    "f": { "0": 8, "1": 4, "2": 4, "3": 4, "4": 0, "5": 4, "6": 4 },
    "b": { "0": [0, 0] },
    "_coverageSchema": "1a1c01bbd47fc00a2c39e90264f33305004495a9",
    "hash": "d6dfb58adabb141c959a0dae0d2d98ea7a6ac63f"
  },
  "/home/jay/Projects/Interlinked/app/[locale]/DM/[uid]/page.tsx": {
    "path": "/home/jay/Projects/Interlinked/app/[locale]/DM/[uid]/page.tsx",
    "statementMap": {
      "0": {
        "start": { "line": 2, "column": 0 },
        "end": { "line": 2, "column": 10 }
      },
      "1": {
        "start": { "line": 35, "column": 12 },
        "end": { "line": 35, "column": 41 }
      },
      "2": {
        "start": { "line": 36, "column": 36 },
        "end": { "line": 36, "column": 45 }
      },
      "3": {
        "start": { "line": 37, "column": 16 },
        "end": { "line": 37, "column": 46 }
      },
      "4": {
        "start": { "line": 39, "column": 22 },
        "end": { "line": 39, "column": 51 }
      },
      "5": {
        "start": { "line": 41, "column": 32 },
        "end": { "line": 41, "column": 52 }
      },
      "6": {
        "start": { "line": 42, "column": 42 },
        "end": { "line": 42, "column": 65 }
      },
      "7": {
        "start": { "line": 43, "column": 38 },
        "end": { "line": 43, "column": 56 }
      },
      "8": {
        "start": { "line": 44, "column": 38 },
        "end": { "line": 44, "column": 54 }
      },
      "9": {
        "start": { "line": 47, "column": 42 },
        "end": { "line": 47, "column": 68 }
      },
      "10": {
        "start": { "line": 48, "column": 56 },
        "end": { "line": 48, "column": 70 }
      },
      "11": {
        "start": { "line": 51, "column": 16 },
        "end": { "line": 51, "column": 40 }
      },
      "12": {
        "start": { "line": 54, "column": 26 },
        "end": { "line": 54, "column": 38 }
      },
      "13": {
        "start": { "line": 56, "column": 2 },
        "end": { "line": 87, "column": 9 }
      },
      "14": {
        "start": { "line": 57, "column": 4 },
        "end": { "line": 57, "column": 42 }
      },
      "15": {
        "start": { "line": 57, "column": 35 },
        "end": { "line": 57, "column": 42 }
      },
      "16": {
        "start": { "line": 59, "column": 4 },
        "end": { "line": 80, "column": 7 }
      },
      "17": {
        "start": { "line": 61, "column": 20 },
        "end": { "line": 61, "column": 25 }
      },
      "18": {
        "start": { "line": 62, "column": 6 },
        "end": { "line": 66, "column": 9 }
      },
      "19": {
        "start": { "line": 63, "column": 8 },
        "end": { "line": 65, "column": 9 }
      },
      "20": {
        "start": { "line": 64, "column": 10 },
        "end": { "line": 64, "column": 25 }
      },
      "21": {
        "start": { "line": 68, "column": 6 },
        "end": { "line": 78, "column": 11 }
      },
      "22": {
        "start": { "line": 70, "column": 48 },
        "end": { "line": 70, "column": 78 }
      },
      "23": {
        "start": { "line": 72, "column": 10 },
        "end": { "line": 77, "column": 13 }
      },
      "24": {
        "start": { "line": 73, "column": 12 },
        "end": { "line": 76, "column": 15 }
      },
      "25": {
        "start": { "line": 74, "column": 14 },
        "end": { "line": 74, "column": 74 }
      },
      "26": {
        "start": { "line": 74, "column": 37 },
        "end": { "line": 74, "column": 59 }
      },
      "27": {
        "start": { "line": 74, "column": 62 },
        "end": { "line": 74, "column": 74 }
      },
      "28": {
        "start": { "line": 75, "column": 14 },
        "end": { "line": 75, "column": 68 }
      },
      "29": {
        "start": { "line": 79, "column": 6 },
        "end": { "line": 79, "column": 36 }
      },
      "30": {
        "start": { "line": 82, "column": 18 },
        "end": { "line": 84, "column": 6 }
      },
      "31": {
        "start": { "line": 83, "column": 6 },
        "end": { "line": 83, "column": 43 }
      },
      "32": {
        "start": { "line": 86, "column": 4 },
        "end": { "line": 86, "column": 25 }
      },
      "33": {
        "start": { "line": 86, "column": 17 },
        "end": { "line": 86, "column": 24 }
      },
      "34": {
        "start": { "line": 90, "column": 2 },
        "end": { "line": 103, "column": 3 }
      },
      "35": {
        "start": { "line": 91, "column": 4 },
        "end": { "line": 102, "column": 6 }
      },
      "36": {
        "start": { "line": 105, "column": 21 },
        "end": { "line": 114, "column": 3 }
      },
      "37": {
        "start": { "line": 106, "column": 4 },
        "end": { "line": 106, "column": 40 }
      },
      "38": {
        "start": { "line": 106, "column": 28 },
        "end": { "line": 106, "column": 40 }
      },
      "39": {
        "start": { "line": 108, "column": 23 },
        "end": { "line": 108, "column": 78 }
      },
      "40": {
        "start": { "line": 111, "column": 4 },
        "end": { "line": 111, "column": 55 }
      },
      "41": {
        "start": { "line": 112, "column": 25 },
        "end": { "line": 112, "column": 57 }
      },
      "42": {
        "start": { "line": 113, "column": 4 },
        "end": { "line": 113, "column": 24 }
      },
      "43": {
        "start": { "line": 116, "column": 23 },
        "end": { "line": 169, "column": 3 }
      },
      "44": {
        "start": { "line": 117, "column": 4 },
        "end": { "line": 117, "column": 27 }
      },
      "45": {
        "start": { "line": 119, "column": 4 },
        "end": { "line": 119, "column": 53 }
      },
      "46": {
        "start": { "line": 119, "column": 46 },
        "end": { "line": 119, "column": 53 }
      },
      "47": {
        "start": { "line": 121, "column": 20 },
        "end": { "line": 121, "column": 38 }
      },
      "48": {
        "start": { "line": 123, "column": 32 },
        "end": { "line": 133, "column": 5 }
      },
      "49": {
        "start": { "line": 135, "column": 4 },
        "end": { "line": 141, "column": 7 }
      },
      "50": {
        "start": { "line": 140, "column": 6 },
        "end": { "line": 140, "column": 13 }
      },
      "51": {
        "start": { "line": 144, "column": 4 },
        "end": { "line": 163, "column": 7 }
      },
      "52": {
        "start": { "line": 145, "column": 25 },
        "end": { "line": 145, "column": 49 }
      },
      "53": {
        "start": { "line": 147, "column": 15 },
        "end": { "line": 147, "column": 17 }
      },
      "54": {
        "start": { "line": 150, "column": 6 },
        "end": { "line": 154, "column": 9 }
      },
      "55": {
        "start": { "line": 151, "column": 8 },
        "end": { "line": 153, "column": 9 }
      },
      "56": {
        "start": { "line": 152, "column": 10 },
        "end": { "line": 152, "column": 19 }
      },
      "57": {
        "start": { "line": 156, "column": 6 },
        "end": { "line": 162, "column": 9 }
      },
      "58": {
        "start": { "line": 165, "column": 4 },
        "end": { "line": 165, "column": 19 }
      },
      "59": {
        "start": { "line": 166, "column": 4 },
        "end": { "line": 166, "column": 24 }
      },
      "60": {
        "start": { "line": 167, "column": 4 },
        "end": { "line": 167, "column": 24 }
      },
      "61": {
        "start": { "line": 168, "column": 4 },
        "end": { "line": 168, "column": 57 }
      },
      "62": {
        "start": { "line": 172, "column": 23 },
        "end": { "line": 172, "column": 34 }
      },
      "63": {
        "start": { "line": 173, "column": 4 },
        "end": { "line": 173, "column": 24 }
      },
      "64": {
        "start": { "line": 174, "column": 4 },
        "end": { "line": 174, "column": 45 }
      },
      "65": {
        "start": { "line": 177, "column": 21 },
        "end": { "line": 181, "column": 3 }
      },
      "66": {
        "start": { "line": 178, "column": 4 },
        "end": { "line": 178, "column": 24 }
      },
      "67": {
        "start": { "line": 179, "column": 4 },
        "end": { "line": 179, "column": 24 }
      },
      "68": {
        "start": { "line": 180, "column": 4 },
        "end": { "line": 180, "column": 39 }
      },
      "69": {
        "start": { "line": 183, "column": 22 },
        "end": { "line": 185, "column": 3 }
      },
      "70": {
        "start": { "line": 184, "column": 4 },
        "end": { "line": 184, "column": 36 }
      },
      "71": {
        "start": { "line": 188, "column": 4 },
        "end": { "line": 190, "column": 5 }
      },
      "72": {
        "start": { "line": 189, "column": 6 },
        "end": { "line": 189, "column": 47 }
      },
      "73": {
        "start": { "line": 191, "column": 16 },
        "end": { "line": 193, "column": 5 }
      },
      "74": {
        "start": { "line": 194, "column": 4 },
        "end": { "line": 194, "column": 53 }
      },
      "75": {
        "start": { "line": 194, "column": 37 },
        "end": { "line": 194, "column": 51 }
      },
      "76": {
        "start": { "line": 199, "column": 20 },
        "end": { "line": 199, "column": 38 }
      },
      "77": {
        "start": { "line": 200, "column": 4 },
        "end": { "line": 202, "column": 6 }
      },
      "78": {
        "start": { "line": 201, "column": 18 },
        "end": { "line": 201, "column": 78 }
      },
      "79": {
        "start": { "line": 205, "column": 2 },
        "end": { "line": 346, "column": 4 }
      },
      "80": {
        "start": { "line": 211, "column": 12 },
        "end": { "line": 251, "column": 18 }
      },
      "81": {
        "start": { "line": 229, "column": 18 },
        "end": { "line": 231, "column": 19 }
      },
      "82": {
        "start": { "line": 230, "column": 20 },
        "end": { "line": 230, "column": 61 }
      },
      "83": {
        "start": { "line": 232, "column": 33 },
        "end": { "line": 240, "column": 19 }
      },
      "84": {
        "start": { "line": 241, "column": 18 },
        "end": { "line": 246, "column": 19 }
      },
      "85": {
        "start": { "line": 242, "column": 20 },
        "end": { "line": 242, "column": 49 }
      },
      "86": {
        "start": { "line": 244, "column": 20 },
        "end": { "line": 244, "column": 41 }
      },
      "87": {
        "start": { "line": 245, "column": 20 },
        "end": { "line": 245, "column": 41 }
      },
      "88": {
        "start": { "line": 256, "column": 10 },
        "end": { "line": 267, "column": 12 }
      },
      "89": {
        "start": { "line": 281, "column": 37 },
        "end": { "line": 281, "column": 67 }
      },
      "90": {
        "start": { "line": 304, "column": 35 },
        "end": { "line": 304, "column": 47 }
      },
      "91": {
        "start": { "line": 320, "column": 35 },
        "end": { "line": 320, "column": 47 }
      },
      "92": {
        "start": { "line": 341, "column": 31 },
        "end": { "line": 341, "column": 69 }
      }
    },
    "fnMap": {
      "0": {
        "name": "ChatRoom",
        "decl": {
          "start": { "line": 34, "column": 24 },
          "end": { "line": 34, "column": 32 }
        },
        "loc": {
          "start": { "line": 34, "column": 45 },
          "end": { "line": 347, "column": 1 }
        },
        "line": 34
      },
      "1": {
        "name": "(anonymous_1)",
        "decl": {
          "start": { "line": 56, "column": 12 },
          "end": { "line": 56, "column": 13 }
        },
        "loc": {
          "start": { "line": 56, "column": 18 },
          "end": { "line": 87, "column": 3 }
        },
        "line": 56
      },
      "2": {
        "name": "(anonymous_2)",
        "decl": {
          "start": { "line": 59, "column": 29 },
          "end": { "line": 59, "column": 30 }
        },
        "loc": {
          "start": { "line": 59, "column": 39 },
          "end": { "line": 80, "column": 5 }
        },
        "line": 59
      },
      "3": {
        "name": "(anonymous_3)",
        "decl": {
          "start": { "line": 62, "column": 39 },
          "end": { "line": 62, "column": 40 }
        },
        "loc": {
          "start": { "line": 62, "column": 58 },
          "end": { "line": 66, "column": 7 }
        },
        "line": 62
      },
      "4": {
        "name": "(anonymous_4)",
        "decl": {
          "start": { "line": 70, "column": 29 },
          "end": { "line": 70, "column": 30 }
        },
        "loc": {
          "start": { "line": 70, "column": 48 },
          "end": { "line": 70, "column": 78 }
        },
        "line": 70
      },
      "5": {
        "name": "(anonymous_5)",
        "decl": {
          "start": { "line": 71, "column": 17 },
          "end": { "line": 71, "column": 18 }
        },
        "loc": {
          "start": { "line": 71, "column": 36 },
          "end": { "line": 78, "column": 9 }
        },
        "line": 71
      },
      "6": {
        "name": "(anonymous_6)",
        "decl": {
          "start": { "line": 72, "column": 52 },
          "end": { "line": 72, "column": 53 }
        },
        "loc": {
          "start": { "line": 72, "column": 62 },
          "end": { "line": 77, "column": 11 }
        },
        "line": 72
      },
      "7": {
        "name": "(anonymous_7)",
        "decl": {
          "start": { "line": 73, "column": 28 },
          "end": { "line": 73, "column": 29 }
        },
        "loc": {
          "start": { "line": 73, "column": 38 },
          "end": { "line": 76, "column": 13 }
        },
        "line": 73
      },
      "8": {
        "name": "(anonymous_8)",
        "decl": {
          "start": { "line": 74, "column": 28 },
          "end": { "line": 74, "column": 29 }
        },
        "loc": {
          "start": { "line": 74, "column": 37 },
          "end": { "line": 74, "column": 59 }
        },
        "line": 74
      },
      "9": {
        "name": "(anonymous_9)",
        "decl": {
          "start": { "line": 82, "column": 42 },
          "end": { "line": 82, "column": 43 }
        },
        "loc": {
          "start": { "line": 82, "column": 51 },
          "end": { "line": 84, "column": 5 }
        },
        "line": 82
      },
      "10": {
        "name": "(anonymous_10)",
        "decl": {
          "start": { "line": 86, "column": 11 },
          "end": { "line": 86, "column": 12 }
        },
        "loc": {
          "start": { "line": 86, "column": 17 },
          "end": { "line": 86, "column": 24 }
        },
        "line": 86
      },
      "11": {
        "name": "(anonymous_11)",
        "decl": {
          "start": { "line": 105, "column": 21 },
          "end": { "line": 105, "column": 22 }
        },
        "loc": {
          "start": { "line": 105, "column": 33 },
          "end": { "line": 114, "column": 3 }
        },
        "line": 105
      },
      "12": {
        "name": "(anonymous_12)",
        "decl": {
          "start": { "line": 116, "column": 23 },
          "end": { "line": 116, "column": 24 }
        },
        "loc": {
          "start": { "line": 116, "column": 40 },
          "end": { "line": 169, "column": 3 }
        },
        "line": 116
      },
      "13": {
        "name": "(anonymous_13)",
        "decl": {
          "start": { "line": 139, "column": 13 },
          "end": { "line": 139, "column": 14 }
        },
        "loc": {
          "start": { "line": 139, "column": 19 },
          "end": { "line": 141, "column": 5 }
        },
        "line": 139
      },
      "14": {
        "name": "(anonymous_14)",
        "decl": {
          "start": { "line": 144, "column": 29 },
          "end": { "line": 144, "column": 30 }
        },
        "loc": {
          "start": { "line": 144, "column": 39 },
          "end": { "line": 163, "column": 5 }
        },
        "line": 144
      },
      "15": {
        "name": "(anonymous_15)",
        "decl": {
          "start": { "line": 150, "column": 27 },
          "end": { "line": 150, "column": 28 }
        },
        "loc": {
          "start": { "line": 150, "column": 36 },
          "end": { "line": 154, "column": 7 }
        },
        "line": 150
      },
      "16": {
        "name": "handleSelectedFile",
        "decl": {
          "start": { "line": 171, "column": 17 },
          "end": { "line": 171, "column": 35 }
        },
        "loc": {
          "start": { "line": 171, "column": 56 },
          "end": { "line": 175, "column": 3 }
        },
        "line": 171
      },
      "17": {
        "name": "(anonymous_17)",
        "decl": {
          "start": { "line": 177, "column": 21 },
          "end": { "line": 177, "column": 22 }
        },
        "loc": {
          "start": { "line": 177, "column": 27 },
          "end": { "line": 181, "column": 3 }
        },
        "line": 177
      },
      "18": {
        "name": "(anonymous_18)",
        "decl": {
          "start": { "line": 183, "column": 22 },
          "end": { "line": 183, "column": 23 }
        },
        "loc": {
          "start": { "line": 183, "column": 28 },
          "end": { "line": 185, "column": 3 }
        },
        "line": 183
      },
      "19": {
        "name": "getReports",
        "decl": {
          "start": { "line": 187, "column": 17 },
          "end": { "line": 187, "column": 27 }
        },
        "loc": {
          "start": { "line": 187, "column": 30 },
          "end": { "line": 195, "column": 3 }
        },
        "line": 187
      },
      "20": {
        "name": "(anonymous_20)",
        "decl": {
          "start": { "line": 194, "column": 24 },
          "end": { "line": 194, "column": 25 }
        },
        "loc": {
          "start": { "line": 194, "column": 37 },
          "end": { "line": 194, "column": 51 }
        },
        "line": 194
      },
      "21": {
        "name": "checkIfReported",
        "decl": {
          "start": { "line": 198, "column": 17 },
          "end": { "line": 198, "column": 32 }
        },
        "loc": {
          "start": { "line": 198, "column": 69 },
          "end": { "line": 203, "column": 3 }
        },
        "line": 198
      },
      "22": {
        "name": "(anonymous_22)",
        "decl": {
          "start": { "line": 201, "column": 6 },
          "end": { "line": 201, "column": 7 }
        },
        "loc": {
          "start": { "line": 201, "column": 18 },
          "end": { "line": 201, "column": 78 }
        },
        "line": 201
      },
      "23": {
        "name": "(anonymous_23)",
        "decl": {
          "start": { "line": 210, "column": 27 },
          "end": { "line": 210, "column": 28 }
        },
        "loc": {
          "start": { "line": 211, "column": 12 },
          "end": { "line": 251, "column": 18 }
        },
        "line": 211
      },
      "24": {
        "name": "(anonymous_24)",
        "decl": {
          "start": { "line": 228, "column": 25 },
          "end": { "line": 228, "column": 26 }
        },
        "loc": {
          "start": { "line": 228, "column": 37 },
          "end": { "line": 247, "column": 17 }
        },
        "line": 228
      },
      "25": {
        "name": "(anonymous_25)",
        "decl": {
          "start": { "line": 255, "column": 26 },
          "end": { "line": 255, "column": 27 }
        },
        "loc": {
          "start": { "line": 255, "column": 37 },
          "end": { "line": 268, "column": 9 }
        },
        "line": 255
      },
      "26": {
        "name": "(anonymous_26)",
        "decl": {
          "start": { "line": 281, "column": 26 },
          "end": { "line": 281, "column": 27 }
        },
        "loc": {
          "start": { "line": 281, "column": 37 },
          "end": { "line": 281, "column": 67 }
        },
        "line": 281
      },
      "27": {
        "name": "(anonymous_27)",
        "decl": {
          "start": { "line": 304, "column": 29 },
          "end": { "line": 304, "column": 30 }
        },
        "loc": {
          "start": { "line": 304, "column": 35 },
          "end": { "line": 304, "column": 47 }
        },
        "line": 304
      },
      "28": {
        "name": "(anonymous_28)",
        "decl": {
          "start": { "line": 320, "column": 29 },
          "end": { "line": 320, "column": 30 }
        },
        "loc": {
          "start": { "line": 320, "column": 35 },
          "end": { "line": 320, "column": 47 }
        },
        "line": 320
      },
      "29": {
        "name": "(anonymous_29)",
        "decl": {
          "start": { "line": 341, "column": 20 },
          "end": { "line": 341, "column": 21 }
        },
        "loc": {
          "start": { "line": 341, "column": 31 },
          "end": { "line": 341, "column": 69 }
        },
        "line": 341
      }
    },
    "branchMap": {
      "0": {
        "loc": {
          "start": { "line": 57, "column": 4 },
          "end": { "line": 57, "column": 42 }
        },
        "type": "if",
        "locations": [
          {
            "start": { "line": 57, "column": 4 },
            "end": { "line": 57, "column": 42 }
          },
          { "start": {}, "end": {} }
        ],
        "line": 57
      },
      "1": {
        "loc": {
          "start": { "line": 57, "column": 8 },
          "end": { "line": 57, "column": 33 }
        },
        "type": "binary-expr",
        "locations": [
          {
            "start": { "line": 57, "column": 8 },
            "end": { "line": 57, "column": 20 }
          },
          {
            "start": { "line": 57, "column": 24 },
            "end": { "line": 57, "column": 33 }
          }
        ],
        "line": 57
      },
      "2": {
        "loc": {
          "start": { "line": 63, "column": 8 },
          "end": { "line": 65, "column": 9 }
        },
        "type": "if",
        "locations": [
          {
            "start": { "line": 63, "column": 8 },
            "end": { "line": 65, "column": 9 }
          },
          { "start": {}, "end": {} }
        ],
        "line": 63
      },
      "3": {
        "loc": {
          "start": { "line": 74, "column": 14 },
          "end": { "line": 74, "column": 74 }
        },
        "type": "if",
        "locations": [
          {
            "start": { "line": 74, "column": 14 },
            "end": { "line": 74, "column": 74 }
          },
          { "start": {}, "end": {} }
        ],
        "line": 74
      },
      "4": {
        "loc": {
          "start": { "line": 90, "column": 2 },
          "end": { "line": 103, "column": 3 }
        },
        "type": "if",
        "locations": [
          {
            "start": { "line": 90, "column": 2 },
            "end": { "line": 103, "column": 3 }
          },
          { "start": {}, "end": {} }
        ],
        "line": 90
      },
      "5": {
        "loc": {
          "start": { "line": 90, "column": 6 },
          "end": { "line": 90, "column": 31 }
        },
        "type": "binary-expr",
        "locations": [
          {
            "start": { "line": 90, "column": 6 },
            "end": { "line": 90, "column": 18 }
          },
          {
            "start": { "line": 90, "column": 22 },
            "end": { "line": 90, "column": 31 }
          }
        ],
        "line": 90
      },
      "6": {
        "loc": {
          "start": { "line": 106, "column": 4 },
          "end": { "line": 106, "column": 40 }
        },
        "type": "if",
        "locations": [
          {
            "start": { "line": 106, "column": 4 },
            "end": { "line": 106, "column": 40 }
          },
          { "start": {}, "end": {} }
        ],
        "line": 106
      },
      "7": {
        "loc": {
          "start": { "line": 119, "column": 4 },
          "end": { "line": 119, "column": 53 }
        },
        "type": "if",
        "locations": [
          {
            "start": { "line": 119, "column": 4 },
            "end": { "line": 119, "column": 53 }
          },
          { "start": {}, "end": {} }
        ],
        "line": 119
      },
      "8": {
        "loc": {
          "start": { "line": 119, "column": 8 },
          "end": { "line": 119, "column": 44 }
        },
        "type": "binary-expr",
        "locations": [
          {
            "start": { "line": 119, "column": 8 },
            "end": { "line": 119, "column": 26 }
          },
          {
            "start": { "line": 119, "column": 30 },
            "end": { "line": 119, "column": 44 }
          }
        ],
        "line": 119
      },
      "9": {
        "loc": {
          "start": { "line": 131, "column": 16 },
          "end": { "line": 131, "column": 40 }
        },
        "type": "binary-expr",
        "locations": [
          {
            "start": { "line": 131, "column": 16 },
            "end": { "line": 131, "column": 32 }
          },
          {
            "start": { "line": 131, "column": 36 },
            "end": { "line": 131, "column": 40 }
          }
        ],
        "line": 131
      },
      "10": {
        "loc": {
          "start": { "line": 132, "column": 16 },
          "end": { "line": 132, "column": 40 }
        },
        "type": "binary-expr",
        "locations": [
          {
            "start": { "line": 132, "column": 16 },
            "end": { "line": 132, "column": 32 }
          },
          {
            "start": { "line": 132, "column": 36 },
            "end": { "line": 132, "column": 40 }
          }
        ],
        "line": 132
      },
      "11": {
        "loc": {
          "start": { "line": 151, "column": 8 },
          "end": { "line": 153, "column": 9 }
        },
        "type": "if",
        "locations": [
          {
            "start": { "line": 151, "column": 8 },
            "end": { "line": 153, "column": 9 }
          },
          { "start": {}, "end": {} }
        ],
        "line": 151
      },
      "12": {
        "loc": {
          "start": { "line": 188, "column": 4 },
          "end": { "line": 190, "column": 5 }
        },
        "type": "if",
        "locations": [
          {
            "start": { "line": 188, "column": 4 },
            "end": { "line": 190, "column": 5 }
          },
          { "start": {}, "end": {} }
        ],
        "line": 188
      },
      "13": {
        "loc": {
          "start": { "line": 201, "column": 18 },
          "end": { "line": 201, "column": 78 }
        },
        "type": "binary-expr",
        "locations": [
          {
            "start": { "line": 201, "column": 18 },
            "end": { "line": 201, "column": 46 }
          },
          {
            "start": { "line": 201, "column": 50 },
            "end": { "line": 201, "column": 78 }
          }
        ],
        "line": 201
      },
      "14": {
        "loc": {
          "start": { "line": 209, "column": 9 },
          "end": { "line": 252, "column": 12 }
        },
        "type": "binary-expr",
        "locations": [
          {
            "start": { "line": 209, "column": 9 },
            "end": { "line": 209, "column": 29 }
          },
          {
            "start": { "line": 210, "column": 10 },
            "end": { "line": 252, "column": 12 }
          }
        ],
        "line": 209
      },
      "15": {
        "loc": {
          "start": { "line": 229, "column": 18 },
          "end": { "line": 231, "column": 19 }
        },
        "type": "if",
        "locations": [
          {
            "start": { "line": 229, "column": 18 },
            "end": { "line": 231, "column": 19 }
          },
          { "start": {}, "end": {} }
        ],
        "line": 229
      },
      "16": {
        "loc": {
          "start": { "line": 241, "column": 18 },
          "end": { "line": 246, "column": 19 }
        },
        "type": "if",
        "locations": [
          {
            "start": { "line": 241, "column": 18 },
            "end": { "line": 246, "column": 19 }
          },
          {
            "start": { "line": 243, "column": 25 },
            "end": { "line": 246, "column": 19 }
          }
        ],
        "line": 241
      },
      "17": {
        "loc": {
          "start": { "line": 260, "column": 15 },
          "end": { "line": 265, "column": 17 }
        },
        "type": "binary-expr",
        "locations": [
          {
            "start": { "line": 260, "column": 15 },
            "end": { "line": 260, "column": 45 }
          },
          {
            "start": { "line": 261, "column": 16 },
            "end": { "line": 263, "column": 23 }
          },
          {
            "start": { "line": 264, "column": 18 },
            "end": { "line": 264, "column": 72 }
          }
        ],
        "line": 260
      },
      "18": {
        "loc": {
          "start": { "line": 289, "column": 13 },
          "end": { "line": 325, "column": 16 }
        },
        "type": "binary-expr",
        "locations": [
          {
            "start": { "line": 289, "column": 13 },
            "end": { "line": 289, "column": 31 }
          },
          {
            "start": { "line": 290, "column": 14 },
            "end": { "line": 290, "column": 32 }
          },
          {
            "start": { "line": 291, "column": 15 },
            "end": { "line": 325, "column": 15 }
          }
        ],
        "line": 289
      },
      "19": {
        "loc": {
          "start": { "line": 291, "column": 15 },
          "end": { "line": 325, "column": 15 }
        },
        "type": "cond-expr",
        "locations": [
          {
            "start": { "line": 292, "column": 16 },
            "end": { "line": 308, "column": 22 }
          },
          {
            "start": { "line": 310, "column": 16 },
            "end": { "line": 324, "column": 22 }
          }
        ],
        "line": 291
      }
    },
    "s": {
      "0": 4,
      "1": 142,
      "2": 142,
      "3": 142,
      "4": 142,
      "5": 142,
      "6": 142,
      "7": 142,
      "8": 142,
      "9": 142,
      "10": 142,
      "11": 142,
      "12": 142,
      "13": 142,
      "14": 6,
      "15": 0,
      "16": 6,
      "17": 6,
      "18": 6,
      "19": 12,
      "20": 6,
      "21": 6,
      "22": 12,
      "23": 6,
      "24": 6,
      "25": 6,
      "26": 0,
      "27": 0,
      "28": 6,
      "29": 6,
      "30": 6,
      "31": 16,
      "32": 6,
      "33": 2,
      "34": 142,
      "35": 0,
      "36": 142,
      "37": 12,
      "38": 2,
      "39": 10,
      "40": 10,
      "41": 10,
      "42": 8,
      "43": 142,
      "44": 12,
      "45": 12,
      "46": 0,
      "47": 12,
      "48": 10,
      "49": 10,
      "50": 0,
      "51": 10,
      "52": 10,
      "53": 10,
      "54": 10,
      "55": 20,
      "56": 10,
      "57": 10,
      "58": 10,
      "59": 10,
      "60": 10,
      "61": 10,
      "62": 8,
      "63": 8,
      "64": 8,
      "65": 142,
      "66": 4,
      "67": 4,
      "68": 4,
      "69": 142,
      "70": 2,
      "71": 2,
      "72": 2,
      "73": 2,
      "74": 2,
      "75": 0,
      "76": 2,
      "77": 2,
      "78": 0,
      "79": 142,
      "80": 124,
      "81": 2,
      "82": 2,
      "83": 2,
      "84": 2,
      "85": 0,
      "86": 2,
      "87": 2,
      "88": 740,
      "89": 92,
      "90": 2,
      "91": 2,
      "92": 8
    },
    "f": {
      "0": 142,
      "1": 6,
      "2": 6,
      "3": 12,
      "4": 12,
      "5": 6,
      "6": 6,
      "7": 6,
      "8": 0,
      "9": 16,
      "10": 2,
      "11": 12,
      "12": 12,
      "13": 0,
      "14": 10,
      "15": 20,
      "16": 8,
      "17": 4,
      "18": 2,
      "19": 2,
      "20": 0,
      "21": 2,
      "22": 0,
      "23": 124,
      "24": 2,
      "25": 740,
      "26": 92,
      "27": 2,
      "28": 2,
      "29": 8
    },
    "b": {
      "0": [0, 6],
      "1": [6, 6],
      "2": [6, 6],
      "3": [0, 6],
      "4": [0, 142],
      "5": [142, 142],
      "6": [2, 10],
      "7": [0, 12],
      "8": [12, 2],
      "9": [10, 2],
      "10": [10, 2],
      "11": [10, 10],
      "12": [2, 0],
      "13": [0, 0],
      "14": [142, 136],
      "15": [2, 0],
      "16": [0, 2],
      "17": [740, 604, 408],
      "18": [142, 8, 8],
      "19": [4, 4]
    },
    "_coverageSchema": "1a1c01bbd47fc00a2c39e90264f33305004495a9",
    "hash": "8f394bd8ad8e3202b72e722c530f1e7b908f3941"
  },
  "/home/jay/Projects/Interlinked/app/[locale]/edit-profile/page.tsx": {
    "path": "/home/jay/Projects/Interlinked/app/[locale]/edit-profile/page.tsx",
    "statementMap": {
      "0": {
        "start": { "line": 38, "column": 12 },
        "end": { "line": 38, "column": 42 }
      },
      "1": {
        "start": { "line": 39, "column": 17 },
        "end": { "line": 39, "column": 28 }
      },
      "2": {
        "start": { "line": 40, "column": 17 },
        "end": { "line": 40, "column": 28 }
      },
      "3": {
        "start": { "line": 41, "column": 60 },
        "end": { "line": 41, "column": 69 }
      },
      "4": {
        "start": { "line": 42, "column": 40 },
        "end": { "line": 42, "column": 55 }
      },
      "5": {
        "start": { "line": 45, "column": 46 },
        "end": { "line": 45, "column": 62 }
      },
      "6": {
        "start": { "line": 46, "column": 52 },
        "end": { "line": 48, "column": 3 }
      },
      "7": {
        "start": { "line": 51, "column": 2 },
        "end": { "line": 60, "column": 23 }
      },
      "8": {
        "start": { "line": 52, "column": 4 },
        "end": { "line": 54, "column": 5 }
      },
      "9": {
        "start": { "line": 53, "column": 6 },
        "end": { "line": 53, "column": 13 }
      },
      "10": {
        "start": { "line": 56, "column": 22 },
        "end": { "line": 56, "column": 57 }
      },
      "11": {
        "start": { "line": 57, "column": 4 },
        "end": { "line": 57, "column": 36 }
      },
      "12": {
        "start": { "line": 59, "column": 4 },
        "end": { "line": 59, "column": 48 }
      },
      "13": {
        "start": { "line": 59, "column": 17 },
        "end": { "line": 59, "column": 47 }
      },
      "14": {
        "start": { "line": 63, "column": 26 },
        "end": { "line": 63, "column": 67 }
      },
      "15": {
        "start": { "line": 64, "column": 40 },
        "end": { "line": 64, "column": 64 }
      },
      "16": {
        "start": { "line": 66, "column": 24 },
        "end": { "line": 66, "column": 64 }
      },
      "17": {
        "start": { "line": 67, "column": 38 },
        "end": { "line": 67, "column": 62 }
      },
      "18": {
        "start": { "line": 69, "column": 36 },
        "end": { "line": 71, "column": 3 }
      },
      "19": {
        "start": { "line": 72, "column": 46 },
        "end": { "line": 72, "column": 70 }
      },
      "20": {
        "start": { "line": 75, "column": 46 },
        "end": { "line": 77, "column": 3 }
      },
      "21": {
        "start": { "line": 78, "column": 48 },
        "end": { "line": 78, "column": 72 }
      },
      "22": {
        "start": { "line": 81, "column": 30 },
        "end": { "line": 83, "column": 3 }
      },
      "23": {
        "start": { "line": 84, "column": 44 },
        "end": { "line": 84, "column": 68 }
      },
      "24": {
        "start": { "line": 86, "column": 40 },
        "end": { "line": 88, "column": 3 }
      },
      "25": {
        "start": { "line": 89, "column": 54 },
        "end": { "line": 89, "column": 78 }
      },
      "26": {
        "start": { "line": 92, "column": 48 },
        "end": { "line": 92, "column": 72 }
      },
      "27": {
        "start": { "line": 94, "column": 36 },
        "end": { "line": 96, "column": 3 }
      },
      "28": {
        "start": { "line": 97, "column": 52 },
        "end": { "line": 99, "column": 3 }
      },
      "29": {
        "start": { "line": 98, "column": 38 },
        "end": { "line": 98, "column": 43 }
      },
      "30": {
        "start": { "line": 100, "column": 40 },
        "end": { "line": 100, "column": 73 }
      },
      "31": {
        "start": { "line": 103, "column": 32 },
        "end": { "line": 105, "column": 3 }
      },
      "32": {
        "start": { "line": 106, "column": 46 },
        "end": { "line": 106, "column": 70 }
      },
      "33": {
        "start": { "line": 109, "column": 28 },
        "end": { "line": 109, "column": 64 }
      },
      "34": {
        "start": { "line": 110, "column": 28 },
        "end": { "line": 110, "column": 70 }
      },
      "35": {
        "start": { "line": 111, "column": 46 },
        "end": { "line": 111, "column": 70 }
      },
      "36": {
        "start": { "line": 114, "column": 36 },
        "end": { "line": 116, "column": 3 }
      },
      "37": {
        "start": { "line": 117, "column": 50 },
        "end": { "line": 119, "column": 3 }
      },
      "38": {
        "start": { "line": 118, "column": 37 },
        "end": { "line": 118, "column": 42 }
      },
      "39": {
        "start": { "line": 122, "column": 48 },
        "end": { "line": 124, "column": 33 }
      },
      "40": {
        "start": { "line": 125, "column": 64 },
        "end": { "line": 127, "column": 50 }
      },
      "41": {
        "start": { "line": 127, "column": 43 },
        "end": { "line": 127, "column": 48 }
      },
      "42": {
        "start": { "line": 128, "column": 52 },
        "end": { "line": 128, "column": 72 }
      },
      "43": {
        "start": { "line": 131, "column": 30 },
        "end": { "line": 131, "column": 75 }
      },
      "44": {
        "start": { "line": 132, "column": 44 },
        "end": { "line": 134, "column": 3 }
      },
      "45": {
        "start": { "line": 133, "column": 34 },
        "end": { "line": 133, "column": 39 }
      },
      "46": {
        "start": { "line": 137, "column": 30 },
        "end": { "line": 137, "column": 75 }
      },
      "47": {
        "start": { "line": 138, "column": 44 },
        "end": { "line": 140, "column": 3 }
      },
      "48": {
        "start": { "line": 139, "column": 34 },
        "end": { "line": 139, "column": 39 }
      },
      "49": {
        "start": { "line": 143, "column": 34 },
        "end": { "line": 145, "column": 3 }
      },
      "50": {
        "start": { "line": 146, "column": 48 },
        "end": { "line": 148, "column": 3 }
      },
      "51": {
        "start": { "line": 147, "column": 36 },
        "end": { "line": 147, "column": 41 }
      },
      "52": {
        "start": { "line": 151, "column": 38 },
        "end": { "line": 153, "column": 3 }
      },
      "53": {
        "start": { "line": 154, "column": 52 },
        "end": { "line": 156, "column": 3 }
      },
      "54": {
        "start": { "line": 155, "column": 38 },
        "end": { "line": 155, "column": 43 }
      },
      "55": {
        "start": { "line": 159, "column": 32 },
        "end": { "line": 159, "column": 79 }
      },
      "56": {
        "start": { "line": 160, "column": 46 },
        "end": { "line": 162, "column": 3 }
      },
      "57": {
        "start": { "line": 161, "column": 35 },
        "end": { "line": 161, "column": 40 }
      },
      "58": {
        "start": { "line": 165, "column": 46 },
        "end": { "line": 167, "column": 3 }
      },
      "59": {
        "start": { "line": 168, "column": 60 },
        "end": { "line": 172, "column": 3 }
      },
      "60": {
        "start": { "line": 170, "column": 46 },
        "end": { "line": 170, "column": 51 }
      },
      "61": {
        "start": { "line": 175, "column": 42 },
        "end": { "line": 177, "column": 3 }
      },
      "62": {
        "start": { "line": 178, "column": 56 },
        "end": { "line": 180, "column": 3 }
      },
      "63": {
        "start": { "line": 179, "column": 40 },
        "end": { "line": 179, "column": 45 }
      },
      "64": {
        "start": { "line": 183, "column": 2 },
        "end": { "line": 196, "column": 3 }
      },
      "65": {
        "start": { "line": 184, "column": 4 },
        "end": { "line": 195, "column": 6 }
      },
      "66": {
        "start": { "line": 198, "column": 40 },
        "end": { "line": 219, "column": 3 }
      },
      "67": {
        "start": { "line": 203, "column": 42 },
        "end": { "line": 203, "column": 62 }
      },
      "68": {
        "start": { "line": 208, "column": 36 },
        "end": { "line": 208, "column": 53 }
      },
      "69": {
        "start": { "line": 213, "column": 52 },
        "end": { "line": 213, "column": 77 }
      },
      "70": {
        "start": { "line": 214, "column": 48 },
        "end": { "line": 214, "column": 71 }
      },
      "71": {
        "start": { "line": 222, "column": 30 },
        "end": { "line": 225, "column": 5 }
      },
      "72": {
        "start": { "line": 228, "column": 4 },
        "end": { "line": 228, "column": 57 }
      },
      "73": {
        "start": { "line": 229, "column": 4 },
        "end": { "line": 229, "column": 76 }
      },
      "74": {
        "start": { "line": 233, "column": 17 },
        "end": { "line": 233, "column": 46 }
      },
      "75": {
        "start": { "line": 234, "column": 4 },
        "end": { "line": 236, "column": 5 }
      },
      "76": {
        "start": { "line": 235, "column": 6 },
        "end": { "line": 235, "column": 13 }
      },
      "77": {
        "start": { "line": 237, "column": 4 },
        "end": { "line": 249, "column": 5 }
      },
      "78": {
        "start": { "line": 238, "column": 6 },
        "end": { "line": 240, "column": 7 }
      },
      "79": {
        "start": { "line": 239, "column": 8 },
        "end": { "line": 239, "column": 37 }
      },
      "80": {
        "start": { "line": 242, "column": 6 },
        "end": { "line": 242, "column": 67 }
      },
      "81": {
        "start": { "line": 244, "column": 6 },
        "end": { "line": 244, "column": 22 }
      },
      "82": {
        "start": { "line": 245, "column": 6 },
        "end": { "line": 245, "column": 32 }
      },
      "83": {
        "start": { "line": 246, "column": 6 },
        "end": { "line": 246, "column": 45 }
      },
      "84": {
        "start": { "line": 248, "column": 6 },
        "end": { "line": 248, "column": 25 }
      },
      "85": {
        "start": { "line": 253, "column": 4 },
        "end": { "line": 262, "column": 5 }
      },
      "86": {
        "start": { "line": 254, "column": 6 },
        "end": { "line": 254, "column": 28 }
      },
      "87": {
        "start": { "line": 257, "column": 6 },
        "end": { "line": 257, "column": 38 }
      },
      "88": {
        "start": { "line": 258, "column": 6 },
        "end": { "line": 258, "column": 28 }
      },
      "89": {
        "start": { "line": 260, "column": 6 },
        "end": { "line": 260, "column": 25 }
      },
      "90": {
        "start": { "line": 261, "column": 6 },
        "end": { "line": 261, "column": 19 }
      },
      "91": {
        "start": { "line": 265, "column": 2 },
        "end": { "line": 342, "column": 3 }
      },
      "92": {
        "start": { "line": 266, "column": 4 },
        "end": { "line": 341, "column": 6 }
      },
      "93": {
        "start": { "line": 331, "column": 25 },
        "end": { "line": 331, "column": 45 }
      },
      "94": {
        "start": { "line": 337, "column": 24 },
        "end": { "line": 337, "column": 45 }
      },
      "95": {
        "start": { "line": 345, "column": 2 },
        "end": { "line": 530, "column": 4 }
      },
      "96": {
        "start": { "line": 520, "column": 23 },
        "end": { "line": 520, "column": 43 }
      },
      "97": {
        "start": { "line": 526, "column": 22 },
        "end": { "line": 526, "column": 43 }
      }
    },
    "fnMap": {
      "0": {
        "name": "EditProfile",
        "decl": {
          "start": { "line": 37, "column": 24 },
          "end": { "line": 37, "column": 35 }
        },
        "loc": {
          "start": { "line": 37, "column": 38 },
          "end": { "line": 531, "column": 1 }
        },
        "line": 37
      },
      "1": {
        "name": "(anonymous_1)",
        "decl": {
          "start": { "line": 51, "column": 12 },
          "end": { "line": 51, "column": 13 }
        },
        "loc": {
          "start": { "line": 51, "column": 18 },
          "end": { "line": 60, "column": 3 }
        },
        "line": 51
      },
      "2": {
        "name": "(anonymous_2)",
        "decl": {
          "start": { "line": 59, "column": 11 },
          "end": { "line": 59, "column": 12 }
        },
        "loc": {
          "start": { "line": 59, "column": 17 },
          "end": { "line": 59, "column": 47 }
        },
        "line": 59
      },
      "3": {
        "name": "(anonymous_3)",
        "decl": {
          "start": { "line": 98, "column": 32 },
          "end": { "line": 98, "column": 33 }
        },
        "loc": {
          "start": { "line": 98, "column": 38 },
          "end": { "line": 98, "column": 43 }
        },
        "line": 98
      },
      "4": {
        "name": "(anonymous_4)",
        "decl": {
          "start": { "line": 118, "column": 31 },
          "end": { "line": 118, "column": 32 }
        },
        "loc": {
          "start": { "line": 118, "column": 37 },
          "end": { "line": 118, "column": 42 }
        },
        "line": 118
      },
      "5": {
        "name": "(anonymous_5)",
        "decl": {
          "start": { "line": 127, "column": 37 },
          "end": { "line": 127, "column": 38 }
        },
        "loc": {
          "start": { "line": 127, "column": 43 },
          "end": { "line": 127, "column": 48 }
        },
        "line": 127
      },
      "6": {
        "name": "(anonymous_6)",
        "decl": {
          "start": { "line": 133, "column": 28 },
          "end": { "line": 133, "column": 29 }
        },
        "loc": {
          "start": { "line": 133, "column": 34 },
          "end": { "line": 133, "column": 39 }
        },
        "line": 133
      },
      "7": {
        "name": "(anonymous_7)",
        "decl": {
          "start": { "line": 139, "column": 28 },
          "end": { "line": 139, "column": 29 }
        },
        "loc": {
          "start": { "line": 139, "column": 34 },
          "end": { "line": 139, "column": 39 }
        },
        "line": 139
      },
      "8": {
        "name": "(anonymous_8)",
        "decl": {
          "start": { "line": 147, "column": 30 },
          "end": { "line": 147, "column": 31 }
        },
        "loc": {
          "start": { "line": 147, "column": 36 },
          "end": { "line": 147, "column": 41 }
        },
        "line": 147
      },
      "9": {
        "name": "(anonymous_9)",
        "decl": {
          "start": { "line": 155, "column": 32 },
          "end": { "line": 155, "column": 33 }
        },
        "loc": {
          "start": { "line": 155, "column": 38 },
          "end": { "line": 155, "column": 43 }
        },
        "line": 155
      },
      "10": {
        "name": "(anonymous_10)",
        "decl": {
          "start": { "line": 161, "column": 29 },
          "end": { "line": 161, "column": 30 }
        },
        "loc": {
          "start": { "line": 161, "column": 35 },
          "end": { "line": 161, "column": 40 }
        },
        "line": 161
      },
      "11": {
        "name": "(anonymous_11)",
        "decl": {
          "start": { "line": 170, "column": 40 },
          "end": { "line": 170, "column": 41 }
        },
        "loc": {
          "start": { "line": 170, "column": 46 },
          "end": { "line": 170, "column": 51 }
        },
        "line": 170
      },
      "12": {
        "name": "(anonymous_12)",
        "decl": {
          "start": { "line": 179, "column": 34 },
          "end": { "line": 179, "column": 35 }
        },
        "loc": {
          "start": { "line": 179, "column": 40 },
          "end": { "line": 179, "column": 45 }
        },
        "line": 179
      },
      "13": {
        "name": "(anonymous_13)",
        "decl": {
          "start": { "line": 203, "column": 32 },
          "end": { "line": 203, "column": 33 }
        },
        "loc": {
          "start": { "line": 203, "column": 42 },
          "end": { "line": 203, "column": 62 }
        },
        "line": 203
      },
      "14": {
        "name": "(anonymous_14)",
        "decl": {
          "start": { "line": 208, "column": 26 },
          "end": { "line": 208, "column": 27 }
        },
        "loc": {
          "start": { "line": 208, "column": 36 },
          "end": { "line": 208, "column": 53 }
        },
        "line": 208
      },
      "15": {
        "name": "(anonymous_15)",
        "decl": {
          "start": { "line": 213, "column": 42 },
          "end": { "line": 213, "column": 43 }
        },
        "loc": {
          "start": { "line": 213, "column": 52 },
          "end": { "line": 213, "column": 77 }
        },
        "line": 213
      },
      "16": {
        "name": "(anonymous_16)",
        "decl": {
          "start": { "line": 214, "column": 38 },
          "end": { "line": 214, "column": 39 }
        },
        "loc": {
          "start": { "line": 214, "column": 48 },
          "end": { "line": 214, "column": 71 }
        },
        "line": 214
      },
      "17": {
        "name": "uploadProfilePicture",
        "decl": {
          "start": { "line": 221, "column": 17 },
          "end": { "line": 221, "column": 37 }
        },
        "loc": {
          "start": { "line": 221, "column": 40 },
          "end": { "line": 230, "column": 3 }
        },
        "line": 221
      },
      "18": {
        "name": "updateAccount",
        "decl": {
          "start": { "line": 232, "column": 17 },
          "end": { "line": 232, "column": 30 }
        },
        "loc": {
          "start": { "line": 232, "column": 33 },
          "end": { "line": 250, "column": 3 }
        },
        "line": 232
      },
      "19": {
        "name": "onDeleteAccount",
        "decl": {
          "start": { "line": 252, "column": 17 },
          "end": { "line": 252, "column": 32 }
        },
        "loc": {
          "start": { "line": 252, "column": 35 },
          "end": { "line": 263, "column": 3 }
        },
        "line": 252
      },
      "20": {
        "name": "(anonymous_20)",
        "decl": {
          "start": { "line": 331, "column": 19 },
          "end": { "line": 331, "column": 20 }
        },
        "loc": {
          "start": { "line": 331, "column": 25 },
          "end": { "line": 331, "column": 45 }
        },
        "line": 331
      },
      "21": {
        "name": "(anonymous_21)",
        "decl": {
          "start": { "line": 337, "column": 18 },
          "end": { "line": 337, "column": 19 }
        },
        "loc": {
          "start": { "line": 337, "column": 24 },
          "end": { "line": 337, "column": 45 }
        },
        "line": 337
      },
      "22": {
        "name": "(anonymous_22)",
        "decl": {
          "start": { "line": 520, "column": 17 },
          "end": { "line": 520, "column": 18 }
        },
        "loc": {
          "start": { "line": 520, "column": 23 },
          "end": { "line": 520, "column": 43 }
        },
        "line": 520
      },
      "23": {
        "name": "(anonymous_23)",
        "decl": {
          "start": { "line": 526, "column": 16 },
          "end": { "line": 526, "column": 17 }
        },
        "loc": {
          "start": { "line": 526, "column": 22 },
          "end": { "line": 526, "column": 43 }
        },
        "line": 526
      }
    },
    "branchMap": {
      "0": {
        "loc": {
          "start": { "line": 52, "column": 4 },
          "end": { "line": 54, "column": 5 }
        },
        "type": "if",
        "locations": [
          {
            "start": { "line": 52, "column": 4 },
            "end": { "line": 54, "column": 5 }
          },
          { "start": {}, "end": {} }
        ],
        "line": 52
      },
      "1": {
        "loc": {
          "start": { "line": 63, "column": 43 },
          "end": { "line": 63, "column": 66 }
        },
        "type": "binary-expr",
        "locations": [
          {
            "start": { "line": 63, "column": 43 },
            "end": { "line": 63, "column": 60 }
          },
          {
            "start": { "line": 63, "column": 64 },
            "end": { "line": 63, "column": 66 }
          }
        ],
        "line": 63
      },
      "2": {
        "loc": {
          "start": { "line": 66, "column": 41 },
          "end": { "line": 66, "column": 63 }
        },
        "type": "binary-expr",
        "locations": [
          {
            "start": { "line": 66, "column": 41 },
            "end": { "line": 66, "column": 57 }
          },
          {
            "start": { "line": 66, "column": 61 },
            "end": { "line": 66, "column": 63 }
          }
        ],
        "line": 66
      },
      "3": {
        "loc": {
          "start": { "line": 70, "column": 4 },
          "end": { "line": 70, "column": 35 }
        },
        "type": "binary-expr",
        "locations": [
          {
            "start": { "line": 70, "column": 4 },
            "end": { "line": 70, "column": 26 }
          },
          {
            "start": { "line": 70, "column": 30 },
            "end": { "line": 70, "column": 35 }
          }
        ],
        "line": 70
      },
      "4": {
        "loc": {
          "start": { "line": 76, "column": 4 },
          "end": { "line": 76, "column": 40 }
        },
        "type": "binary-expr",
        "locations": [
          {
            "start": { "line": 76, "column": 4 },
            "end": { "line": 76, "column": 31 }
          },
          {
            "start": { "line": 76, "column": 35 },
            "end": { "line": 76, "column": 40 }
          }
        ],
        "line": 76
      },
      "5": {
        "loc": {
          "start": { "line": 82, "column": 4 },
          "end": { "line": 82, "column": 31 }
        },
        "type": "binary-expr",
        "locations": [
          {
            "start": { "line": 82, "column": 4 },
            "end": { "line": 82, "column": 23 }
          },
          {
            "start": { "line": 82, "column": 27 },
            "end": { "line": 82, "column": 31 }
          }
        ],
        "line": 82
      },
      "6": {
        "loc": {
          "start": { "line": 87, "column": 4 },
          "end": { "line": 87, "column": 36 }
        },
        "type": "binary-expr",
        "locations": [
          {
            "start": { "line": 87, "column": 4 },
            "end": { "line": 87, "column": 28 }
          },
          {
            "start": { "line": 87, "column": 32 },
            "end": { "line": 87, "column": 36 }
          }
        ],
        "line": 87
      },
      "7": {
        "loc": {
          "start": { "line": 95, "column": 4 },
          "end": { "line": 95, "column": 32 }
        },
        "type": "binary-expr",
        "locations": [
          {
            "start": { "line": 95, "column": 4 },
            "end": { "line": 95, "column": 26 }
          },
          {
            "start": { "line": 95, "column": 30 },
            "end": { "line": 95, "column": 32 }
          }
        ],
        "line": 95
      },
      "8": {
        "loc": {
          "start": { "line": 104, "column": 4 },
          "end": { "line": 104, "column": 78 }
        },
        "type": "binary-expr",
        "locations": [
          {
            "start": { "line": 104, "column": 4 },
            "end": { "line": 104, "column": 24 }
          },
          {
            "start": { "line": 104, "column": 29 },
            "end": { "line": 104, "column": 77 }
          }
        ],
        "line": 104
      },
      "9": {
        "loc": {
          "start": { "line": 110, "column": 45 },
          "end": { "line": 110, "column": 69 }
        },
        "type": "binary-expr",
        "locations": [
          {
            "start": { "line": 110, "column": 45 },
            "end": { "line": 110, "column": 63 }
          },
          {
            "start": { "line": 110, "column": 67 },
            "end": { "line": 110, "column": 69 }
          }
        ],
        "line": 110
      },
      "10": {
        "loc": {
          "start": { "line": 166, "column": 4 },
          "end": { "line": 166, "column": 37 }
        },
        "type": "binary-expr",
        "locations": [
          {
            "start": { "line": 166, "column": 4 },
            "end": { "line": 166, "column": 31 }
          },
          {
            "start": { "line": 166, "column": 35 },
            "end": { "line": 166, "column": 37 }
          }
        ],
        "line": 166
      },
      "11": {
        "loc": {
          "start": { "line": 169, "column": 4 },
          "end": { "line": 171, "column": 10 }
        },
        "type": "cond-expr",
        "locations": [
          {
            "start": { "line": 170, "column": 8 },
            "end": { "line": 170, "column": 52 }
          },
          {
            "start": { "line": 171, "column": 8 },
            "end": { "line": 171, "column": 10 }
          }
        ],
        "line": 169
      },
      "12": {
        "loc": {
          "start": { "line": 183, "column": 2 },
          "end": { "line": 196, "column": 3 }
        },
        "type": "if",
        "locations": [
          {
            "start": { "line": 183, "column": 2 },
            "end": { "line": 196, "column": 3 }
          },
          { "start": {}, "end": {} }
        ],
        "line": 183
      },
      "13": {
        "loc": {
          "start": { "line": 183, "column": 6 },
          "end": { "line": 183, "column": 31 }
        },
        "type": "binary-expr",
        "locations": [
          {
            "start": { "line": 183, "column": 6 },
            "end": { "line": 183, "column": 18 }
          },
          {
            "start": { "line": 183, "column": 22 },
            "end": { "line": 183, "column": 31 }
          }
        ],
        "line": 183
      },
      "14": {
        "loc": {
          "start": { "line": 205, "column": 11 },
          "end": { "line": 205, "column": 54 }
        },
        "type": "cond-expr",
        "locations": [
          {
            "start": { "line": 205, "column": 29 },
            "end": { "line": 205, "column": 34 }
          },
          {
            "start": { "line": 205, "column": 37 },
            "end": { "line": 205, "column": 54 }
          }
        ],
        "line": 205
      },
      "15": {
        "loc": {
          "start": { "line": 234, "column": 4 },
          "end": { "line": 236, "column": 5 }
        },
        "type": "if",
        "locations": [
          {
            "start": { "line": 234, "column": 4 },
            "end": { "line": 236, "column": 5 }
          },
          { "start": {}, "end": {} }
        ],
        "line": 234
      },
      "16": {
        "loc": {
          "start": { "line": 238, "column": 6 },
          "end": { "line": 240, "column": 7 }
        },
        "type": "if",
        "locations": [
          {
            "start": { "line": 238, "column": 6 },
            "end": { "line": 240, "column": 7 }
          },
          { "start": {}, "end": {} }
        ],
        "line": 238
      },
      "17": {
        "loc": {
          "start": { "line": 265, "column": 2 },
          "end": { "line": 342, "column": 3 }
        },
        "type": "if",
        "locations": [
          {
            "start": { "line": 265, "column": 2 },
            "end": { "line": 342, "column": 3 }
          },
          { "start": {}, "end": {} }
        ],
        "line": 265
      }
    },
    "s": {
      "0": 2363,
      "1": 2359,
      "2": 2359,
      "3": 2359,
      "4": 2359,
      "5": 2359,
      "6": 2359,
      "7": 2359,
      "8": 20,
      "9": 16,
      "10": 4,
      "11": 4,
      "12": 4,
      "13": 4,
      "14": 2359,
      "15": 2359,
      "16": 2359,
      "17": 2359,
      "18": 2359,
      "19": 2359,
      "20": 2359,
      "21": 2359,
      "22": 2359,
      "23": 2359,
      "24": 2359,
      "25": 2359,
      "26": 2359,
      "27": 2359,
      "28": 2359,
      "29": 380,
      "30": 2359,
      "31": 2359,
      "32": 2359,
      "33": 2359,
      "34": 2359,
      "35": 2359,
      "36": 2359,
      "37": 2359,
      "38": 380,
      "39": 2359,
      "40": 2359,
      "41": 380,
      "42": 2359,
      "43": 2359,
      "44": 2359,
      "45": 190,
      "46": 2359,
      "47": 2359,
      "48": 190,
      "49": 2359,
      "50": 2359,
      "51": 380,
      "52": 2359,
      "53": 2359,
      "54": 380,
      "55": 2359,
      "56": 2359,
      "57": 190,
      "58": 2359,
      "59": 2359,
      "60": 190,
      "61": 2359,
      "62": 2359,
      "63": 380,
      "64": 2359,
      "65": 4,
      "66": 2355,
      "67": 3476,
      "68": 712,
      "69": 616,
      "70": 770,
      "71": 4,
      "72": 4,
      "73": 4,
      "74": 10,
      "75": 10,
      "76": 0,
      "77": 10,
      "78": 10,
      "79": 4,
      "80": 10,
      "81": 9,
      "82": 7,
      "83": 7,
      "84": 2,
      "85": 4,
      "86": 4,
      "87": 4,
      "88": 4,
      "89": 0,
      "90": 0,
      "91": 2355,
      "92": 4,
      "93": 2,
      "94": 0,
      "95": 2351,
      "96": 2,
      "97": 0
    },
    "f": {
      "0": 2363,
      "1": 20,
      "2": 4,
      "3": 380,
      "4": 380,
      "5": 380,
      "6": 190,
      "7": 190,
      "8": 380,
      "9": 380,
      "10": 190,
      "11": 190,
      "12": 380,
      "13": 3476,
      "14": 712,
      "15": 616,
      "16": 770,
      "17": 4,
      "18": 10,
      "19": 4,
      "20": 2,
      "21": 0,
      "22": 2,
      "23": 0
    },
    "b": {
      "0": [16, 4],
      "1": [2359, 4],
      "2": [2359, 2026],
      "3": [2359, 2359],
      "4": [2359, 2357],
      "5": [2359, 2313],
      "6": [2359, 2313],
      "7": [2359, 4],
      "8": [2359, 12],
      "9": [2359, 2169],
      "10": [2359, 4],
      "11": [2355, 4],
      "12": [4, 2355],
      "13": [2359, 2355],
      "14": [2249, 106],
      "15": [0, 10],
      "16": [4, 6],
      "17": [4, 2351]
    },
    "_coverageSchema": "1a1c01bbd47fc00a2c39e90264f33305004495a9",
    "hash": "5f7a88c5e63fdc5f16425c7350927c3539ace928"
  },
  "/home/jay/Projects/Interlinked/app/[locale]/feed/layout.tsx": {
    "path": "/home/jay/Projects/Interlinked/app/[locale]/feed/layout.tsx",
    "statementMap": {
      "0": {
        "start": { "line": 5, "column": 19 },
        "end": { "line": 19, "column": 1 }
      },
      "1": {
        "start": { "line": 6, "column": 12 },
        "end": { "line": 6, "column": 35 }
      },
      "2": {
        "start": { "line": 7, "column": 2 },
        "end": { "line": 18, "column": 4 }
      }
    },
    "fnMap": {
      "0": {
        "name": "(anonymous_0)",
        "decl": {
          "start": { "line": 5, "column": 19 },
          "end": { "line": 5, "column": 20 }
        },
        "loc": {
          "start": { "line": 5, "column": 68 },
          "end": { "line": 19, "column": 1 }
        },
        "line": 5
      }
    },
    "branchMap": {},
    "s": { "0": 4, "1": 4, "2": 4 },
    "f": { "0": 4 },
    "b": {},
    "_coverageSchema": "1a1c01bbd47fc00a2c39e90264f33305004495a9",
    "hash": "8b06ba264c850840ae16a9488add6c64c96c685f"
  },
  "/home/jay/Projects/Interlinked/app/[locale]/feed/page.tsx": {
    "path": "/home/jay/Projects/Interlinked/app/[locale]/feed/page.tsx",
    "statementMap": {
      "0": {
        "start": { "line": 26, "column": 12 },
        "end": { "line": 26, "column": 35 }
      },
      "1": {
        "start": { "line": 27, "column": 36 },
        "end": { "line": 27, "column": 45 }
      },
      "2": {
        "start": { "line": 28, "column": 32 },
        "end": { "line": 28, "column": 55 }
      },
      "3": {
        "start": { "line": 29, "column": 28 },
        "end": { "line": 29, "column": 54 }
      },
      "4": {
        "start": { "line": 30, "column": 32 },
        "end": { "line": 30, "column": 58 }
      },
      "5": {
        "start": { "line": 31, "column": 36 },
        "end": { "line": 31, "column": 59 }
      },
      "6": {
        "start": { "line": 32, "column": 22 },
        "end": { "line": 32, "column": 39 }
      },
      "7": {
        "start": { "line": 33, "column": 19 },
        "end": { "line": 33, "column": 36 }
      },
      "8": {
        "start": { "line": 34, "column": 20 },
        "end": { "line": 34, "column": 40 }
      },
      "9": {
        "start": { "line": 35, "column": 25 },
        "end": { "line": 35, "column": 47 }
      },
      "10": {
        "start": { "line": 36, "column": 32 },
        "end": { "line": 36, "column": 33 }
      },
      "11": {
        "start": { "line": 37, "column": 29 },
        "end": { "line": 37, "column": 31 }
      },
      "12": {
        "start": { "line": 39, "column": 2 },
        "end": { "line": 58, "column": 9 }
      },
      "13": {
        "start": { "line": 40, "column": 4 },
        "end": { "line": 56, "column": 5 }
      },
      "14": {
        "start": { "line": 41, "column": 6 },
        "end": { "line": 43, "column": 8 }
      },
      "15": {
        "start": { "line": 44, "column": 6 },
        "end": { "line": 55, "column": 44 }
      },
      "16": {
        "start": { "line": 46, "column": 10 },
        "end": { "line": 53, "column": 13 }
      },
      "17": {
        "start": { "line": 47, "column": 12 },
        "end": { "line": 52, "column": 14 }
      },
      "18": {
        "start": { "line": 50, "column": 34 },
        "end": { "line": 50, "column": 73 }
      },
      "19": {
        "start": { "line": 55, "column": 24 },
        "end": { "line": 55, "column": 42 }
      },
      "20": {
        "start": { "line": 57, "column": 4 },
        "end": { "line": 57, "column": 22 }
      },
      "21": {
        "start": { "line": 60, "column": 35 },
        "end": { "line": 125, "column": 3 }
      },
      "22": {
        "start": { "line": 61, "column": 4 },
        "end": { "line": 63, "column": 5 }
      },
      "23": {
        "start": { "line": 62, "column": 6 },
        "end": { "line": 62, "column": 16 }
      },
      "24": {
        "start": { "line": 64, "column": 27 },
        "end": { "line": 64, "column": 39 }
      },
      "25": {
        "start": { "line": 65, "column": 4 },
        "end": { "line": 70, "column": 5 }
      },
      "26": {
        "start": { "line": 67, "column": 6 },
        "end": { "line": 67, "column": 40 }
      },
      "27": {
        "start": { "line": 68, "column": 6 },
        "end": { "line": 68, "column": 30 }
      },
      "28": {
        "start": { "line": 69, "column": 6 },
        "end": { "line": 69, "column": 36 }
      },
      "29": {
        "start": { "line": 71, "column": 34 },
        "end": { "line": 71, "column": 36 }
      },
      "30": {
        "start": { "line": 72, "column": 4 },
        "end": { "line": 113, "column": 5 }
      },
      "31": {
        "start": { "line": 72, "column": 17 },
        "end": { "line": 72, "column": 36 }
      },
      "32": {
        "start": { "line": 73, "column": 6 },
        "end": { "line": 81, "column": 7 }
      },
      "33": {
        "start": { "line": 75, "column": 27 },
        "end": { "line": 75, "column": 76 }
      },
      "34": {
        "start": { "line": 77, "column": 8 },
        "end": { "line": 80, "column": 11 }
      },
      "35": {
        "start": { "line": 77, "column": 32 },
        "end": { "line": 80, "column": 9 }
      },
      "36": {
        "start": { "line": 85, "column": 35 },
        "end": { "line": 103, "column": 7 }
      },
      "37": {
        "start": { "line": 104, "column": 26 },
        "end": { "line": 104, "column": 61 }
      },
      "38": {
        "start": { "line": 105, "column": 6 },
        "end": { "line": 107, "column": 9 }
      },
      "39": {
        "start": { "line": 106, "column": 8 },
        "end": { "line": 106, "column": 60 }
      },
      "40": {
        "start": { "line": 108, "column": 6 },
        "end": { "line": 108, "column": 28 }
      },
      "41": {
        "start": { "line": 110, "column": 6 },
        "end": { "line": 112, "column": 7 }
      },
      "42": {
        "start": { "line": 111, "column": 8 },
        "end": { "line": 111, "column": 14 }
      },
      "43": {
        "start": { "line": 116, "column": 4 },
        "end": { "line": 123, "column": 5 }
      },
      "44": {
        "start": { "line": 118, "column": 25 },
        "end": { "line": 118, "column": 70 }
      },
      "45": {
        "start": { "line": 119, "column": 6 },
        "end": { "line": 121, "column": 7 }
      },
      "46": {
        "start": { "line": 120, "column": 8 },
        "end": { "line": 120, "column": 28 }
      },
      "47": {
        "start": { "line": 122, "column": 6 },
        "end": { "line": 122, "column": 24 }
      },
      "48": {
        "start": { "line": 124, "column": 4 },
        "end": { "line": 124, "column": 21 }
      },
      "49": {
        "start": { "line": 127, "column": 2 },
        "end": { "line": 145, "column": 3 }
      },
      "50": {
        "start": { "line": 130, "column": 4 },
        "end": { "line": 144, "column": 6 }
      },
      "51": {
        "start": { "line": 147, "column": 2 },
        "end": { "line": 205, "column": 4 }
      },
      "52": {
        "start": { "line": 156, "column": 10 },
        "end": { "line": 167, "column": 12 }
      },
      "53": {
        "start": { "line": 162, "column": 47 },
        "end": { "line": 162, "column": 78 }
      },
      "54": {
        "start": { "line": 186, "column": 14 },
        "end": { "line": 195, "column": 16 }
      },
      "55": {
        "start": { "line": 187, "column": 16 },
        "end": { "line": 194, "column": 19 }
      },
      "56": {
        "start": { "line": 188, "column": 18 },
        "end": { "line": 193, "column": 20 }
      },
      "57": {
        "start": { "line": 191, "column": 40 },
        "end": { "line": 191, "column": 79 }
      }
    },
    "fnMap": {
      "0": {
        "name": "Feeds",
        "decl": {
          "start": { "line": 25, "column": 24 },
          "end": { "line": 25, "column": 29 }
        },
        "loc": {
          "start": { "line": 25, "column": 32 },
          "end": { "line": 206, "column": 1 }
        },
        "line": 25
      },
      "1": {
        "name": "(anonymous_1)",
        "decl": {
          "start": { "line": 39, "column": 12 },
          "end": { "line": 39, "column": 13 }
        },
        "loc": {
          "start": { "line": 39, "column": 18 },
          "end": { "line": 58, "column": 3 }
        },
        "line": 39
      },
      "2": {
        "name": "(anonymous_2)",
        "decl": {
          "start": { "line": 45, "column": 14 },
          "end": { "line": 45, "column": 15 }
        },
[...]
        },
        "line": 23
      },
      "4": {
        "name": "(anonymous_4)",
        "decl": {
          "start": { "line": 26, "column": 30 },
          "end": { "line": 26, "column": 31 }
        },
        "loc": {
          "start": { "line": 28, "column": 5 },
          "end": { "line": 28, "column": 45 }
        },
        "line": 28
      }
    },
    "branchMap": {},
    "s": {
      "0": 108,
      "1": 868,
      "2": 30,
      "3": 569,
      "4": 108,
      "5": 756,
      "6": 108,
      "7": 112,
      "8": 108
    },
    "f": { "0": 868, "1": 30, "2": 569, "3": 756, "4": 112 },
    "b": {},
    "_coverageSchema": "1a1c01bbd47fc00a2c39e90264f33305004495a9",
    "hash": "20044a25d6acab0eb575228e51b86e7394e8cf5b"
  },
  "/home/jay/Projects/Interlinked/contexts/AuthContext.tsx": {
    "path": "/home/jay/Projects/Interlinked/contexts/AuthContext.tsx",
    "statementMap": {
      "0": {
        "start": { "line": 46, "column": 20 },
        "end": { "line": 56, "column": 21 }
      },
      "1": {
        "start": { "line": 59, "column": 2 },
        "end": { "line": 59, "column": 33 }
      },
      "2": {
        "start": { "line": 64, "column": 17 },
        "end": { "line": 64, "column": 28 }
      },
      "3": {
        "start": { "line": 65, "column": 17 },
        "end": { "line": 65, "column": 28 }
      },
      "4": {
        "start": { "line": 68, "column": 40 },
        "end": { "line": 68, "column": 56 }
      },
      "5": {
        "start": { "line": 69, "column": 42 },
        "end": { "line": 69, "column": 59 }
      },
      "6": {
        "start": { "line": 72, "column": 34 },
        "end": { "line": 72, "column": 54 }
      },
      "7": {
        "start": { "line": 73, "column": 32 },
        "end": { "line": 73, "column": 55 }
      },
      "8": {
        "start": { "line": 80, "column": 28 },
        "end": { "line": 105, "column": 5 }
      },
      "9": {
        "start": { "line": 107, "column": 4 },
        "end": { "line": 107, "column": 56 }
      },
      "10": {
        "start": { "line": 110, "column": 4 },
        "end": { "line": 110, "column": 25 }
      },
      "11": {
        "start": { "line": 111, "column": 4 },
        "end": { "line": 111, "column": 30 }
      },
      "12": {
        "start": { "line": 113, "column": 4 },
        "end": { "line": 113, "column": 79 }
      },
      "13": {
        "start": { "line": 120, "column": 23 },
        "end": { "line": 124, "column": 5 }
      },
      "14": {
        "start": { "line": 126, "column": 4 },
        "end": { "line": 126, "column": 47 }
      },
      "15": {
        "start": { "line": 128, "column": 4 },
        "end": { "line": 128, "column": 22 }
      },
      "16": {
        "start": { "line": 135, "column": 4 },
        "end": { "line": 135, "column": 67 }
      },
      "17": {
        "start": { "line": 142, "column": 27 },
        "end": { "line": 142, "column": 51 }
      },
      "18": {
        "start": { "line": 143, "column": 4 },
        "end": { "line": 143, "column": 55 }
      },
      "19": {
        "start": { "line": 151, "column": 4 },
        "end": { "line": 151, "column": 36 }
      },
      "20": {
        "start": { "line": 154, "column": 4 },
        "end": { "line": 163, "column": 5 }
      },
      "21": {
        "start": { "line": 155, "column": 22 },
        "end": { "line": 155, "column": 71 }
      },
      "22": {
        "start": { "line": 156, "column": 6 },
        "end": { "line": 160, "column": 7 }
      },
      "23": {
        "start": { "line": 157, "column": 8 },
        "end": { "line": 157, "column": 43 }
      },
      "24": {
        "start": { "line": 159, "column": 8 },
        "end": { "line": 159, "column": 39 }
      },
      "25": {
        "start": { "line": 162, "column": 6 },
        "end": { "line": 162, "column": 28 }
      },
      "26": {
        "start": { "line": 170, "column": 4 },
        "end": { "line": 170, "column": 25 }
      },
      "27": {
        "start": { "line": 171, "column": 4 },
        "end": { "line": 171, "column": 36 }
      },
      "28": {
        "start": { "line": 178, "column": 4 },
        "end": { "line": 178, "column": 57 }
      },
      "29": {
        "start": { "line": 180, "column": 4 },
        "end": { "line": 180, "column": 46 }
      },
      "30": {
        "start": { "line": 188, "column": 23 },
        "end": { "line": 188, "column": 68 }
      },
      "31": {
        "start": { "line": 189, "column": 4 },
        "end": { "line": 189, "column": 76 }
      },
      "32": {
        "start": { "line": 197, "column": 23 },
        "end": { "line": 197, "column": 78 }
      },
      "33": {
        "start": { "line": 198, "column": 4 },
        "end": { "line": 198, "column": 76 }
      },
      "34": {
        "start": { "line": 202, "column": 2 },
        "end": { "line": 237, "column": 9 }
      },
      "35": {
        "start": { "line": 203, "column": 24 },
        "end": { "line": 234, "column": 6 }
      },
      "36": {
        "start": { "line": 204, "column": 6 },
        "end": { "line": 204, "column": 51 }
      },
      "37": {
        "start": { "line": 206, "column": 6 },
        "end": { "line": 206, "column": 23 }
      },
      "38": {
        "start": { "line": 208, "column": 6 },
        "end": { "line": 208, "column": 24 }
      },
      "39": {
        "start": { "line": 211, "column": 6 },
        "end": { "line": 233, "column": 7 }
      },
      "40": {
        "start": { "line": 212, "column": 8 },
        "end": { "line": 212, "column": 29 }
      },
      "41": {
        "start": { "line": 213, "column": 8 },
        "end": { "line": 213, "column": 30 }
      },
      "42": {
        "start": { "line": 214, "column": 8 },
        "end": { "line": 214, "column": 26 }
      },
      "43": {
        "start": { "line": 218, "column": 11 },
        "end": { "line": 233, "column": 7 }
      },
      "44": {
        "start": { "line": 219, "column": 8 },
        "end": { "line": 232, "column": 11 }
      },
      "45": {
        "start": { "line": 220, "column": 10 },
        "end": { "line": 230, "column": 11 }
      },
      "46": {
        "start": { "line": 221, "column": 12 },
        "end": { "line": 227, "column": 13 }
      },
      "47": {
        "start": { "line": 223, "column": 14 },
        "end": { "line": 223, "column": 51 }
      },
      "48": {
        "start": { "line": 226, "column": 14 },
        "end": { "line": 226, "column": 41 }
      },
      "49": {
        "start": { "line": 229, "column": 12 },
        "end": { "line": 229, "column": 29 }
      },
      "50": {
        "start": { "line": 231, "column": 10 },
        "end": { "line": 231, "column": 28 }
      },
      "51": {
        "start": { "line": 236, "column": 4 },
        "end": { "line": 236, "column": 23 }
      },
      "52": {
        "start": { "line": 240, "column": 16 },
        "end": { "line": 255, "column": 3 }
      },
      "53": {
        "start": { "line": 241, "column": 11 },
        "end": { "line": 253, "column": 5 }
      },
      "54": {
        "start": { "line": 257, "column": 2 },
        "end": { "line": 261, "column": 4 }
      }
    },
    "fnMap": {
      "0": {
        "name": "useAuth",
        "decl": {
          "start": { "line": 58, "column": 16 },
          "end": { "line": 58, "column": 23 }
        },
        "loc": {
          "start": { "line": 58, "column": 26 },
          "end": { "line": 60, "column": 1 }
        },
        "line": 58
      },
      "1": {
        "name": "AuthProvider",
        "decl": {
          "start": { "line": 62, "column": 16 },
          "end": { "line": 62, "column": 28 }
        },
        "loc": {
          "start": { "line": 62, "column": 43 },
          "end": { "line": 262, "column": 1 }
        },
        "line": 62
      },
      "2": {
        "name": "createUser",
        "decl": {
          "start": { "line": 78, "column": 17 },
          "end": { "line": 78, "column": 27 }
        },
        "loc": {
          "start": { "line": 78, "column": 73 },
          "end": { "line": 114, "column": 3 }
        },
        "line": 78
      },
      "3": {
        "name": "register",
        "decl": {
          "start": { "line": 119, "column": 17 },
          "end": { "line": 119, "column": 25 }
        },
        "loc": {
          "start": { "line": 119, "column": 77 },
          "end": { "line": 129, "column": 3 }
        },
        "line": 119
      },
      "4": {
        "name": "login",
        "decl": {
          "start": { "line": 134, "column": 17 },
          "end": { "line": 134, "column": 22 }
        },
        "loc": {
          "start": { "line": 134, "column": 56 },
          "end": { "line": 136, "column": 3 }
        },
        "line": 134
      },
      "5": {
        "name": "loginWithGoogle",
        "decl": {
          "start": { "line": 141, "column": 17 },
          "end": { "line": 141, "column": 32 }
        },
        "loc": {
          "start": { "line": 141, "column": 35 },
          "end": { "line": 144, "column": 3 }
        },
        "line": 141
      },
      "6": {
        "name": "refresh",
        "decl": {
          "start": { "line": 149, "column": 17 },
          "end": { "line": 149, "column": 24 }
        },
        "loc": {
          "start": { "line": 149, "column": 27 },
          "end": { "line": 164, "column": 3 }
        },
        "line": 149
      },
      "7": {
        "name": "logout",
        "decl": {
          "start": { "line": 169, "column": 17 },
          "end": { "line": 169, "column": 23 }
        },
        "loc": {
          "start": { "line": 169, "column": 26 },
          "end": { "line": 172, "column": 3 }
        },
        "line": 169
      },
      "8": {
        "name": "deleteAccount",
        "decl": {
          "start": { "line": 177, "column": 17 },
          "end": { "line": 177, "column": 30 }
        },
        "loc": {
          "start": { "line": 177, "column": 33 },
          "end": { "line": 181, "column": 3 }
        },
        "line": 177
      },
      "9": {
        "name": "reauthenticateEmail",
        "decl": {
          "start": { "line": 187, "column": 17 },
          "end": { "line": 187, "column": 36 }
        },
        "loc": {
          "start": { "line": 187, "column": 70 },
          "end": { "line": 190, "column": 3 }
        },
        "line": 187
      },
      "10": {
        "name": "reauthenticateOAuth",
        "decl": {
          "start": { "line": 196, "column": 17 },
          "end": { "line": 196, "column": 36 }
        },
        "loc": {
          "start": { "line": 196, "column": 69 },
          "end": { "line": 199, "column": 3 }
        },
        "line": 196
      },
      "11": {
        "name": "(anonymous_11)",
        "decl": {
          "start": { "line": 202, "column": 12 },
          "end": { "line": 202, "column": 13 }
        },
        "loc": {
          "start": { "line": 202, "column": 18 },
          "end": { "line": 237, "column": 3 }
        },
        "line": 202
      },
      "12": {
        "name": "(anonymous_12)",
        "decl": {
          "start": { "line": 203, "column": 48 },
          "end": { "line": 203, "column": 49 }
        },
        "loc": {
          "start": { "line": 203, "column": 58 },
          "end": { "line": 234, "column": 5 }
        },
        "line": 203
      },
      "13": {
        "name": "(anonymous_13)",
        "decl": {
          "start": { "line": 219, "column": 51 },
          "end": { "line": 219, "column": 52 }
        },
        "loc": {
          "start": { "line": 219, "column": 60 },
          "end": { "line": 232, "column": 9 }
        },
        "line": 219
      },
      "14": {
        "name": "(anonymous_14)",
        "decl": {
          "start": { "line": 241, "column": 4 },
          "end": { "line": 241, "column": 5 }
        },
        "loc": {
          "start": { "line": 241, "column": 11 },
          "end": { "line": 253, "column": 5 }
        },
        "line": 241
      }
    },
    "branchMap": {
      "0": {
        "loc": {
          "start": { "line": 78, "column": 47 },
          "end": { "line": 78, "column": 71 }
        },
        "type": "default-arg",
        "locations": [
          {
            "start": { "line": 78, "column": 66 },
            "end": { "line": 78, "column": 71 }
          }
        ],
        "line": 78
      },
      "1": {
        "loc": {
          "start": { "line": 90, "column": 12 },
          "end": { "line": 90, "column": 68 }
        },
        "type": "binary-expr",
        "locations": [
          {
            "start": { "line": 90, "column": 12 },
            "end": { "line": 90, "column": 31 }
          },
          {
            "start": { "line": 90, "column": 35 },
            "end": { "line": 90, "column": 62 }
          },
          {
            "start": { "line": 90, "column": 66 },
            "end": { "line": 90, "column": 68 }
          }
        ],
        "line": 90
      },
      "2": {
        "loc": {
          "start": { "line": 92, "column": 8 },
          "end": { "line": 94, "column": 10 }
        },
        "type": "binary-expr",
        "locations": [
          {
            "start": { "line": 92, "column": 8 },
            "end": { "line": 92, "column": 42 }
          },
          {
            "start": { "line": 93, "column": 8 },
            "end": { "line": 93, "column": 50 }
          },
          {
            "start": { "line": 94, "column": 8 },
            "end": { "line": 94, "column": 10 }
          }
        ],
        "line": 92
      },
      "3": {
        "loc": {
          "start": { "line": 96, "column": 8 },
          "end": { "line": 99, "column": 29 }
        },
        "type": "binary-expr",
        "locations": [
          {
            "start": { "line": 96, "column": 8 },
            "end": { "line": 96, "column": 24 }
          },
          {
            "start": { "line": 97, "column": 8 },
            "end": { "line": 99, "column": 29 }
          }
        ],
        "line": 96
      },
      "4": {
        "loc": {
          "start": { "line": 154, "column": 4 },
          "end": { "line": 163, "column": 5 }
        },
        "type": "if",
        "locations": [
          {
            "start": { "line": 154, "column": 4 },
            "end": { "line": 163, "column": 5 }
          },
          { "start": {}, "end": {} }
        ],
        "line": 154
      },
      "5": {
        "loc": {
          "start": { "line": 156, "column": 6 },
          "end": { "line": 160, "column": 7 }
        },
        "type": "if",
        "locations": [
          {
            "start": { "line": 156, "column": 6 },
            "end": { "line": 160, "column": 7 }
          },
          {
            "start": { "line": 158, "column": 13 },
            "end": { "line": 160, "column": 7 }
          }
        ],
        "line": 156
      },
      "6": {
        "loc": {
          "start": { "line": 211, "column": 6 },
          "end": { "line": 233, "column": 7 }
        },
        "type": "if",
        "locations": [
          {
            "start": { "line": 211, "column": 6 },
            "end": { "line": 233, "column": 7 }
          },
          {
            "start": { "line": 218, "column": 11 },
            "end": { "line": 233, "column": 7 }
          }
        ],
        "line": 211
      },
      "7": {
        "loc": {
          "start": { "line": 218, "column": 11 },
          "end": { "line": 233, "column": 7 }
        },
        "type": "if",
        "locations": [
          {
            "start": { "line": 218, "column": 11 },
            "end": { "line": 233, "column": 7 }
          },
          { "start": {}, "end": {} }
        ],
        "line": 218
      },
      "8": {
        "loc": {
          "start": { "line": 218, "column": 15 },
          "end": { "line": 218, "column": 44 }
        },
        "type": "binary-expr",
        "locations": [
          {
            "start": { "line": 218, "column": 15 },
            "end": { "line": 218, "column": 28 }
          },
          {
            "start": { "line": 218, "column": 32 },
            "end": { "line": 218, "column": 44 }
          }
        ],
        "line": 218
      },
      "9": {
        "loc": {
          "start": { "line": 220, "column": 10 },
          "end": { "line": 230, "column": 11 }
        },
        "type": "if",
        "locations": [
          {
            "start": { "line": 220, "column": 10 },
            "end": { "line": 230, "column": 11 }
          },
          {
            "start": { "line": 228, "column": 17 },
            "end": { "line": 230, "column": 11 }
          }
        ],
        "line": 220
      },
      "10": {
        "loc": {
          "start": { "line": 221, "column": 12 },
          "end": { "line": 227, "column": 13 }
        },
        "type": "if",
        "locations": [
          {
            "start": { "line": 221, "column": 12 },
            "end": { "line": 227, "column": 13 }
          },
          {
            "start": { "line": 224, "column": 19 },
            "end": { "line": 227, "column": 13 }
          }
        ],
        "line": 221
      },
      "11": {
        "loc": {
          "start": { "line": 259, "column": 7 },
          "end": { "line": 259, "column": 27 }
        },
        "type": "binary-expr",
        "locations": [
          {
            "start": { "line": 259, "column": 7 },
            "end": { "line": 259, "column": 15 }
          },
          {
            "start": { "line": 259, "column": 19 },
            "end": { "line": 259, "column": 27 }
          }
        ],
        "line": 259
      }
    },
    "s": {
      "0": 108,
      "1": 8858,
      "2": 428,
      "3": 428,
      "4": 428,
      "5": 428,
      "6": 428,
      "7": 428,
      "8": 4,
      "9": 4,
      "10": 4,
      "11": 4,
      "12": 4,
      "13": 4,
      "14": 4,
      "15": 4,
      "16": 36,
      "17": 0,
      "18": 0,
      "19": 9,
      "20": 9,
      "21": 9,
      "22": 7,
      "23": 0,
      "24": 7,
      "25": 7,
      "26": 16,
      "27": 16,
      "28": 4,
      "29": 4,
      "30": 6,
      "31": 6,
      "32": 0,
      "33": 0,
      "34": 428,
      "35": 108,
      "36": 166,
      "37": 166,
      "38": 166,
      "39": 166,
      "40": 58,
      "41": 58,
      "42": 58,
      "43": 108,
      "44": 108,
      "45": 107,
      "46": 107,
      "47": 0,
      "48": 107,
      "49": 0,
      "50": 107,
      "51": 108,
      "52": 428,
      "53": 402,
      "54": 428
    },
    "f": {
      "0": 8858,
      "1": 428,
      "2": 4,
      "3": 4,
      "4": 36,
      "5": 0,
      "6": 9,
      "7": 16,
      "8": 4,
      "9": 6,
      "10": 0,
      "11": 108,
      "12": 166,
      "13": 107,
      "14": 402
    },
    "b": {
      "0": [0],
      "1": [4, 4, 0],
      "2": [4, 4, 0],
      "3": [4, 4],
      "4": [9, 0],
      "5": [0, 7],
      "6": [58, 108],
      "7": [108, 0],
      "8": [108, 108],
      "9": [107, 0],
      "10": [0, 107],
      "11": [428, 210]
    },
    "_coverageSchema": "1a1c01bbd47fc00a2c39e90264f33305004495a9",
    "hash": "6e439e93724a96b07d3aed1ff7a779625ad41fc3"
  },
  "/home/jay/Projects/Interlinked/types/JobPost.ts": {
    "path": "/home/jay/Projects/Interlinked/types/JobPost.ts",
    "statementMap": {},
    "fnMap": {},
    "branchMap": {},
    "s": {},
    "f": {},
    "b": {},
    "_coverageSchema": "1a1c01bbd47fc00a2c39e90264f33305004495a9",
    "hash": "2febd38577ebe3be7925fa2cbfcade35d5fa4cd4"
  },
  "/home/jay/Projects/Interlinked/types/Notification.ts": {
    "path": "/home/jay/Projects/Interlinked/types/Notification.ts",
    "statementMap": {},
    "fnMap": {},
    "branchMap": {},
    "s": {},
    "f": {},
    "b": {},
    "_coverageSchema": "1a1c01bbd47fc00a2c39e90264f33305004495a9",
    "hash": "e50e75c51e13289205c68ac9f0c43e1526a8fd4c"
  }
}
