TN:
SF:app/[locale]/page.tsx
FN:8,(anonymous_0)
FN:15,(anonymous_1)
FNF:2
FNH:2
FNDA:79,(anonymous_0)
FNDA:73,(anonymous_1)
DA:8,56
DA:9,79
DA:10,79
DA:11,79
DA:12,79
DA:15,79
DA:16,73
DA:17,0
DA:21,79
LF:9
LH:8
BRDA:16,0,0,0
BRDA:16,0,1,73
BRDA:16,1,0,73
BRDA:16,1,1,73
BRDA:30,2,0,55
BRDA:30,2,1,24
BRDA:32,3,0,55
BRDA:32,3,1,0
BRF:8
BRH:6
end_of_record
TN:
SF:app/[locale]/DM/page.tsx
FN:13,DMs
FN:18,(anonymous_1)
FN:26,(anonymous_2)
FN:27,(anonymous_3)
FN:32,(anonymous_4)
FN:40,(anonymous_5)
FN:50,(anonymous_6)
FNF:7
FNH:6
FNDA:8,DMs
FNDA:4,(anonymous_1)
FNDA:4,(anonymous_2)
FNDA:4,(anonymous_3)
FNDA:0,(anonymous_4)
FNDA:4,(anonymous_5)
FNDA:4,(anonymous_6)
DA:14,8
DA:15,8
DA:16,8
DA:18,8
DA:19,4
DA:21,4
DA:26,4
DA:27,4
DA:28,4
DA:32,4
DA:33,0
DA:38,4
DA:40,4
DA:43,8
DA:51,4
LF:15
LH:14
BRDA:33,0,0,0
BRDA:33,0,1,0
BRF:2
BRH:0
end_of_record
TN:
SF:app/[locale]/DM/[uid]/page.tsx
FN:34,ChatRoom
FN:56,(anonymous_1)
FN:59,(anonymous_2)
FN:62,(anonymous_3)
FN:70,(anonymous_4)
FN:71,(anonymous_5)
FN:72,(anonymous_6)
FN:73,(anonymous_7)
FN:74,(anonymous_8)
FN:82,(anonymous_9)
FN:86,(anonymous_10)
FN:105,(anonymous_11)
FN:116,(anonymous_12)
FN:139,(anonymous_13)
FN:144,(anonymous_14)
FN:150,(anonymous_15)
FN:171,handleSelectedFile
FN:177,(anonymous_17)
FN:183,(anonymous_18)
FN:187,getReports
FN:194,(anonymous_20)
FN:198,checkIfReported
FN:201,(anonymous_22)
FN:210,(anonymous_23)
FN:228,(anonymous_24)
FN:255,(anonymous_25)
FN:281,(anonymous_26)
FN:304,(anonymous_27)
FN:320,(anonymous_28)
FN:341,(anonymous_29)
FNF:30
FNH:26
FNDA:142,ChatRoom
FNDA:6,(anonymous_1)
FNDA:6,(anonymous_2)
FNDA:12,(anonymous_3)
FNDA:12,(anonymous_4)
FNDA:6,(anonymous_5)
FNDA:6,(anonymous_6)
FNDA:6,(anonymous_7)
FNDA:0,(anonymous_8)
FNDA:16,(anonymous_9)
FNDA:2,(anonymous_10)
FNDA:12,(anonymous_11)
FNDA:12,(anonymous_12)
FNDA:0,(anonymous_13)
FNDA:10,(anonymous_14)
FNDA:20,(anonymous_15)
FNDA:8,handleSelectedFile
FNDA:4,(anonymous_17)
FNDA:2,(anonymous_18)
FNDA:2,getReports
FNDA:0,(anonymous_20)
FNDA:2,checkIfReported
FNDA:0,(anonymous_22)
FNDA:124,(anonymous_23)
FNDA:2,(anonymous_24)
FNDA:740,(anonymous_25)
FNDA:92,(anonymous_26)
FNDA:2,(anonymous_27)
FNDA:2,(anonymous_28)
FNDA:8,(anonymous_29)
DA:2,4
DA:35,142
DA:36,142
DA:37,142
DA:39,142
DA:41,142
DA:42,142
DA:43,142
DA:44,142
DA:47,142
DA:48,142
DA:51,142
DA:54,142
DA:56,142
DA:57,6
DA:59,6
DA:61,6
DA:62,6
DA:63,12
DA:64,6
DA:68,6
DA:70,12
DA:72,6
DA:73,6
DA:74,6
DA:75,6
DA:79,6
DA:82,6
DA:83,16
DA:86,6
DA:90,142
DA:91,0
DA:105,142
DA:106,12
DA:108,10
DA:111,10
DA:112,10
DA:113,8
DA:116,142
DA:117,12
DA:119,12
DA:121,12
DA:123,10
DA:135,10
DA:140,0
DA:144,10
DA:145,10
DA:147,10
DA:150,10
DA:151,20
DA:152,10
DA:156,10
DA:165,10
DA:166,10
DA:167,10
DA:168,10
DA:172,8
DA:173,8
DA:174,8
DA:177,142
DA:178,4
DA:179,4
DA:180,4
DA:183,142
DA:184,2
DA:188,2
DA:189,2
DA:191,2
DA:194,2
DA:199,2
DA:200,2
DA:201,0
DA:205,142
DA:211,124
DA:229,2
DA:230,2
DA:232,2
DA:241,2
DA:242,0
DA:244,2
DA:245,2
DA:256,740
DA:281,92
DA:304,2
DA:320,2
DA:341,8
LF:86
LH:82
BRDA:57,0,0,0
BRDA:57,0,1,6
BRDA:57,1,0,6
BRDA:57,1,1,6
BRDA:63,2,0,6
BRDA:63,2,1,6
BRDA:74,3,0,0
BRDA:74,3,1,6
BRDA:90,4,0,0
BRDA:90,4,1,142
BRDA:90,5,0,142
BRDA:90,5,1,142
BRDA:106,6,0,2
BRDA:106,6,1,10
BRDA:119,7,0,0
BRDA:119,7,1,12
BRDA:119,8,0,12
BRDA:119,8,1,2
BRDA:131,9,0,10
BRDA:131,9,1,2
BRDA:132,10,0,10
BRDA:132,10,1,2
BRDA:151,11,0,10
BRDA:151,11,1,10
BRDA:188,12,0,2
BRDA:188,12,1,0
BRDA:201,13,0,0
BRDA:201,13,1,0
BRDA:209,14,0,142
BRDA:209,14,1,136
BRDA:229,15,0,2
BRDA:229,15,1,0
BRDA:241,16,0,0
BRDA:241,16,1,2
BRDA:260,17,0,740
BRDA:260,17,1,604
BRDA:260,17,2,408
BRDA:289,18,0,142
BRDA:289,18,1,8
BRDA:289,18,2,8
BRDA:291,19,0,4
BRDA:291,19,1,4
BRF:42
BRH:33
end_of_record
TN:
SF:app/[locale]/edit-profile/page.tsx
FN:37,EditProfile
FN:51,(anonymous_1)
FN:59,(anonymous_2)
FN:98,(anonymous_3)
FN:118,(anonymous_4)
FN:127,(anonymous_5)
FN:133,(anonymous_6)
FN:139,(anonymous_7)
FN:147,(anonymous_8)
FN:155,(anonymous_9)
FN:161,(anonymous_10)
FN:170,(anonymous_11)
FN:179,(anonymous_12)
FN:203,(anonymous_13)
FN:208,(anonymous_14)
FN:213,(anonymous_15)
FN:214,(anonymous_16)
FN:221,uploadProfilePicture
FN:232,updateAccount
FN:252,onDeleteAccount
FN:331,(anonymous_20)
FN:337,(anonymous_21)
FN:520,(anonymous_22)
FN:526,(anonymous_23)
FNF:24
FNH:22
FNDA:2363,EditProfile
FNDA:20,(anonymous_1)
FNDA:4,(anonymous_2)
FNDA:380,(anonymous_3)
FNDA:380,(anonymous_4)
FNDA:380,(anonymous_5)
FNDA:190,(anonymous_6)
FNDA:190,(anonymous_7)
FNDA:380,(anonymous_8)
FNDA:380,(anonymous_9)
FNDA:190,(anonymous_10)
FNDA:190,(anonymous_11)
FNDA:380,(anonymous_12)
FNDA:3476,(anonymous_13)
FNDA:712,(anonymous_14)
FNDA:616,(anonymous_15)
FNDA:770,(anonymous_16)
FNDA:4,uploadProfilePicture
FNDA:10,updateAccount
FNDA:4,onDeleteAccount
FNDA:2,(anonymous_20)
FNDA:0,(anonymous_21)
FNDA:2,(anonymous_22)
FNDA:0,(anonymous_23)
DA:38,2363
DA:39,2359
DA:40,2359
DA:41,2359
DA:42,2359
DA:45,2359
DA:46,2359
DA:51,2359
DA:52,20
DA:53,16
DA:56,4
DA:57,4
DA:59,4
DA:63,2359
DA:64,2359
DA:66,2359
DA:67,2359
DA:69,2359
DA:72,2359
DA:75,2359
DA:78,2359
DA:81,2359
DA:84,2359
DA:86,2359
DA:89,2359
DA:92,2359
DA:94,2359
DA:97,2359
DA:98,380
DA:100,2359
DA:103,2359
DA:106,2359
DA:109,2359
DA:110,2359
DA:111,2359
DA:114,2359
DA:117,2359
DA:118,380
DA:122,2359
DA:125,2359
DA:127,380
DA:128,2359
DA:131,2359
DA:132,2359
DA:133,190
DA:137,2359
DA:138,2359
DA:139,190
DA:143,2359
DA:146,2359
DA:147,380
DA:151,2359
DA:154,2359
DA:155,380
DA:159,2359
DA:160,2359
DA:161,190
DA:165,2359
DA:168,2359
DA:170,190
DA:175,2359
DA:178,2359
DA:179,380
DA:183,2359
DA:184,4
DA:198,2355
DA:203,3476
DA:208,712
DA:213,616
DA:214,770
DA:222,4
DA:228,4
DA:229,4
DA:233,10
DA:234,10
DA:235,0
DA:237,10
DA:238,10
DA:239,4
DA:242,10
DA:244,9
DA:245,7
DA:246,7
DA:248,2
DA:253,4
DA:254,4
DA:257,4
DA:258,4
DA:260,0
DA:261,0
DA:265,2355
DA:266,4
DA:331,2
DA:337,0
DA:345,2351
DA:520,2
DA:526,0
LF:97
LH:92
BRDA:52,0,0,16
BRDA:52,0,1,4
BRDA:63,1,0,2359
BRDA:63,1,1,4
BRDA:66,2,0,2359
BRDA:66,2,1,2026
BRDA:70,3,0,2359
BRDA:70,3,1,2359
BRDA:76,4,0,2359
BRDA:76,4,1,2357
BRDA:82,5,0,2359
BRDA:82,5,1,2313
BRDA:87,6,0,2359
BRDA:87,6,1,2313
BRDA:95,7,0,2359
BRDA:95,7,1,4
BRDA:104,8,0,2359
BRDA:104,8,1,12
BRDA:110,9,0,2359
BRDA:110,9,1,2169
BRDA:166,10,0,2359
BRDA:166,10,1,4
BRDA:169,11,0,2355
BRDA:169,11,1,4
BRDA:183,12,0,4
BRDA:183,12,1,2355
BRDA:183,13,0,2359
BRDA:183,13,1,2355
BRDA:205,14,0,2249
BRDA:205,14,1,106
BRDA:234,15,0,0
BRDA:234,15,1,10
BRDA:238,16,0,4
BRDA:238,16,1,6
BRDA:265,17,0,4
BRDA:265,17,1,2351
BRF:36
BRH:35
end_of_record
TN:
SF:app/[locale]/feed/layout.tsx
FN:5,(anonymous_0)
FNF:1
FNH:1
FNDA:4,(anonymous_0)
DA:5,4
DA:6,4
DA:7,4
LF:3
LH:3
BRF:0
BRH:0
end_of_record
TN:
SF:app/[locale]/feed/page.tsx
FN:25,Feeds
FN:39,(anonymous_1)
FN:45,(anonymous_2)
FN:46,(anonymous_3)
FN:50,(anonymous_4)
FN:55,(anonymous_5)
FN:60,(anonymous_6)
FN:77,(anonymous_7)
FN:105,(anonymous_8)
FN:155,(anonymous_9)
FN:162,(anonymous_10)
FN:185,(anonymous_11)
FN:186,(anonymous_12)
FN:187,(anonymous_13)
FN:191,(anonymous_14)
FNF:15
FNH:12
FNDA:27,Feeds
FNDA:4,(anonymous_1)
FNDA:4,(anonymous_2)
FNDA:4,(anonymous_3)
FNDA:0,(anonymous_4)
FNDA:0,(anonymous_5)
FNDA:20,(anonymous_6)
FNDA:8,(anonymous_7)
FNDA:6,(anonymous_8)
FNDA:8,(anonymous_9)
FNDA:8,(anonymous_10)
FNDA:4,(anonymous_11)
FNDA:3,(anonymous_12)
FNDA:3,(anonymous_13)
FNDA:0,(anonymous_14)
DA:26,27
DA:27,23
DA:28,23
DA:29,23
DA:30,23
DA:31,23
DA:32,23
DA:33,23
DA:34,23
DA:35,23
DA:36,23
DA:37,23
DA:39,23
DA:40,4
DA:41,4
DA:44,4
DA:46,4
DA:47,4
DA:50,0
DA:55,0
DA:57,4
DA:60,23
DA:61,20
DA:62,2
DA:64,18
DA:65,18
DA:67,8
DA:68,8
DA:69,8
DA:71,18
DA:72,18
DA:73,28
DA:75,8
DA:77,8
DA:85,28
DA:104,28
DA:105,27
DA:106,6
DA:108,27
DA:110,27
DA:111,0
DA:116,17
DA:118,12
DA:119,11
DA:120,6
DA:122,11
DA:124,5
DA:127,23
DA:130,4
DA:147,19
DA:156,8
DA:162,8
DA:186,4
DA:187,3
DA:188,3
DA:191,0
LF:56
LH:52
BRDA:40,0,0,4
BRDA:40,0,1,0
BRDA:60,1,0,8
BRDA:61,2,0,2
BRDA:61,2,1,18
BRDA:65,3,0,8
BRDA:65,3,1,10
BRDA:73,4,0,8
BRDA:73,4,1,20
BRDA:110,5,0,0
BRDA:110,5,1,27
BRDA:116,6,0,12
BRDA:116,6,1,5
BRDA:119,7,0,6
BRDA:119,7,1,5
BRDA:127,8,0,4
BRDA:127,8,1,19
BRDA:127,9,0,23
BRDA:127,9,1,23
BRDA:171,10,0,16
BRDA:171,10,1,3
BRF:21
BRH:19
end_of_record
TN:
SF:app/[locale]/job-feed/layout.tsx
FN:5,(anonymous_0)
FNF:1
FNH:1
FNDA:6,(anonymous_0)
DA:5,6
DA:6,6
DA:7,6
LF:3
LH:3
BRF:0
BRH:0
end_of_record
TN:
SF:app/[locale]/job-feed/page.tsx
FN:17,Feeds
FN:37,(anonymous_1)
FN:38,getUsers
FN:42,(anonymous_3)
FN:44,(anonymous_4)
FN:48,(anonymous_5)
FN:51,(anonymous_6)
FN:52,(anonymous_7)
FN:59,(anonymous_8)
FN:60,(anonymous_9)
FN:61,(anonymous_10)
FN:68,(anonymous_11)
FN:71,(anonymous_12)
FN:80,(anonymous_13)
FN:81,(anonymous_14)
FN:121,(anonymous_15)
FN:122,(anonymous_16)
FN:129,(anonymous_17)
FN:130,(anonymous_18)
FN:137,(anonymous_19)
FN:138,(anonymous_20)
FN:144,(anonymous_21)
FNF:22
FNH:22
FNDA:168,Feeds
FNDA:6,(anonymous_1)
FNDA:6,getUsers
FNDA:42,(anonymous_3)
FNDA:18,(anonymous_4)
FNDA:6,(anonymous_5)
FNDA:12,(anonymous_6)
FNDA:18,(anonymous_7)
FNDA:18,(anonymous_8)
FNDA:42,(anonymous_9)
FNDA:42,(anonymous_10)
FNDA:80,(anonymous_11)
FNDA:476,(anonymous_12)
FNDA:164,(anonymous_13)
FNDA:164,(anonymous_14)
FNDA:4,(anonymous_15)
FNDA:4,(anonymous_16)
FNDA:4,(anonymous_17)
FNDA:4,(anonymous_18)
FNDA:4,(anonymous_19)
FNDA:4,(anonymous_20)
FNDA:300,(anonymous_21)
DA:18,168
DA:19,168
DA:20,168
DA:21,168
DA:22,168
DA:23,168
DA:24,168
DA:25,168
DA:26,168
DA:27,168
DA:28,168
DA:29,168
DA:37,168
DA:39,6
DA:40,6
DA:41,6
DA:42,6
DA:43,42
DA:44,18
DA:48,6
DA:51,168
DA:52,12
DA:53,18
DA:60,18
DA:61,42
DA:65,12
DA:68,168
DA:69,80
DA:70,80
DA:72,476
DA:81,164
DA:83,80
DA:86,168
DA:87,6
DA:90,162
DA:93,0
DA:110,162
DA:122,4
DA:130,4
DA:138,4
DA:145,300
LF:41
LH:40
BRDA:30,0,0,0
BRDA:30,0,1,168
BRDA:31,1,0,0
BRDA:31,1,1,0
BRDA:43,2,0,18
BRDA:43,2,1,24
BRDA:86,3,0,6
BRDA:86,3,1,162
BRDA:90,4,0,0
BRDA:90,4,1,162
BRDA:90,5,0,162
BRDA:90,5,1,162
BRF:12
BRH:8
end_of_record
TN:
SF:app/[locale]/login/page.tsx
FN:13,Login
FN:23,(anonymous_1)
FN:29,handleFormSubmit
FN:62,(anonymous_3)
FN:77,(anonymous_4)
FN:99,(anonymous_5)
FNF:6
FNH:5
FNDA:1117,Login
FNDA:70,(anonymous_1)
FNDA:36,handleFormSubmit
FNDA:790,(anonymous_3)
FNDA:220,(anonymous_4)
FNDA:0,(anonymous_5)
DA:14,1117
DA:15,1117
DA:16,1117
DA:18,1117
DA:19,1117
DA:20,1117
DA:21,1117
DA:23,1117
DA:24,70
DA:25,34
DA:30,36
DA:32,36
DA:33,36
DA:34,36
DA:36,1
DA:37,1
DA:40,35
DA:43,1117
DA:62,790
DA:77,220
DA:100,0
DA:101,0
DA:102,0
LF:23
LH:20
BRDA:24,0,0,34
BRDA:24,0,1,36
BRF:2
BRH:2
end_of_record
TN:
SF:app/[locale]/manage-jobs/layout.tsx
FN:5,(anonymous_0)
FNF:1
FNH:1
FNDA:16,(anonymous_0)
DA:5,12
DA:6,16
DA:7,16
LF:3
LH:3
BRF:0
BRH:0
end_of_record
TN:
SF:app/[locale]/manage-jobs/page.tsx
FN:17,ManagePostings
FN:24,(anonymous_1)
FN:26,(anonymous_2)
FN:34,(anonymous_3)
FN:43,(anonymous_4)
FN:89,(anonymous_5)
FN:96,(anonymous_6)
FNF:7
FNH:7
FNDA:46,ManagePostings
FNDA:12,(anonymous_1)
FNDA:12,(anonymous_2)
FNDA:12,(anonymous_3)
FNDA:22,(anonymous_4)
FNDA:4,(anonymous_5)
FNDA:24,(anonymous_6)
DA:18,46
DA:19,46
DA:20,46
DA:21,46
DA:22,46
DA:24,46
DA:25,12
DA:26,12
DA:27,12
DA:28,12
DA:31,12
DA:34,46
DA:35,12
DA:36,12
DA:42,12
DA:43,12
DA:44,22
DA:46,12
DA:49,46
DA:51,12
DA:54,34
DA:56,0
DA:73,34
DA:77,34
DA:89,4
DA:97,24
LF:26
LH:25
BRDA:25,0,0,12
BRDA:25,0,1,0
BRDA:25,1,0,12
BRDA:25,1,1,12
BRDA:49,2,0,12
BRDA:49,2,1,34
BRDA:54,3,0,0
BRDA:54,3,1,34
BRDA:73,4,0,34
BRDA:73,4,1,0
BRDA:79,5,0,8
BRDA:79,5,1,26
BRF:12
BRH:9
end_of_record
TN:
SF:app/[locale]/manage-jobs/[jid]/layout.tsx
FN:5,(anonymous_0)
FNF:1
FNH:1
FNDA:4,(anonymous_0)
DA:5,4
DA:6,4
DA:7,4
LF:3
LH:3
BRF:0
BRH:0
end_of_record
TN:
SF:app/[locale]/manage-jobs/[jid]/page.tsx
FN:16,JobDetails
FN:23,(anonymous_1)
FN:24,(anonymous_2)
FN:35,(anonymous_3)
FN:81,(anonymous_4)
FN:115,(anonymous_5)
FNF:6
FNH:6
FNDA:8,JobDetails
FNDA:4,(anonymous_1)
FNDA:4,(anonymous_2)
FNDA:4,(anonymous_3)
FNDA:4,(anonymous_4)
FNDA:8,(anonymous_5)
DA:17,8
DA:18,8
DA:19,8
DA:20,8
DA:21,8
DA:23,8
DA:24,4
DA:25,4
DA:33,4
DA:35,4
DA:36,4
DA:37,4
DA:41,8
DA:43,4
DA:46,0
DA:63,4
DA:64,0
DA:71,4
DA:72,2
DA:79,2
DA:82,4
DA:116,8
LF:22
LH:20
BRDA:41,0,0,4
BRDA:41,0,1,4
BRDA:43,1,0,0
BRDA:43,1,1,4
BRDA:43,2,0,4
BRDA:43,2,1,0
BRDA:63,3,0,0
BRDA:63,3,1,4
BRDA:71,4,0,2
BRDA:71,4,1,2
BRDA:71,5,0,4
BRDA:71,5,1,4
BRDA:71,5,2,4
BRDA:117,6,0,8
BRDA:117,6,1,0
BRDA:118,7,0,0
BRDA:118,7,1,0
BRF:17
BRH:11
end_of_record
TN:
SF:app/[locale]/notifications/page.tsx
FN:20,Notifications
FN:28,(anonymous_1)
FN:36,getNotifications
FN:45,(anonymous_3)
FN:50,(anonymous_4)
FN:62,readAll
FN:67,(anonymous_6)
FN:77,(anonymous_7)
FN:78,(anonymous_8)
FN:93,(anonymous_9)
FNF:10
FNH:10
FNDA:18,Notifications
FNDA:6,(anonymous_1)
FNDA:6,getNotifications
FNDA:14,(anonymous_3)
FNDA:6,(anonymous_4)
FNDA:2,readAll
FNDA:4,(anonymous_6)
FNDA:2,(anonymous_7)
FNDA:4,(anonymous_8)
FNDA:2,(anonymous_9)
DA:21,18
DA:22,18
DA:23,18
DA:24,18
DA:25,18
DA:26,18
DA:28,18
DA:30,6
DA:31,0
DA:32,0
DA:37,6
DA:45,14
DA:49,6
DA:50,6
DA:51,6
DA:52,6
DA:57,18
DA:58,6
DA:63,2
DA:66,2
DA:67,2
DA:68,4
DA:77,2
DA:78,4
DA:85,12
DA:94,2
LF:26
LH:24
BRDA:30,0,0,0
BRDA:30,0,1,6
BRDA:30,1,0,6
BRDA:30,1,1,6
BRDA:49,2,0,6
BRDA:49,2,1,0
BRDA:57,3,0,6
BRDA:57,3,1,12
BRDA:105,4,0,10
BRDA:105,4,1,2
BRF:10
BRH:8
end_of_record
TN:
SF:app/[locale]/profile/page.tsx
FN:26,PreviewProfile
FNF:1
FNH:1
FNDA:16,PreviewProfile
DA:27,16
DA:28,16
DA:31,16
DA:32,0
DA:46,16
DA:47,0
DA:66,16
LF:7
LH:5
BRDA:31,0,0,0
BRDA:31,0,1,16
BRDA:46,1,0,0
BRDA:46,1,1,16
BRF:4
BRH:2
end_of_record
TN:
SF:app/[locale]/profile/[uid]/page.tsx
FN:27,ViewProfile
FN:33,(anonymous_1)
FN:34,getUser
FN:39,(anonymous_3)
FN:57,(anonymous_4)
FNF:5
FNH:4
FNDA:12,ViewProfile
FNDA:6,(anonymous_1)
FNDA:6,getUser
FNDA:6,(anonymous_3)
FNDA:0,(anonymous_4)
DA:28,12
DA:29,12
DA:30,12
DA:31,12
DA:33,12
DA:35,6
DA:36,6
DA:39,6
DA:40,6
DA:41,6
DA:45,12
DA:46,6
DA:49,6
DA:50,0
DA:54,6
DA:57,0
DA:61,0
DA:72,6
DA:73,0
DA:91,6
LF:20
LH:16
BRDA:45,0,0,6
BRDA:45,0,1,6
BRDA:49,1,0,0
BRDA:49,1,1,6
BRDA:49,2,0,6
BRDA:49,2,1,6
BRDA:49,2,2,6
BRDA:54,3,0,0
BRDA:54,3,1,6
BRDA:55,4,0,6
BRDA:55,4,1,0
BRDA:55,4,2,0
BRDA:72,5,0,0
BRDA:72,5,1,6
BRDA:109,6,0,6
BRDA:109,6,1,6
BRF:16
BRH:11
end_of_record
TN:
SF:app/[locale]/profile/[uid]/links/page.tsx
FN:20,Links
FN:37,(anonymous_1)
FN:45,(anonymous_2)
FN:66,(anonymous_3)
FN:68,(anonymous_4)
FN:70,(anonymous_5)
FN:71,(anonymous_6)
FN:108,(anonymous_7)
FN:155,(anonymous_8)
FN:156,(anonymous_9)
FN:157,(anonymous_10)
FNF:11
FNH:8
FNDA:21,Links
FNDA:6,(anonymous_1)
FNDA:5,(anonymous_2)
FNDA:6,(anonymous_3)
FNDA:5,(anonymous_4)
FNDA:4,(anonymous_5)
FNDA:4,(anonymous_6)
FNDA:8,(anonymous_7)
FNDA:0,(anonymous_8)
FNDA:0,(anonymous_9)
FNDA:0,(anonymous_10)
DA:21,21
DA:22,21
DA:23,21
DA:24,21
DA:25,21
DA:26,21
DA:32,21
DA:33,21
DA:34,21
DA:35,21
DA:37,21
DA:38,6
DA:39,5
DA:40,5
DA:41,5
DA:45,21
DA:46,5
DA:47,5
DA:48,5
DA:49,5
DA:53,9
DA:54,8
DA:55,8
DA:57,4
DA:58,4
DA:61,0
DA:63,4
DA:66,21
DA:67,6
DA:68,6
DA:69,5
DA:70,5
DA:71,4
DA:75,6
DA:78,21
DA:81,6
DA:100,15
DA:109,8
DA:156,0
DA:157,0
LF:40
LH:37
BRDA:24,0,0,21
BRDA:24,0,1,5
BRDA:27,1,0,16
BRDA:27,1,1,5
BRDA:39,2,0,5
BRDA:39,2,1,0
BRDA:50,3,0,13
BRDA:50,3,1,13
BRDA:57,4,0,4
BRDA:57,4,1,0
BRDA:67,5,0,6
BRDA:67,5,1,0
BRDA:67,6,0,6
BRDA:67,6,1,6
BRDA:78,7,0,6
BRDA:78,7,1,15
BRDA:78,8,0,21
BRDA:78,8,1,21
BRDA:103,9,0,12
BRDA:103,9,1,3
BRDA:146,10,0,11
BRDA:146,10,1,4
BRF:22
BRH:19
end_of_record
TN:
SF:app/[locale]/register/page.tsx
FN:14,Register
FN:27,(anonymous_1)
FN:33,handleFormSubmit
FN:70,(anonymous_3)
FN:83,(anonymous_4)
FN:96,(anonymous_5)
FN:107,(anonymous_6)
FN:107,(anonymous_7)
FN:116,(anonymous_8)
FN:125,(anonymous_9)
FNF:10
FNH:9
FNDA:224,Register
FNDA:8,(anonymous_1)
FNDA:6,handleFormSubmit
FNDA:130,(anonymous_3)
FNDA:38,(anonymous_4)
FNDA:40,(anonymous_5)
FNDA:2,(anonymous_6)
FNDA:2,(anonymous_7)
FNDA:6,(anonymous_8)
FNDA:0,(anonymous_9)
DA:15,224
DA:16,224
DA:17,224
DA:18,224
DA:19,224
DA:21,224
DA:22,224
DA:23,224
DA:24,224
DA:27,224
DA:28,8
DA:29,4
DA:34,6
DA:36,6
DA:37,2
DA:40,4
DA:41,4
DA:42,4
DA:43,4
DA:45,0
DA:48,4
DA:51,224
DA:70,130
DA:83,38
DA:96,40
DA:107,2
DA:116,6
DA:125,0
LF:28
LH:26
BRDA:28,0,0,4
BRDA:28,0,1,4
BRDA:36,1,0,2
BRDA:36,1,1,4
BRF:4
BRH:4
end_of_record
TN:
SF:components/Buttons/Button.tsx
FN:7,Button
FNF:1
FNH:1
FNDA:45823,Button
DA:8,45823
DA:9,2419
DA:19,43404
LF:3
LH:3
BRDA:8,0,0,2419
BRDA:8,0,1,43404
BRF:2
BRH:2
end_of_record
TN:
SF:components/Buttons/DeleteButton/DeleteButton.tsx
FN:8,DeleteButton
FNF:1
FNH:1
FNDA:13646,DeleteButton
DA:12,13646
LF:1
LH:1
BRDA:9,0,0,13088
BRF:1
BRH:1
end_of_record
TN:
SF:components/Buttons/EditButton/EditButton.tsx
FN:4,EditButton
FNF:1
FNH:1
FNDA:24956,EditButton
DA:5,24956
LF:1
LH:1
BRF:0
BRH:0
end_of_record
TN:
SF:components/Buttons/FileButton/FileButton.tsx
FN:10,FileButton
FNF:1
FNH:1
FNDA:98,FileButton
DA:11,98
LF:1
LH:1
BRF:0
BRH:0
end_of_record
TN:
SF:components/Buttons/GoogleButton/GoogleButton.tsx
FN:4,GoogleButton
FNF:1
FNH:1
FNDA:1341,GoogleButton
DA:5,1341
LF:1
LH:1
BRF:0
BRH:0
end_of_record
TN:
SF:components/Buttons/LinkButton/LinkButton.tsx
FN:14,LinkButton
FN:27,(anonymous_1)
FN:36,(anonymous_2)
FN:47,(anonymous_3)
FN:50,(anonymous_4)
FN:59,(anonymous_5)
FN:66,(anonymous_6)
FN:66,(anonymous_7)
FN:74,(anonymous_8)
FN:83,(anonymous_9)
FN:85,(anonymous_10)
FNF:11
FNH:7
FNDA:10,LinkButton
FNDA:6,(anonymous_1)
FNDA:6,(anonymous_2)
FNDA:2,(anonymous_3)
FNDA:2,(anonymous_4)
FNDA:2,(anonymous_5)
FNDA:0,(anonymous_6)
FNDA:0,(anonymous_7)
FNDA:6,(anonymous_8)
FNDA:0,(anonymous_9)
FNDA:0,(anonymous_10)
DA:19,10
DA:21,10
DA:23,10
DA:24,10
DA:27,10
DA:28,6
DA:37,6
DA:38,2
DA:43,10
DA:48,2
DA:50,2
DA:52,2
DA:59,2
DA:60,2
DA:64,0
DA:65,0
DA:66,0
DA:68,0
DA:74,6
DA:84,0
DA:86,0
LF:21
LH:15
BRDA:24,0,0,10
BRDA:24,0,1,0
BRDA:37,1,0,2
BRDA:37,1,1,4
BRDA:43,2,0,6
BRDA:43,2,1,4
BRDA:43,3,0,10
BRDA:43,3,1,6
BRDA:48,4,0,2
BRDA:48,4,1,0
BRDA:49,5,0,2
BRDA:49,5,1,2
BRDA:64,6,0,0
BRDA:64,6,1,0
BRDA:65,7,0,0
BRDA:65,7,1,0
BRDA:79,8,0,4
BRDA:79,8,1,4
BRF:18
BRH:12
end_of_record
TN:
SF:components/Buttons/LinkButton/LinkButtonNoNumber.tsx
FN:9,(anonymous_0)
FN:24,(anonymous_1)
FN:28,(anonymous_2)
FN:39,(anonymous_3)
FN:41,(anonymous_4)
FN:41,(anonymous_5)
FN:45,(anonymous_6)
FNF:7
FNH:2
FNDA:28,(anonymous_0)
FNDA:0,(anonymous_1)
FNDA:0,(anonymous_2)
FNDA:0,(anonymous_3)
FNDA:0,(anonymous_4)
FNDA:0,(anonymous_5)
FNDA:12,(anonymous_6)
DA:9,10
DA:16,28
DA:17,28
DA:18,28
DA:19,28
DA:25,0
DA:26,0
DA:28,0
DA:37,0
DA:39,0
DA:41,0
DA:45,12
LF:12
LH:6
BRDA:11,0,0,28
BRDA:20,1,0,28
BRDA:20,1,1,8
BRDA:26,2,0,0
BRDA:26,2,1,0
BRDA:26,2,2,0
BRDA:26,2,3,0
BRDA:26,2,4,0
BRDA:37,3,0,0
BRDA:37,3,1,0
BRDA:37,3,2,0
BRDA:37,3,3,0
BRDA:37,3,4,0
BRDA:47,4,0,0
BRDA:47,4,1,8
BRF:15
BRH:4
end_of_record
TN:
SF:components/Buttons/LinkButton/Unlink.ts
FN:4,unlink
FNF:1
FNH:0
FNDA:0,unlink
DA:6,0
DA:11,0
LF:2
LH:0
BRF:0
BRH:0
end_of_record
TN:
SF:components/Buttons/LinkButton/ViewLinkButton.tsx
FN:6,ViewLinkButton
FNF:1
FNH:1
FNDA:2363,ViewLinkButton
DA:13,2363
DA:14,2363
LF:2
LH:2
BRDA:19,0,0,2363
BRDA:19,0,1,2341
BRDA:23,1,0,2363
BRDA:23,1,1,6
BRF:4
BRH:4
end_of_record
TN:
SF:components/Buttons/NotificationDeleteButton/NotificationDeleteButton.tsx
FN:7,NotificationDeleteButton
FN:19,(anonymous_1)
FN:21,(anonymous_2)
FN:23,(anonymous_3)
FNF:4
FNH:4
FNDA:22,NotificationDeleteButton
FNDA:2,(anonymous_1)
FNDA:2,(anonymous_2)
FNDA:6,(anonymous_3)
DA:14,22
DA:15,22
DA:20,2
DA:21,2
DA:22,2
DA:23,6
LF:6
LH:6
BRF:0
BRH:0
end_of_record
TN:
SF:components/Buttons/PostButton/PostButton.tsx
FN:4,PostButton
FNF:1
FNH:1
FNDA:59,PostButton
DA:5,59
DA:6,59
LF:2
LH:2
BRF:0
BRH:0
end_of_record
TN:
SF:components/Buttons/UploadMediaButton/UploadMediaButton.tsx
FN:4,UploadMediaButton
FNF:1
FNH:1
FNDA:45,UploadMediaButton
DA:5,45
DA:6,45
LF:2
LH:2
BRF:0
BRH:0
end_of_record
TN:
SF:components/Card/Card.tsx
FN:5,(anonymous_0)
FNF:1
FNH:1
FNDA:1184,(anonymous_0)
DA:5,60
DA:6,1184
LF:2
LH:2
BRF:0
BRH:0
end_of_record
TN:
SF:components/Card/CardGrid.tsx
FN:3,(anonymous_0)
FNF:1
FNH:1
FNDA:342,(anonymous_0)
DA:3,18
DA:12,342
LF:2
LH:2
BRDA:5,0,0,0
BRF:1
BRH:0
end_of_record
TN:
SF:components/Card/FullPostCard.tsx
FN:14,(anonymous_0)
FN:110,(anonymous_1)
FNF:2
FNH:2
FNDA:12,(anonymous_0)
FNDA:8,(anonymous_1)
DA:14,6
DA:31,12
DA:32,12
DA:33,12
DA:35,12
DA:37,12
DA:111,8
LF:7
LH:7
BRDA:45,0,0,7
BRDA:45,0,1,5
BRDA:77,1,0,7
BRDA:77,1,1,5
BRDA:98,2,0,4
BRDA:98,2,1,8
BRDA:98,3,0,12
BRDA:98,3,1,8
BRDA:98,3,2,8
BRF:9
BRH:9
end_of_record
TN:
SF:components/Comment/AddComment.tsx
FN:19,(anonymous_0)
FN:38,(anonymous_1)
FN:74,(anonymous_2)
FNF:3
FNH:3
FNDA:34,(anonymous_0)
FNDA:2,(anonymous_1)
FNDA:22,(anonymous_2)
DA:19,6
DA:36,34
DA:38,34
DA:39,2
DA:40,2
DA:47,2
DA:56,2
DA:57,2
DA:60,34
DA:74,22
LF:10
LH:10
BRDA:39,0,0,0
BRDA:39,0,1,2
BRDA:42,1,0,2
BRDA:42,1,1,0
BRDA:57,2,0,2
BRDA:57,2,1,0
BRF:6
BRH:3
end_of_record
TN:
SF:components/Comment/CommentBody.tsx
FN:3,(anonymous_0)
FNF:1
FNH:1
FNDA:8,(anonymous_0)
DA:3,6
DA:11,8
LF:2
LH:2
BRDA:14,0,0,8
BRDA:14,0,1,0
BRF:2
BRH:1
end_of_record
TN:
SF:components/Comment/CommentHeader.tsx
FN:6,(anonymous_0)
FNF:1
FNH:1
FNDA:8,(anonymous_0)
DA:6,6
DA:13,8
LF:2
LH:2
BRDA:17,0,0,8
BRDA:17,0,1,0
BRDA:26,1,0,8
BRDA:26,1,1,0
BRF:4
BRH:2
end_of_record
TN:
SF:components/CreatePostGroup/CreatePostGroup.tsx
FN:19,CreatePostGroup
FN:27,(anonymous_1)
FN:33,(anonymous_2)
FN:36,(anonymous_3)
FN:37,(anonymous_4)
FN:39,(anonymous_5)
FN:44,(anonymous_6)
FN:48,(anonymous_7)
FN:69,(anonymous_8)
FN:73,upLoadImage
FN:80,(anonymous_10)
FN:81,(anonymous_11)
FN:84,(anonymous_12)
FN:85,(anonymous_13)
FN:86,(anonymous_14)
FN:92,(anonymous_15)
FN:100,createPost
FN:104,(anonymous_17)
FNF:18
FNH:17
FNDA:43,CreatePostGroup
FNDA:2,(anonymous_1)
FNDA:2,(anonymous_2)
FNDA:2,(anonymous_3)
FNDA:2,(anonymous_4)
FNDA:4,(anonymous_5)
FNDA:12,(anonymous_6)
FNDA:2,(anonymous_7)
FNDA:2,(anonymous_8)
FNDA:2,upLoadImage
FNDA:4,(anonymous_10)
FNDA:0,(anonymous_11)
FNDA:2,(anonymous_12)
FNDA:2,(anonymous_13)
FNDA:2,(anonymous_14)
FNDA:8,(anonymous_15)
FNDA:2,createPost
FNDA:2,(anonymous_17)
DA:20,43
DA:21,39
DA:22,39
DA:23,39
DA:24,39
DA:25,39
DA:27,39
DA:28,2
DA:29,0
DA:30,0
DA:33,2
DA:36,39
DA:37,2
DA:38,2
DA:39,4
DA:44,39
DA:45,12
DA:48,39
DA:49,2
DA:61,2
DA:64,2
DA:65,2
DA:69,2
DA:70,2
DA:74,2
DA:76,2
DA:78,2
DA:82,0
DA:85,2
DA:86,2
DA:92,39
DA:93,8
DA:94,2
DA:95,2
DA:96,2
DA:101,2
DA:102,2
DA:103,2
DA:104,2
DA:105,2
DA:108,0
DA:111,0
DA:115,39
LF:43
LH:38
BRDA:28,0,0,0
BRDA:28,0,1,2
BRDA:28,1,0,2
BRDA:28,1,1,0
BRDA:39,2,0,4
BRDA:39,2,1,2
BRDA:51,3,0,2
BRDA:51,3,1,0
BRDA:93,4,0,2
BRDA:93,4,1,6
BRDA:93,5,0,8
BRDA:93,5,1,2
BRDA:102,6,0,2
BRDA:102,6,1,0
BRF:14
BRH:10
end_of_record
TN:
SF:components/CreatePostGroup/CreatePost/CreatePost.tsx
FN:13,CreatePost
FN:19,(anonymous_1)
FN:64,(anonymous_2)
FN:76,(anonymous_3)
FN:93,(anonymous_4)
FNF:5
FNH:5
FNDA:63,CreatePost
FNDA:2,(anonymous_1)
FNDA:63,(anonymous_2)
FNDA:63,(anonymous_3)
FNDA:30,(anonymous_4)
DA:14,63
DA:15,63
DA:16,63
DA:17,63
DA:19,63
DA:20,2
DA:21,2
DA:22,2
DA:25,63
DA:65,63
DA:77,63
DA:94,30
LF:12
LH:12
BRDA:30,0,0,63
BRDA:30,0,1,0
BRDA:66,1,0,63
BRDA:66,1,1,0
BRDA:78,2,0,0
BRDA:78,2,1,63
BRDA:91,3,0,16
BRDA:91,3,1,47
BRF:8
BRH:5
end_of_record
TN:
SF:components/CreatePostGroup/PreviewAttachement/PreviewAttachement.tsx
FN:8,PreviewAttachement
FN:18,(anonymous_1)
FN:22,(anonymous_2)
FN:29,(anonymous_3)
FN:33,(anonymous_4)
FN:44,(anonymous_5)
FN:58,(anonymous_6)
FN:62,(anonymous_7)
FN:64,(anonymous_8)
FN:65,(anonymous_9)
FN:68,(anonymous_10)
FN:70,(anonymous_11)
FN:86,(anonymous_12)
FN:92,(anonymous_13)
FN:117,(anonymous_14)
FNF:15
FNH:14
FNDA:45,PreviewAttachement
FNDA:12,(anonymous_1)
FNDA:6,(anonymous_2)
FNDA:4,(anonymous_3)
FNDA:4,(anonymous_4)
FNDA:4,(anonymous_5)
FNDA:0,(anonymous_6)
FNDA:2,(anonymous_7)
FNDA:2,(anonymous_8)
FNDA:4,(anonymous_9)
FNDA:2,(anonymous_10)
FNDA:4,(anonymous_11)
FNDA:22,(anonymous_12)
FNDA:2,(anonymous_13)
FNDA:4,(anonymous_14)
DA:13,45
DA:14,45
DA:15,45
DA:16,45
DA:18,45
DA:19,12
DA:22,45
DA:23,6
DA:24,2
DA:25,2
DA:29,45
DA:30,4
DA:31,4
DA:32,4
DA:33,4
DA:35,4
DA:36,0
DA:44,4
DA:45,4
DA:55,45
DA:58,45
DA:59,0
DA:62,45
DA:63,2
DA:64,2
DA:65,4
DA:68,2
DA:69,2
DA:70,4
DA:74,2
DA:75,2
DA:79,45
DA:87,22
DA:92,2
DA:117,4
LF:35
LH:33
BRDA:23,0,0,2
BRDA:23,0,1,4
BRDA:30,1,0,4
BRDA:30,1,1,0
BRDA:30,2,0,4
BRDA:30,2,1,4
BRDA:32,3,0,0
BRDA:32,3,1,4
BRDA:35,4,0,0
BRDA:35,4,1,4
BRDA:63,5,0,2
BRDA:63,5,1,0
BRDA:70,6,0,4
BRDA:70,6,1,2
BRDA:85,7,0,45
BRDA:85,7,1,45
BRF:16
BRH:12
end_of_record
TN:
SF:components/DM/ChatroomCard.tsx
FN:11,ChatRoomCard
FN:15,(anonymous_1)
FN:21,(anonymous_2)
FN:22,(anonymous_3)
FN:27,(anonymous_4)
FN:29,(anonymous_5)
FNF:6
FNH:6
FNDA:8,ChatRoomCard
FNDA:16,(anonymous_1)
FNDA:4,(anonymous_2)
FNDA:4,(anonymous_3)
FNDA:8,(anonymous_4)
FNDA:8,(anonymous_5)
DA:12,8
DA:13,8
DA:14,8
DA:15,8
DA:16,16
DA:17,8
DA:21,8
DA:22,4
DA:23,4
DA:27,8
DA:28,8
DA:30,8
DA:35,8
LF:13
LH:13
BRDA:16,0,0,8
BRDA:16,0,1,8
BRDA:37,1,0,8
BRDA:37,1,1,4
BRF:4
BRH:4
end_of_record
TN:
SF:components/DM/ChatroomCardHeader.tsx
FN:5,ChatroomCardHeader
FNF:1
FNH:1
FNDA:4,ChatroomCardHeader
DA:12,4
LF:1
LH:1
BRF:0
BRH:0
end_of_record
TN:
SF:components/DM/CreateChatModal.tsx
FN:22,CreateChatModal
FN:29,(anonymous_1)
FN:52,(anonymous_2)
FN:85,(anonymous_3)
FN:114,(anonymous_4)
FNF:5
FNH:5
FNDA:50,CreateChatModal
FNDA:2,(anonymous_1)
FNDA:2,(anonymous_2)
FNDA:2,(anonymous_3)
FNDA:46,(anonymous_4)
DA:23,50
DA:24,50
DA:25,50
DA:26,50
DA:27,50
DA:29,50
DA:30,2
DA:32,2
DA:42,2
DA:51,2
DA:52,2
DA:53,2
DA:58,2
DA:62,2
DA:64,2
DA:71,0
DA:79,0
DA:80,0
DA:82,2
DA:85,50
DA:86,2
DA:87,2
DA:88,2
DA:90,2
DA:98,2
DA:99,2
DA:100,2
DA:101,0
DA:104,50
DA:114,46
LF:30
LH:26
BRDA:53,0,0,2
BRDA:53,0,1,0
BRDA:54,1,0,2
BRDA:54,1,1,2
BRDA:54,1,2,2
BRDA:62,2,0,2
BRDA:62,2,1,0
BRDA:87,3,0,0
BRDA:87,3,1,2
BRDA:99,4,0,2
BRDA:99,4,1,0
BRF:11
BRH:7
end_of_record
TN:
SF:components/DM/MessageCard.tsx
FN:7,(anonymous_0)
FNF:1
FNH:1
FNDA:740,(anonymous_0)
DA:7,4
DA:8,740
DA:10,740
LF:3
LH:3
BRDA:14,0,0,304
BRDA:14,0,1,436
BRDA:21,1,0,304
BRDA:21,1,1,436
BRDA:37,2,0,10
BRDA:37,2,1,730
BRDA:40,3,0,740
BRDA:40,3,1,730
BRDA:41,4,0,740
BRDA:41,4,1,184
BRDA:41,4,2,184
BRDA:43,5,0,116
BRDA:43,5,1,68
BRDA:65,6,0,304
BRDA:65,6,1,436
BRF:15
BRH:15
end_of_record
TN:
SF:components/DM/TimeDivider.tsx
FN:5,(anonymous_0)
FN:9,(anonymous_1)
FNF:2
FNH:2
FNDA:426,(anonymous_0)
FNDA:18,(anonymous_1)
DA:5,4
DA:6,426
DA:7,426
DA:9,426
DA:10,18
DA:11,18
DA:12,18
DA:14,6
DA:18,12
DA:20,0
DA:21,12
DA:23,0
DA:25,12
DA:31,18
DA:34,426
LF:15
LH:13
BRDA:12,0,0,6
BRDA:12,0,1,12
BRDA:18,1,0,0
BRDA:18,1,1,12
BRDA:21,2,0,0
BRDA:21,2,1,12
BRF:6
BRH:4
end_of_record
TN:
SF:components/DeleteAccountPopup/DeleteAccountPopup.tsx
FN:8,DeleteAccountPopup
FNF:1
FNH:1
FNDA:2345,DeleteAccountPopup
DA:13,2345
DA:14,2345
DA:16,2345
LF:3
LH:3
BRDA:31,0,0,0
BRDA:31,0,1,2345
BRF:2
BRH:1
end_of_record
TN:
SF:components/DeleteAccountPopupEmail/DeleteAccountPopupEmail.tsx
FN:7,DeleteAccountPopupEmail
FN:20,(anonymous_1)
FN:28,(anonymous_2)
FN:48,(anonymous_3)
FN:59,(anonymous_4)
FNF:5
FNH:4
FNDA:48,DeleteAccountPopupEmail
FNDA:0,(anonymous_1)
FNDA:6,(anonymous_2)
FNDA:42,(anonymous_3)
FNDA:6,(anonymous_4)
DA:11,48
DA:12,48
DA:13,48
DA:15,48
DA:17,48
DA:20,48
DA:21,0
DA:22,0
DA:23,0
DA:24,0
DA:28,48
DA:29,6
DA:30,6
DA:31,4
DA:33,2
DA:37,48
DA:48,42
DA:59,6
LF:18
LH:14
BRDA:50,0,0,16
BRDA:50,0,1,32
BRF:2
BRH:2
end_of_record
TN:
SF:components/DeleteAccountPopupOAuth/DeleteAccountPopupOAuth.tsx
FN:10,DeleteAccountPopupOAuth
FN:23,(anonymous_1)
FN:30,(anonymous_2)
FN:40,(anonymous_3)
FN:57,(anonymous_4)
FN:75,(anonymous_5)
FNF:6
FNH:0
FNDA:0,DeleteAccountPopupOAuth
FNDA:0,(anonymous_1)
FNDA:0,(anonymous_2)
FNDA:0,(anonymous_3)
FNDA:0,(anonymous_4)
FNDA:0,(anonymous_5)
DA:14,0
DA:15,0
DA:16,0
DA:18,0
DA:20,0
DA:23,0
DA:24,0
DA:25,0
DA:26,0
DA:27,0
DA:30,0
DA:31,0
DA:32,0
DA:33,0
DA:35,0
DA:40,0
DA:41,0
DA:42,0
DA:45,0
DA:46,0
DA:49,0
DA:57,0
DA:75,0
LF:23
LH:0
BRDA:41,0,0,0
BRDA:41,0,1,0
BRDA:52,1,0,0
BRDA:52,1,1,0
BRDA:61,2,0,0
BRDA:61,2,1,0
BRF:6
BRH:0
end_of_record
TN:
SF:components/FilePreview/FilePreview.tsx
FN:1,FilePreview
FNF:1
FNH:1
FNDA:72,FilePreview
DA:10,72
LF:1
LH:1
BRF:0
BRH:0
end_of_record
TN:
SF:components/Icons/CommentIcon/CommentIcon.tsx
FN:4,(anonymous_0)
FN:20,(anonymous_1)
FNF:2
FNH:2
FNDA:12,(anonymous_0)
FNDA:2,(anonymous_1)
DA:4,6
DA:13,12
DA:20,2
LF:3
LH:3
BRDA:22,0,0,7
BRDA:22,0,1,5
BRF:2
BRH:2
end_of_record
TN:
SF:components/Icons/JobHuntIcon/JobHuntIcon.tsx
FN:4,JobHuntIcon
FNF:1
FNH:1
FNDA:2365,JobHuntIcon
DA:9,2365
DA:10,2365
LF:2
LH:2
BRDA:15,0,0,18
BRDA:15,0,1,2347
BRF:2
BRH:2
end_of_record
TN:
SF:components/Icons/LikeIcon/LikeIcon.tsx
FN:14,(anonymous_0)
FN:25,(anonymous_1)
FN:29,(anonymous_2)
FN:54,(anonymous_3)
FN:55,(anonymous_4)
FNF:5
FNH:5
FNDA:14,(anonymous_0)
FNDA:3,(anonymous_1)
FNDA:2,(anonymous_2)
FNDA:2,(anonymous_3)
FNDA:2,(anonymous_4)
DA:14,6
DA:25,14
DA:27,14
DA:29,14
DA:31,2
DA:32,2
DA:34,0
DA:36,2
DA:47,14
DA:55,2
DA:56,2
LF:11
LH:10
BRDA:25,0,0,14
BRDA:25,0,1,11
BRDA:31,1,0,2
BRDA:31,1,1,0
BRDA:59,2,0,12
BRDA:59,2,1,2
BRDA:68,3,0,3
BRDA:68,3,1,11
BRDA:69,4,0,3
BRDA:69,4,1,0
BRDA:72,5,0,9
BRDA:72,5,1,2
BRDA:73,6,0,9
BRDA:73,6,1,0
BRDA:74,7,0,2
BRDA:74,7,1,2
BRF:16
BRH:13
end_of_record
TN:
SF:components/Icons/LinkIcon/LinkIcon.tsx
FN:4,LinkIcon
FNF:1
FNH:1
FNDA:2381,LinkIcon
DA:13,2381
DA:15,2381
DA:16,14
DA:34,2367
LF:4
LH:4
BRDA:7,0,0,2369
BRDA:15,1,0,14
BRDA:15,1,1,2367
BRDA:24,2,0,14
BRDA:24,2,1,12
BRDA:46,3,0,2367
BRDA:46,3,1,2
BRF:7
BRH:7
end_of_record
TN:
SF:components/Icons/NotifBlueDot/NotifBlueDot.tsx
FN:12,NotifBlueDot
FN:23,(anonymous_1)
FN:29,(anonymous_2)
FN:39,(anonymous_3)
FN:40,(anonymous_4)
FN:41,(anonymous_5)
FNF:6
FNH:2
FNDA:28,NotifBlueDot
FNDA:20,(anonymous_1)
FNDA:0,(anonymous_2)
FNDA:0,(anonymous_3)
FNDA:0,(anonymous_4)
FNDA:0,(anonymous_5)
DA:21,28
DA:22,28
DA:23,28
DA:24,20
DA:25,20
DA:27,28
DA:30,0
DA:39,0
DA:40,0
DA:41,0
DA:42,0
DA:43,0
DA:48,0
LF:13
LH:6
BRDA:42,0,0,0
BRDA:42,0,1,0
BRDA:54,1,0,8
BRDA:54,1,1,20
BRF:4
BRH:2
end_of_record
TN:
SF:components/Icons/NotifBlueDotIcon/NotifBlueDotIcon.tsx
FN:3,NotifBlueDotIcon
FNF:1
FNH:1
FNDA:4,NotifBlueDotIcon
DA:4,4
LF:1
LH:1
BRDA:6,0,0,4
BRDA:6,0,1,0
BRF:2
BRH:1
end_of_record
TN:
SF:components/Icons/PrivacyIcon/PrivacyIcon.tsx
FN:4,PrivacyIcon
FNF:1
FNH:1
FNDA:2361,PrivacyIcon
DA:5,2361
DA:6,2361
LF:2
LH:2
BRDA:11,0,0,0
BRDA:11,0,1,2361
BRF:2
BRH:1
end_of_record
TN:
SF:components/Icons/SocialIcon/SocialIcon.tsx
FN:10,SocialIcon
FNF:1
FNH:1
FNDA:3908,SocialIcon
DA:5,46
DA:15,3908
LF:2
LH:2
BRF:0
BRH:0
end_of_record
TN:
SF:components/Icons/SocialIconGroup/SocialIconGroup.tsx
FN:4,SocialIconGroup
FN:16,(anonymous_1)
FN:17,(anonymous_2)
FNF:3
FNH:3
FNDA:1906,SocialIconGroup
FNDA:3808,(anonymous_1)
FNDA:3772,(anonymous_2)
DA:9,1906
DA:16,3808
DA:18,3772
LF:3
LH:3
BRDA:14,0,0,1906
BRDA:14,0,1,1904
BRF:2
BRH:2
end_of_record
TN:
SF:components/ImageOptimized/ImageOptimized.tsx
FN:11,ImageOptimized
FNF:1
FNH:1
FNDA:3866,ImageOptimized
DA:9,108
DA:12,3866
LF:2
LH:2
BRDA:14,0,0,3389
BRDA:14,0,1,477
BRDA:18,1,0,3866
BRDA:18,1,1,0
BRDA:20,2,0,3866
BRDA:20,2,1,2367
BRF:6
BRH:5
end_of_record
TN:
SF:components/InputFields/CheckBox/CheckBox.tsx
FN:3,(anonymous_0)
FNF:1
FNH:1
FNDA:4850,(anonymous_0)
DA:3,66
DA:14,4850
LF:2
LH:2
BRF:0
BRH:0
end_of_record
TN:
SF:components/InputFields/Input/Input.tsx
FN:3,Input
FNF:1
FNH:1
FNDA:17672,Input
DA:4,17672
LF:1
LH:1
BRF:0
BRH:0
end_of_record
TN:
SF:components/InputFields/TextArea/TextArea.tsx
FN:3,TextArea
FNF:1
FNH:1
FNDA:2164,TextArea
DA:4,2164
LF:1
LH:1
BRF:0
BRH:0
end_of_record
TN:
SF:components/JobKeyword/JobKeyword.tsx
FN:20,JobKeywordSearch
FN:39,(anonymous_1)
FN:47,(anonymous_2)
FN:48,(anonymous_3)
FN:56,(anonymous_4)
FN:57,(anonymous_5)
FN:57,(anonymous_6)
FN:65,(anonymous_7)
FN:72,(anonymous_8)
FN:77,(anonymous_9)
FN:95,(anonymous_10)
FN:99,(anonymous_11)
FN:136,(anonymous_12)
FN:139,(anonymous_13)
FN:144,(anonymous_14)
FN:156,(anonymous_15)
FN:158,(anonymous_16)
FN:161,(anonymous_17)
FN:165,(anonymous_18)
FN:175,(anonymous_19)
FN:184,(anonymous_20)
FNF:21
FNH:14
FNDA:918,JobKeywordSearch
FNDA:200,(anonymous_1)
FNDA:14,(anonymous_2)
FNDA:14,(anonymous_3)
FNDA:0,(anonymous_4)
FNDA:0,(anonymous_5)
FNDA:0,(anonymous_6)
FNDA:0,(anonymous_7)
FNDA:0,(anonymous_8)
FNDA:208,(anonymous_9)
FNDA:186,(anonymous_10)
FNDA:204,(anonymous_11)
FNDA:96,(anonymous_12)
FNDA:30,(anonymous_13)
FNDA:0,(anonymous_14)
FNDA:284,(anonymous_15)
FNDA:376,(anonymous_16)
FNDA:226,(anonymous_17)
FNDA:14,(anonymous_18)
FNDA:534,(anonymous_19)
FNDA:0,(anonymous_20)
DA:31,918
DA:32,918
DA:33,918
DA:34,918
DA:35,918
DA:39,918
DA:40,200
DA:47,918
DA:48,14
DA:49,14
DA:56,918
DA:57,0
DA:58,0
DA:65,918
DA:66,0
DA:67,0
DA:72,0
DA:73,0
DA:77,918
DA:80,208
DA:83,208
DA:94,208
DA:95,186
DA:97,186
DA:100,204
DA:106,186
DA:109,22
DA:113,918
DA:136,96
DA:140,30
DA:144,0
DA:157,284
DA:158,376
DA:162,226
DA:165,14
DA:176,534
DA:184,0
LF:37
LH:29
BRDA:36,0,0,918
BRDA:36,0,1,0
BRDA:94,1,0,186
BRDA:94,1,1,22
BRDA:133,2,0,918
BRDA:133,2,1,690
BRDA:133,2,2,94
BRDA:133,2,3,74
BRDA:133,2,4,74
BRDA:152,3,0,918
BRDA:152,3,1,246
BRF:11
BRH:10
end_of_record
TN:
SF:components/Jobs/CheckIfJobIsInFilter.ts
FN:5,checkIfJobIsInFilter
FN:31,(anonymous_1)
FN:34,(anonymous_2)
FNF:3
FNH:2
FNDA:476,checkIfJobIsInFilter
FNDA:0,(anonymous_1)
FNDA:248,(anonymous_2)
DA:21,476
DA:28,476
DA:32,0
DA:35,248
DA:38,476
LF:5
LH:4
BRDA:21,0,0,476
BRDA:21,0,1,434
BRDA:21,0,2,420
BRDA:21,0,3,70
BRDA:21,0,4,40
BRDA:21,0,5,46
BRDA:21,0,6,20
BRDA:21,0,7,34
BRDA:21,0,8,10
BRDA:28,1,0,476
BRDA:28,1,1,294
BRDA:28,1,2,290
BRDA:28,1,3,284
BRDA:28,1,4,284
BRDA:38,2,0,476
BRDA:38,2,1,448
BRF:16
BRH:16
end_of_record
TN:
SF:components/Jobs/EditJobPosting.tsx
FN:27,(anonymous_0)
FN:53,(anonymous_1)
FN:74,(anonymous_2)
FN:81,(anonymous_3)
FN:82,(anonymous_4)
FN:85,(anonymous_5)
FN:86,(anonymous_6)
FN:87,(anonymous_7)
FN:91,(anonymous_8)
FN:138,(anonymous_9)
FN:142,(anonymous_10)
FN:162,(anonymous_11)
FN:163,(anonymous_12)
FN:185,(anonymous_13)
FN:193,(anonymous_14)
FN:193,(anonymous_15)
FN:199,(anonymous_16)
FN:199,(anonymous_17)
FN:205,(anonymous_18)
FN:205,(anonymous_19)
FN:219,(anonymous_20)
FN:232,(anonymous_21)
FN:246,(anonymous_22)
FN:276,(anonymous_23)
FN:277,(anonymous_24)
FN:289,(anonymous_25)
FN:289,(anonymous_26)
FN:295,(anonymous_27)
FN:295,(anonymous_28)
FN:301,(anonymous_29)
FN:301,(anonymous_30)
FN:307,(anonymous_31)
FN:307,(anonymous_32)
FNF:33
FNH:22
FNDA:590,(anonymous_0)
FNDA:144,(anonymous_1)
FNDA:144,(anonymous_2)
FNDA:4,(anonymous_3)
FNDA:4,(anonymous_4)
FNDA:0,(anonymous_5)
FNDA:0,(anonymous_6)
FNDA:0,(anonymous_7)
FNDA:6,(anonymous_8)
FNDA:4,(anonymous_9)
FNDA:2,(anonymous_10)
FNDA:2,(anonymous_11)
FNDA:2,(anonymous_12)
FNDA:96,(anonymous_13)
FNDA:0,(anonymous_14)
FNDA:0,(anonymous_15)
FNDA:0,(anonymous_16)
FNDA:0,(anonymous_17)
FNDA:0,(anonymous_18)
FNDA:0,(anonymous_19)
FNDA:204,(anonymous_20)
FNDA:70,(anonymous_21)
FNDA:4,(anonymous_22)
FNDA:0,(anonymous_23)
FNDA:0,(anonymous_24)
FNDA:4,(anonymous_25)
FNDA:4,(anonymous_26)
FNDA:4,(anonymous_27)
FNDA:4,(anonymous_28)
FNDA:4,(anonymous_29)
FNDA:4,(anonymous_30)
FNDA:4,(anonymous_31)
FNDA:4,(anonymous_32)
DA:27,18
DA:38,590
DA:39,590
DA:40,590
DA:41,590
DA:44,590
DA:47,590
DA:50,590
DA:51,590
DA:52,590
DA:53,144
DA:55,590
DA:58,590
DA:61,590
DA:64,590
DA:69,590
DA:73,590
DA:74,144
DA:76,590
DA:79,590
DA:81,590
DA:82,4
DA:85,590
DA:86,0
DA:87,0
DA:91,590
DA:92,6
DA:94,6
DA:100,0
DA:101,0
DA:104,6
DA:123,6
DA:124,4
DA:129,4
DA:130,4
DA:133,4
DA:137,4
DA:138,4
DA:142,4
DA:143,2
DA:154,2
DA:160,2
DA:162,2
DA:163,2
DA:164,2
DA:165,2
DA:167,0
DA:170,2
DA:174,590
DA:185,96
DA:193,0
DA:199,0
DA:205,0
DA:219,204
DA:232,70
DA:247,4
DA:277,0
DA:289,4
DA:295,4
DA:301,4
DA:307,4
LF:61
LH:52
BRDA:40,0,0,590
BRDA:40,0,1,446
BRDA:42,1,0,590
BRDA:42,1,1,446
BRDA:45,2,0,590
BRDA:45,2,1,446
BRDA:48,3,0,590
BRDA:48,3,1,446
BRDA:50,4,0,590
BRDA:50,4,1,446
BRDA:53,5,0,590
BRDA:53,5,1,446
BRDA:56,6,0,590
BRDA:56,6,1,446
BRDA:59,7,0,590
BRDA:59,7,1,446
BRDA:62,8,0,590
BRDA:62,8,1,446
BRDA:65,9,0,144
BRDA:65,9,1,446
BRDA:65,10,0,590
BRDA:65,10,1,144
BRDA:67,11,0,446
BRDA:67,11,1,446
BRDA:71,12,0,590
BRDA:71,12,1,446
BRDA:74,13,0,590
BRDA:74,13,1,446
BRDA:77,14,0,590
BRDA:77,14,1,446
BRDA:79,15,0,590
BRDA:79,15,1,446
BRDA:94,16,0,0
BRDA:94,16,1,6
BRDA:95,17,0,6
BRDA:95,17,1,6
BRDA:95,17,2,6
BRDA:95,17,3,6
BRDA:95,17,4,2
BRDA:117,18,0,6
BRDA:117,18,1,4
BRDA:118,19,0,2
BRDA:118,19,1,4
BRDA:123,20,0,4
BRDA:123,20,1,2
BRDA:123,21,0,6
BRDA:123,21,1,4
BRDA:164,22,0,2
BRDA:164,22,1,0
BRDA:248,23,0,4
BRDA:248,23,1,0
BRDA:280,24,0,590
BRDA:280,24,1,0
BRDA:312,25,0,590
BRDA:312,25,1,300
BRDA:328,26,0,446
BRDA:328,26,1,144
BRDA:331,27,0,446
BRDA:331,27,1,144
BRF:59
BRH:55
end_of_record
TN:
SF:components/Jobs/ExternalApplication.tsx
FN:10,ExternalApplication
FN:34,(anonymous_1)
FN:55,(anonymous_2)
FN:61,(anonymous_3)
FN:63,(anonymous_4)
FN:64,(anonymous_5)
FN:82,(anonymous_6)
FN:83,(anonymous_7)
FN:103,(anonymous_8)
FN:104,(anonymous_9)
FN:133,(anonymous_10)
FN:135,(anonymous_11)
FN:136,(anonymous_12)
FN:144,(anonymous_13)
FN:146,(anonymous_14)
FN:146,(anonymous_15)
FN:148,(anonymous_16)
FN:149,(anonymous_17)
FN:162,(anonymous_18)
FN:164,(anonymous_19)
FN:166,(anonymous_20)
FNF:21
FNH:20
FNDA:300,ExternalApplication
FNDA:0,(anonymous_1)
FNDA:378,(anonymous_2)
FNDA:4,(anonymous_3)
FNDA:4,(anonymous_4)
FNDA:6,(anonymous_5)
FNDA:46,(anonymous_6)
FNDA:46,(anonymous_7)
FNDA:98,(anonymous_8)
FNDA:98,(anonymous_9)
FNDA:2,(anonymous_10)
FNDA:2,(anonymous_11)
FNDA:4,(anonymous_12)
FNDA:2,(anonymous_13)
FNDA:2,(anonymous_14)
FNDA:4,(anonymous_15)
FNDA:2,(anonymous_16)
FNDA:4,(anonymous_17)
FNDA:4,(anonymous_18)
FNDA:4,(anonymous_19)
FNDA:4,(anonymous_20)
DA:23,300
DA:25,300
DA:26,0
DA:28,0
DA:35,0
DA:50,300
DA:56,378
DA:62,4
DA:63,4
DA:64,4
DA:65,6
DA:83,46
DA:84,46
DA:85,46
DA:86,46
DA:104,98
DA:105,98
DA:106,98
DA:107,98
DA:134,2
DA:135,2
DA:136,4
DA:145,2
DA:146,4
DA:148,2
DA:149,4
DA:164,4
DA:166,4
LF:28
LH:25
BRDA:12,0,0,0
BRDA:25,1,0,0
BRDA:25,1,1,300
BRDA:26,2,0,0
BRDA:26,2,1,0
BRDA:26,3,0,0
BRDA:26,3,1,0
BRDA:65,4,0,4
BRDA:65,4,1,2
BRDA:70,5,0,232
BRDA:70,5,1,146
BRDA:70,6,0,378
BRDA:70,6,1,378
BRDA:119,7,0,378
BRDA:119,7,1,378
BRDA:122,8,0,232
BRDA:122,8,1,146
BRDA:122,9,0,378
BRDA:122,9,1,378
BRDA:136,10,0,2
BRDA:136,10,1,2
BRDA:158,11,0,300
BRDA:158,11,1,300
BRF:23
BRH:17
end_of_record
TN:
SF:components/Jobs/FullJobCard.tsx
FN:27,Jobs
FN:49,(anonymous_1)
FN:53,(anonymous_2)
FN:57,(anonymous_3)
FN:74,(anonymous_4)
FN:76,(anonymous_5)
FN:78,(anonymous_6)
FN:84,(anonymous_7)
FN:90,(anonymous_8)
FN:133,(anonymous_9)
FN:212,(anonymous_10)
FN:214,(anonymous_11)
FN:225,(anonymous_12)
FN:235,(anonymous_13)
FN:236,(anonymous_14)
FN:305,(anonymous_15)
FN:306,(anonymous_16)
FN:321,(anonymous_17)
FN:338,(anonymous_18)
FN:339,(anonymous_19)
FN:358,(anonymous_20)
FN:370,(anonymous_21)
FN:372,(anonymous_22)
FN:381,(anonymous_23)
FN:389,(anonymous_24)
FN:391,(anonymous_25)
FNF:26
FNH:13
FNDA:296,Jobs
FNDA:0,(anonymous_1)
FNDA:0,(anonymous_2)
FNDA:0,(anonymous_3)
FNDA:0,(anonymous_4)
FNDA:0,(anonymous_5)
FNDA:0,(anonymous_6)
FNDA:0,(anonymous_7)
FNDA:0,(anonymous_8)
FNDA:0,(anonymous_9)
FNDA:2,(anonymous_10)
FNDA:2,(anonymous_11)
FNDA:8,(anonymous_12)
FNDA:2,(anonymous_13)
FNDA:2,(anonymous_14)
FNDA:4,(anonymous_15)
FNDA:4,(anonymous_16)
FNDA:0,(anonymous_17)
FNDA:4,(anonymous_18)
FNDA:4,(anonymous_19)
FNDA:0,(anonymous_20)
FNDA:0,(anonymous_21)
FNDA:0,(anonymous_22)
FNDA:2,(anonymous_23)
FNDA:2,(anonymous_24)
FNDA:2,(anonymous_25)
DA:36,296
DA:38,296
DA:39,296
DA:41,296
DA:42,296
DA:46,296
DA:47,296
DA:49,296
DA:50,0
DA:53,296
DA:54,0
DA:57,296
DA:61,0
DA:62,0
DA:63,0
DA:66,0
DA:70,0
DA:73,0
DA:76,0
DA:78,0
DA:80,0
DA:81,0
DA:83,0
DA:84,0
DA:85,0
DA:86,0
DA:87,0
DA:89,0
DA:90,0
DA:91,0
DA:92,0
DA:93,0
DA:98,296
DA:134,0
DA:213,2
DA:214,2
DA:226,8
DA:227,8
DA:228,4
DA:229,4
DA:233,2
DA:235,2
DA:236,2
DA:237,2
DA:246,2
DA:247,2
DA:249,2
DA:250,2
DA:260,2
DA:262,0
DA:306,4
DA:307,4
DA:308,4
DA:309,4
DA:321,0
DA:339,4
DA:340,4
DA:341,4
DA:342,4
DA:358,0
DA:371,0
DA:372,0
DA:382,2
DA:383,2
DA:384,0
DA:385,2
DA:386,0
DA:388,2
DA:389,2
DA:390,2
DA:391,2
DA:393,2
DA:399,2
DA:400,2
DA:402,2
DA:412,2
DA:414,0
LF:77
LH:46
BRDA:62,0,0,0
BRDA:62,0,1,0
BRDA:62,1,0,0
BRDA:62,1,1,0
BRDA:83,2,0,0
BRDA:83,2,1,0
BRDA:89,3,0,0
BRDA:89,3,1,0
BRDA:147,4,0,296
BRDA:147,4,1,170
BRDA:156,5,0,296
BRDA:156,5,1,88
BRDA:165,6,0,296
BRDA:165,6,1,38
BRDA:186,7,0,296
BRDA:186,7,1,88
BRDA:186,7,2,38
BRDA:192,8,0,296
BRDA:192,8,1,88
BRDA:192,8,2,50
BRDA:198,9,0,296
BRDA:198,9,1,208
BRDA:198,9,2,50
BRDA:206,10,0,296
BRDA:206,10,1,286
BRDA:227,11,0,4
BRDA:227,11,1,4
BRDA:227,12,0,8
BRDA:227,12,1,4
BRDA:229,13,0,2
BRDA:229,13,1,2
BRDA:230,14,0,4
BRDA:230,14,1,2
BRDA:277,15,0,296
BRDA:277,15,1,10
BRDA:383,16,0,0
BRDA:383,16,1,2
BRDA:383,17,0,2
BRDA:383,17,1,0
BRDA:385,18,0,0
BRDA:385,18,1,2
BRDA:385,19,0,2
BRDA:385,19,1,0
BRF:43
BRH:31
end_of_record
TN:
SF:components/Jobs/JobPostBody.tsx
FN:11,(anonymous_0)
FN:88,(anonymous_1)
FN:92,(anonymous_2)
FNF:3
FNH:3
FNDA:24,(anonymous_0)
FNDA:30,(anonymous_1)
FNDA:4,(anonymous_2)
DA:11,18
DA:13,24
DA:14,24
DA:88,30
DA:93,4
LF:5
LH:5
BRDA:16,0,0,24
BRDA:16,0,1,0
BRDA:21,1,0,24
BRDA:21,1,1,0
BRDA:28,2,0,24
BRDA:28,2,1,0
BRDA:44,3,0,24
BRDA:44,3,1,0
BRDA:54,4,0,24
BRDA:54,4,1,0
BRDA:68,5,0,4
BRDA:68,5,1,20
BRDA:75,6,0,4
BRDA:75,6,1,20
BRDA:83,7,0,4
BRDA:83,7,1,20
BRDA:87,8,0,18
BRDA:87,8,1,6
BRDA:87,9,0,24
BRDA:87,9,1,24
BRDA:114,10,0,18
BRDA:114,10,1,6
BRF:22
BRH:17
end_of_record
TN:
SF:components/Jobs/JobPostContainer.tsx
FN:10,(anonymous_0)
FNF:1
FNH:1
FNDA:26,(anonymous_0)
DA:10,18
DA:23,26
DA:25,26
DA:27,26
LF:4
LH:4
BRDA:35,0,0,2
BRDA:35,0,1,24
BRF:2
BRH:2
end_of_record
TN:
SF:components/Jobs/JobPostFooter.tsx
FN:9,(anonymous_0)
FN:23,(anonymous_1)
FN:25,(anonymous_2)
FN:26,(anonymous_3)
FN:45,(anonymous_4)
FN:47,(anonymous_5)
FN:48,(anonymous_6)
FNF:7
FNH:6
FNDA:26,(anonymous_0)
FNDA:2,(anonymous_1)
FNDA:2,(anonymous_2)
FNDA:2,(anonymous_3)
FNDA:2,(anonymous_4)
FNDA:0,(anonymous_5)
FNDA:2,(anonymous_6)
DA:9,18
DA:22,26
DA:23,26
DA:24,2
DA:25,2
DA:26,2
DA:29,2
DA:38,2
DA:41,26
DA:46,2
DA:47,0
DA:48,2
LF:12
LH:11
BRDA:24,0,0,2
BRDA:24,0,1,0
BRDA:46,1,0,0
BRDA:46,1,1,2
BRDA:46,2,0,2
BRDA:46,2,1,0
BRDA:48,3,0,2
BRDA:48,3,1,0
BRF:8
BRH:4
end_of_record
TN:
SF:components/Jobs/JobPostHeader.tsx
FN:5,(anonymous_0)
FNF:1
FNH:1
FNDA:26,(anonymous_0)
DA:5,18
DA:12,26
LF:2
LH:2
BRDA:29,0,0,26
BRDA:29,0,1,0
BRDA:29,0,2,0
BRDA:36,1,0,26
BRDA:36,1,1,0
BRDA:36,1,2,0
BRDA:42,2,0,26
BRDA:42,2,1,0
BRDA:52,3,0,26
BRDA:52,3,1,0
BRF:10
BRH:4
end_of_record
TN:
SF:components/Jobs/JobSearch.tsx
FN:5,(anonymous_0)
FN:13,(anonymous_1)
FNF:2
FNH:2
FNDA:160,(anonymous_0)
FNDA:50,(anonymous_1)
DA:5,8
DA:12,160
DA:13,160
DA:14,50
DA:17,160
LF:5
LH:5
BRF:0
BRH:0
end_of_record
TN:
SF:components/Link/Link.tsx
FN:7,Link
FN:10,getLocalizedHref
FNF:2
FNH:2
FNDA:9824,Link
FNDA:9824,getLocalizedHref
DA:8,9824
DA:11,9824
DA:15,9824
DA:21,9824
LF:4
LH:4
BRDA:15,0,0,9806
BRDA:15,0,1,18
BRDA:17,1,0,18
BRDA:17,1,1,0
BRF:4
BRH:3
end_of_record
TN:
SF:components/LocaleSwitcher/LocaleSwitcher.tsx
FN:5,LocaleSwitcher
FN:9,switchLocale
FN:18,(anonymous_2)
FNF:3
FNH:1
FNDA:457,LocaleSwitcher
FNDA:0,switchLocale
FNDA:0,(anonymous_2)
DA:6,457
DA:7,457
DA:10,0
DA:11,0
DA:12,0
DA:13,0
DA:16,457
DA:18,0
LF:8
LH:3
BRDA:12,0,0,0
BRDA:12,0,1,0
BRDA:19,1,0,457
BRDA:19,1,1,0
BRDA:19,2,0,0
BRDA:19,2,1,0
BRF:6
BRH:1
end_of_record
TN:
SF:components/MessageModal/MessageModal.tsx
FN:10,MessageModal
FN:20,closeModal
FN:24,openModal
FNF:3
FNH:2
FNDA:8,MessageModal
FNDA:0,closeModal
FNDA:2,openModal
DA:17,8
DA:18,8
DA:21,0
DA:25,2
DA:28,8
LF:5
LH:4
BRDA:37,0,0,2
BRDA:37,0,1,6
BRF:2
BRH:2
end_of_record
TN:
SF:components/NavBar/NavBar.tsx
FN:16,classNames
FN:20,NavBar
FN:27,(anonymous_2)
FN:28,(anonymous_3)
FN:31,(anonymous_4)
FN:35,navigation
FN:71,(anonymous_6)
FN:102,(anonymous_7)
FN:270,(anonymous_8)
FNF:9
FNH:7
FNDA:2578,classNames
FNDA:338,NavBar
FNDA:0,(anonymous_2)
FNDA:0,(anonymous_3)
FNDA:28,(anonymous_4)
FNDA:338,navigation
FNDA:457,(anonymous_6)
FNDA:1289,(anonymous_7)
FNDA:1289,(anonymous_8)
DA:17,2578
DA:21,338
DA:22,338
DA:23,338
DA:24,338
DA:27,338
DA:28,0
DA:31,338
DA:32,28
DA:35,338
DA:39,338
DA:40,54
DA:45,284
DA:46,204
DA:51,80
DA:52,0
DA:54,80
DA:68,338
DA:69,338
DA:72,457
DA:103,1289
DA:271,1289
DA:292,0
LF:23
LH:20
BRDA:39,0,0,54
BRDA:39,0,1,284
BRDA:39,1,0,338
BRDA:39,1,1,258
BRDA:45,2,0,204
BRDA:45,2,1,80
BRDA:51,3,0,0
BRDA:51,3,1,80
BRDA:68,4,0,338
BRDA:68,4,1,0
BRDA:68,5,0,338
BRDA:68,5,1,338
BRDA:79,6,0,0
BRDA:79,6,1,457
BRDA:109,7,0,0
BRDA:109,7,1,1289
BRDA:115,8,0,0
BRDA:115,8,1,1289
BRDA:124,9,0,457
BRDA:124,9,1,355
BRDA:218,10,0,457
BRDA:218,10,1,0
BRDA:264,11,0,457
BRDA:264,11,1,0
BRDA:275,12,0,0
BRDA:275,12,1,1289
BRDA:280,13,0,0
BRDA:280,13,1,1289
BRF:28
BRH:19
end_of_record
TN:
SF:components/Notification/AddNotification/AddNotification.ts
FN:12,createNotification
FNF:1
FNH:1
FNDA:18,createNotification
DA:30,18
DA:34,18
DA:45,18
DA:47,18
DA:51,17
LF:5
LH:5
BRDA:16,0,0,18
BRDA:39,1,0,18
BRDA:39,1,1,18
BRDA:40,2,0,18
BRDA:40,2,1,6
BRDA:41,3,0,18
BRDA:41,3,1,16
BRF:7
BRH:7
end_of_record
TN:
SF:components/Notification/CommentNotification/CommentNotification.tsx
FN:8,commentNotification
FNF:1
FNH:0
FNDA:0,commentNotification
DA:15,0
LF:1
LH:0
BRF:0
BRH:0
end_of_record
TN:
SF:components/Notification/DeleteNotification/DeleteNotification.ts
FN:5,deleteNotification
FNF:1
FNH:1
FNDA:4,deleteNotification
DA:9,4
DA:10,4
DA:14,0
LF:3
LH:2
BRF:0
BRH:0
end_of_record
TN:
SF:components/Notification/DmNotification/DmNotification.tsx
FN:9,dmNotification
FNF:1
FNH:0
FNDA:0,dmNotification
DA:16,0
DA:18,0
LF:2
LH:0
BRF:0
BRH:0
end_of_record
TN:
SF:components/Notification/JobNotification/JobNotification.tsx
FN:9,jobNotification
FNF:1
FNH:1
FNDA:18,jobNotification
DA:18,18
LF:1
LH:1
BRF:0
BRH:0
end_of_record
TN:
SF:components/Notification/LikeNotification/LikeNotification.tsx
FN:8,likeNotification
FNF:1
FNH:0
FNDA:0,likeNotification
DA:15,0
LF:1
LH:0
BRF:0
BRH:0
end_of_record
TN:
SF:components/Notification/LinkAcceptNotification/LinkAcceptNotification.tsx
FN:9,linkAcceptNotification
FNF:1
FNH:1
FNDA:2,linkAcceptNotification
DA:16,2
DA:18,2
LF:2
LH:2
BRF:0
BRH:0
end_of_record
TN:
SF:components/Notification/LinkRequestNotification/LinkRequestNotification.tsx
FN:15,LinkRequestNotification
FN:46,(anonymous_1)
FN:64,(anonymous_2)
FN:66,(anonymous_3)
FNF:4
FNH:4
FNDA:2,LinkRequestNotification
FNDA:2,(anonymous_1)
FNDA:2,(anonymous_2)
FNDA:2,(anonymous_3)
DA:22,2
DA:23,2
DA:24,2
DA:47,2
DA:54,2
DA:59,2
DA:63,2
DA:64,2
DA:65,2
DA:67,2
LF:10
LH:10
BRF:0
BRH:0
end_of_record
TN:
SF:components/Notification/NotificationHeader/NotificationHeader.tsx
FN:10,NotificationHeader
FN:18,(anonymous_1)
FN:19,(anonymous_2)
FNF:3
FNH:3
FNDA:31,NotificationHeader
FNDA:16,(anonymous_1)
FNDA:13,(anonymous_2)
DA:15,31
DA:16,31
DA:17,31
DA:18,31
DA:19,16
DA:20,13
DA:21,13
DA:24,31
DA:25,18
DA:31,13
LF:10
LH:10
BRDA:24,0,0,18
BRDA:24,0,1,13
BRF:2
BRH:2
end_of_record
TN:
SF:components/Notification/NotificationList/NotificationList.tsx
FN:15,NotificationList
FN:29,(anonymous_1)
FN:33,(anonymous_2)
FN:38,(anonymous_3)
FNF:4
FNH:4
FNDA:10,NotificationList
FNDA:22,(anonymous_1)
FNDA:2,(anonymous_2)
FNDA:22,(anonymous_3)
DA:22,10
DA:24,10
DA:30,22
DA:34,2
DA:39,22
LF:5
LH:5
BRDA:30,0,0,2
BRDA:30,0,1,20
BRDA:34,1,0,2
BRDA:34,1,1,2
BRDA:43,2,0,22
BRDA:43,2,1,0
BRDA:49,3,0,22
BRDA:49,3,1,0
BRDA:55,4,0,22
BRDA:55,4,1,0
BRDA:61,5,0,22
BRDA:61,5,1,2
BRDA:67,6,0,22
BRDA:67,6,1,2
BRDA:73,7,0,22
BRDA:73,7,1,0
BRDA:79,8,0,22
BRDA:79,8,1,18
BRF:18
BRH:14
end_of_record
TN:
SF:components/Notification/PostNotification/PostNotification.tsx
FN:8,postNotification
FNF:1
FNH:0
FNDA:0,postNotification
DA:15,0
LF:1
LH:0
BRF:0
BRH:0
end_of_record
TN:
SF:components/Post/PostBody.tsx
FN:6,(anonymous_0)
FN:21,(anonymous_1)
FNF:2
FNH:2
FNDA:12,(anonymous_0)
FNDA:12,(anonymous_1)
DA:6,6
DA:16,12
DA:22,12
LF:3
LH:3
BRDA:18,0,0,12
BRDA:18,0,1,0
BRDA:19,1,0,12
BRDA:19,1,1,12
BRDA:19,1,2,12
BRDA:28,2,0,12
BRDA:28,2,1,12
BRF:7
BRH:6
end_of_record
TN:
SF:components/Post/PostFooter.tsx
FN:8,(anonymous_0)
FNF:1
FNH:1
FNDA:12,(anonymous_0)
DA:8,6
DA:29,12
LF:2
LH:2
BRDA:32,0,0,12
BRDA:32,0,1,0
BRDA:41,1,0,4
BRDA:41,1,1,8
BRDA:41,2,0,12
BRDA:41,2,1,8
BRDA:41,2,2,8
BRF:7
BRH:6
end_of_record
TN:
SF:components/Post/PostHeader.tsx
FN:8,(anonymous_0)
FNF:1
FNH:1
FNDA:12,(anonymous_0)
DA:8,6
DA:19,12
LF:2
LH:2
BRF:0
BRH:0
end_of_record
TN:
SF:components/ProfilePage/ProfileAwards/ProfileAwards.tsx
FN:11,ProfileAwards
FN:33,(anonymous_1)
FN:54,(anonymous_2)
FN:59,(anonymous_3)
FN:61,(anonymous_4)
FN:62,(anonymous_5)
FN:78,(anonymous_6)
FN:79,(anonymous_7)
FN:95,(anonymous_8)
FN:96,(anonymous_9)
FN:112,(anonymous_10)
FN:113,(anonymous_11)
FN:146,(anonymous_12)
FN:148,(anonymous_13)
FN:149,(anonymous_14)
FN:157,(anonymous_15)
FN:159,(anonymous_16)
FN:159,(anonymous_17)
FN:160,(anonymous_18)
FN:161,(anonymous_19)
FN:172,(anonymous_20)
FN:174,(anonymous_21)
FN:181,(anonymous_22)
FNF:23
FNH:20
FNDA:2363,ProfileAwards
FNDA:2,(anonymous_1)
FNDA:708,(anonymous_2)
FNDA:2,(anonymous_3)
FNDA:2,(anonymous_4)
FNDA:2,(anonymous_5)
FNDA:40,(anonymous_6)
FNDA:40,(anonymous_7)
FNDA:2,(anonymous_8)
FNDA:2,(anonymous_9)
FNDA:52,(anonymous_10)
FNDA:52,(anonymous_11)
FNDA:0,(anonymous_12)
FNDA:0,(anonymous_13)
FNDA:0,(anonymous_14)
FNDA:2,(anonymous_15)
FNDA:2,(anonymous_16)
FNDA:2,(anonymous_17)
FNDA:2,(anonymous_18)
FNDA:2,(anonymous_19)
FNDA:2,(anonymous_20)
FNDA:2,(anonymous_21)
FNDA:2,(anonymous_22)
DA:24,2363
DA:26,2363
DA:27,22
DA:29,2
DA:34,2
DA:51,2341
DA:55,708
DA:60,2
DA:61,2
DA:62,2
DA:79,40
DA:80,40
DA:81,40
DA:82,40
DA:96,2
DA:97,2
DA:98,2
DA:99,2
DA:102,2
DA:113,52
DA:114,52
DA:115,52
DA:116,52
DA:147,0
DA:148,0
DA:149,0
DA:158,2
DA:159,2
DA:160,2
DA:161,2
DA:174,2
DA:181,2
LF:32
LH:29
BRDA:13,0,0,22
BRDA:26,1,0,22
BRDA:26,1,1,2341
BRDA:27,2,0,20
BRDA:27,2,1,2
BRDA:27,3,0,22
BRDA:27,3,1,22
BRDA:62,4,0,2
BRDA:62,4,1,0
BRDA:66,5,0,96
BRDA:66,5,1,612
BRDA:66,6,0,708
BRDA:66,6,1,708
BRDA:97,7,0,0
BRDA:97,7,1,2
BRDA:135,8,0,96
BRDA:135,8,1,612
BRDA:135,9,0,708
BRDA:135,9,1,708
BRDA:149,10,0,0
BRDA:149,10,1,0
BRF:21
BRH:17
end_of_record
TN:
SF:components/ProfilePage/ProfileCertifications/ProfileCertifications.tsx
FN:12,ProfileCertifications
FN:35,(anonymous_1)
FN:61,(anonymous_2)
FN:66,(anonymous_3)
FN:68,(anonymous_4)
FN:69,(anonymous_5)
FN:84,(anonymous_6)
FN:85,(anonymous_7)
FN:102,(anonymous_8)
FN:103,(anonymous_9)
FN:119,(anonymous_10)
FN:120,(anonymous_11)
FN:138,(anonymous_12)
FN:139,(anonymous_13)
FN:177,(anonymous_14)
FN:179,(anonymous_15)
FN:180,(anonymous_16)
FN:188,(anonymous_17)
FN:190,(anonymous_18)
FN:190,(anonymous_19)
FN:191,(anonymous_20)
FN:192,(anonymous_21)
FN:203,(anonymous_22)
FN:205,(anonymous_23)
FN:213,(anonymous_24)
FNF:25
FNH:22
FNDA:2363,ProfileCertifications
FNDA:2,(anonymous_1)
FNDA:612,(anonymous_2)
FNDA:2,(anonymous_3)
FNDA:2,(anonymous_4)
FNDA:2,(anonymous_5)
FNDA:36,(anonymous_6)
FNDA:36,(anonymous_7)
FNDA:42,(anonymous_8)
FNDA:42,(anonymous_9)
FNDA:2,(anonymous_10)
FNDA:2,(anonymous_11)
FNDA:86,(anonymous_12)
FNDA:86,(anonymous_13)
FNDA:0,(anonymous_14)
FNDA:0,(anonymous_15)
FNDA:0,(anonymous_16)
FNDA:2,(anonymous_17)
FNDA:2,(anonymous_18)
FNDA:2,(anonymous_19)
FNDA:2,(anonymous_20)
FNDA:2,(anonymous_21)
FNDA:2,(anonymous_22)
FNDA:2,(anonymous_23)
FNDA:2,(anonymous_24)
DA:25,2363
DA:28,2363
DA:29,22
DA:31,2
DA:36,2
DA:58,2341
DA:62,612
DA:67,2
DA:68,2
DA:69,2
DA:85,36
DA:86,36
DA:87,36
DA:88,36
DA:103,42
DA:104,42
DA:105,42
DA:106,42
DA:120,2
DA:121,2
DA:122,2
DA:123,2
DA:126,2
DA:139,86
DA:140,86
DA:141,86
DA:142,86
DA:178,0
DA:179,0
DA:180,0
DA:189,2
DA:190,2
DA:191,2
DA:192,2
DA:205,2
DA:213,2
LF:36
LH:33
BRDA:14,0,0,22
BRDA:28,1,0,22
BRDA:28,1,1,2341
BRDA:29,2,0,20
BRDA:29,2,1,2
BRDA:29,3,0,22
BRDA:29,3,1,22
BRDA:45,4,0,2
BRDA:45,4,1,2
BRDA:69,5,0,2
BRDA:69,5,1,0
BRDA:73,6,0,168
BRDA:73,6,1,444
BRDA:73,7,0,612
BRDA:73,7,1,612
BRDA:121,8,0,0
BRDA:121,8,1,2
BRDA:157,9,0,444
BRDA:157,9,1,444
BRDA:166,10,0,168
BRDA:166,10,1,444
BRDA:166,11,0,612
BRDA:166,11,1,612
BRDA:180,12,0,0
BRDA:180,12,1,0
BRF:25
BRH:21
end_of_record
TN:
SF:components/ProfilePage/ProfileCodingLanguages/ProfileCodingLanguages.tsx
FN:7,ProfileCodingLanguages
FN:37,(anonymous_1)
FN:55,(anonymous_2)
FN:63,(anonymous_3)
FN:65,(anonymous_4)
FN:66,(anonymous_5)
FN:76,(anonymous_6)
FN:78,(anonymous_7)
FN:79,(anonymous_8)
FN:85,(anonymous_9)
FN:87,(anonymous_10)
FN:88,(anonymous_11)
FN:98,(anonymous_12)
FN:100,(anonymous_13)
FN:101,(anonymous_14)
FN:103,(anonymous_15)
FN:104,(anonymous_16)
FN:107,(anonymous_17)
FN:109,(anonymous_18)
FN:110,(anonymous_19)
FN:122,(anonymous_20)
FN:124,(anonymous_21)
FN:125,(anonymous_22)
FN:144,(anonymous_23)
FN:149,(anonymous_24)
FN:151,(anonymous_25)
FN:153,(anonymous_26)
FNF:27
FNH:21
FNDA:2363,ProfileCodingLanguages
FNDA:4,(anonymous_1)
FNDA:3650,(anonymous_2)
FNDA:0,(anonymous_3)
FNDA:0,(anonymous_4)
FNDA:0,(anonymous_5)
FNDA:0,(anonymous_6)
FNDA:0,(anonymous_7)
FNDA:0,(anonymous_8)
FNDA:4,(anonymous_9)
FNDA:4,(anonymous_10)
FNDA:6,(anonymous_11)
FNDA:4,(anonymous_12)
FNDA:4,(anonymous_13)
FNDA:6,(anonymous_14)
FNDA:8,(anonymous_15)
FNDA:12,(anonymous_16)
FNDA:4,(anonymous_17)
FNDA:4,(anonymous_18)
FNDA:6,(anonymous_19)
FNDA:4,(anonymous_20)
FNDA:4,(anonymous_21)
FNDA:6,(anonymous_22)
FNDA:22,(anonymous_23)
FNDA:4,(anonymous_24)
FNDA:4,(anonymous_25)
FNDA:4,(anonymous_26)
DA:26,2363
DA:28,2363
DA:29,22
DA:31,2
DA:38,4
DA:52,2341
DA:56,3650
DA:64,0
DA:65,0
DA:66,0
DA:77,0
DA:78,0
DA:79,0
DA:86,4
DA:87,4
DA:88,6
DA:99,4
DA:100,4
DA:101,6
DA:103,4
DA:104,12
DA:108,4
DA:109,4
DA:110,4
DA:111,6
DA:123,4
DA:124,4
DA:125,6
DA:144,22
DA:150,4
DA:151,4
DA:152,4
DA:153,4
LF:33
LH:27
BRDA:8,0,0,22
BRDA:28,1,0,22
BRDA:28,1,1,2341
BRDA:29,2,0,20
BRDA:29,2,1,2
BRDA:29,3,0,22
BRDA:29,3,1,22
BRDA:66,4,0,0
BRDA:66,4,1,0
BRDA:70,5,0,8
BRDA:70,5,1,3642
BRDA:70,6,0,3650
BRDA:70,6,1,3650
BRDA:79,7,0,0
BRDA:79,7,1,0
BRDA:88,8,0,4
BRDA:88,8,1,2
BRDA:111,9,0,4
BRDA:111,9,1,2
BRDA:125,10,0,4
BRDA:125,10,1,2
BRDA:150,11,0,4
BRDA:150,11,1,4
BRF:23
BRH:19
end_of_record
TN:
SF:components/ProfilePage/ProfileContact/ProfileContact.tsx
FN:7,ProfileContact
FN:62,(anonymous_1)
FN:64,(anonymous_2)
FN:78,(anonymous_3)
FN:90,(anonymous_4)
FN:124,(anonymous_5)
FN:124,(anonymous_6)
FNF:7
FNH:7
FNDA:2367,ProfileContact
FNDA:4,(anonymous_1)
FNDA:4,(anonymous_2)
FNDA:76,(anonymous_3)
FNDA:26,(anonymous_4)
FNDA:4,(anonymous_5)
FNDA:4,(anonymous_6)
DA:24,2367
DA:26,2367
DA:27,22
DA:55,2345
DA:63,4
DA:64,4
DA:78,76
DA:90,26
DA:124,4
LF:9
LH:9
BRDA:8,0,0,22
BRDA:13,1,0,22
BRDA:26,2,0,22
BRDA:26,2,1,2345
BRDA:35,3,0,22
BRDA:35,3,1,22
BRDA:42,4,0,22
BRDA:42,4,1,2
BRDA:67,5,0,2345
BRDA:67,5,1,106
BRDA:104,6,0,2345
BRDA:104,6,1,2239
BRDA:110,7,0,2345
BRDA:110,7,1,2239
BRDA:110,7,2,1820
BRDA:120,8,0,2345
BRDA:120,8,1,2345
BRDA:120,8,2,2239
BRF:18
BRH:18
end_of_record
TN:
SF:components/ProfilePage/ProfileCourses/ProfileCourses.tsx
FN:11,ProfileCourses
FN:34,(anonymous_1)
FN:49,(anonymous_2)
FN:54,(anonymous_3)
FN:56,(anonymous_4)
FN:57,(anonymous_5)
FN:73,(anonymous_6)
FN:74,(anonymous_7)
FN:87,(anonymous_8)
FN:88,(anonymous_9)
FN:100,(anonymous_10)
FN:101,(anonymous_11)
FN:130,(anonymous_12)
FN:132,(anonymous_13)
FN:133,(anonymous_14)
FN:141,(anonymous_15)
FN:143,(anonymous_16)
FN:143,(anonymous_17)
FN:145,(anonymous_18)
FN:146,(anonymous_19)
FN:159,(anonymous_20)
FN:161,(anonymous_21)
FN:170,(anonymous_22)
FNF:23
FNH:23
FNDA:2363,ProfileCourses
FNDA:2,(anonymous_1)
FNDA:1468,(anonymous_2)
FNDA:2,(anonymous_3)
FNDA:2,(anonymous_4)
FNDA:2,(anonymous_5)
FNDA:56,(anonymous_6)
FNDA:56,(anonymous_7)
FNDA:6,(anonymous_8)
FNDA:6,(anonymous_9)
FNDA:44,(anonymous_10)
FNDA:44,(anonymous_11)
FNDA:2,(anonymous_12)
FNDA:2,(anonymous_13)
FNDA:2,(anonymous_14)
FNDA:2,(anonymous_15)
FNDA:2,(anonymous_16)
FNDA:2,(anonymous_17)
FNDA:2,(anonymous_18)
FNDA:2,(anonymous_19)
FNDA:2,(anonymous_20)
FNDA:2,(anonymous_21)
FNDA:2,(anonymous_22)
DA:24,2363
DA:27,2363
DA:28,22
DA:30,2
DA:35,2
DA:46,2341
DA:50,1468
DA:55,2
DA:56,2
DA:57,2
DA:74,56
DA:75,56
DA:76,56
DA:77,56
DA:88,6
DA:89,6
DA:90,6
DA:91,6
DA:101,44
DA:102,44
DA:103,44
DA:104,44
DA:131,2
DA:132,2
DA:133,2
DA:142,2
DA:143,2
DA:145,2
DA:146,2
DA:161,2
DA:170,2
LF:31
LH:31
BRDA:13,0,0,22
BRDA:27,1,0,22
BRDA:27,1,1,2341
BRDA:28,2,0,20
BRDA:28,2,1,2
BRDA:28,3,0,22
BRDA:28,3,1,22
BRDA:57,4,0,2
BRDA:57,4,1,0
BRDA:62,5,0,110
BRDA:62,5,1,1358
BRDA:62,6,0,1468
BRDA:62,6,1,1468
BRDA:116,7,0,1468
BRDA:116,7,1,1468
BRDA:119,8,0,110
BRDA:119,8,1,1358
BRDA:119,9,0,1468
BRDA:119,9,1,1468
BRDA:133,10,0,2
BRDA:133,10,1,0
BRDA:155,11,0,2341
BRDA:155,11,1,2341
BRF:23
BRH:21
end_of_record
TN:
SF:components/ProfilePage/ProfileDocuments/ProfileDocuments.tsx
FN:18,ProfileDocuments
FN:48,(anonymous_1)
FN:52,(anonymous_2)
FN:56,(anonymous_3)
FN:69,(anonymous_4)
FN:71,(anonymous_5)
FN:73,(anonymous_6)
FN:79,(anonymous_7)
FN:85,(anonymous_8)
FN:121,(anonymous_9)
FN:127,(anonymous_10)
FN:140,(anonymous_11)
FN:141,(anonymous_12)
FN:166,(anonymous_13)
FN:189,(anonymous_14)
FN:191,(anonymous_15)
FN:198,(anonymous_16)
FN:201,(anonymous_17)
FN:211,(anonymous_18)
FN:232,(anonymous_19)
FN:238,(anonymous_20)
FN:250,(anonymous_21)
FN:251,(anonymous_22)
FN:275,(anonymous_23)
FN:299,(anonymous_24)
FN:301,(anonymous_25)
FN:308,(anonymous_26)
FN:311,(anonymous_27)
FN:321,(anonymous_28)
FNF:29
FNH:23
FNDA:2363,ProfileDocuments
FNDA:0,(anonymous_1)
FNDA:0,(anonymous_2)
FNDA:4,(anonymous_3)
FNDA:0,(anonymous_4)
FNDA:0,(anonymous_5)
FNDA:4,(anonymous_6)
FNDA:2,(anonymous_7)
FNDA:2,(anonymous_8)
FNDA:4,(anonymous_9)
FNDA:4,(anonymous_10)
FNDA:60,(anonymous_11)
FNDA:60,(anonymous_12)
FNDA:2,(anonymous_13)
FNDA:2,(anonymous_14)
FNDA:2,(anonymous_15)
FNDA:2,(anonymous_16)
FNDA:2,(anonymous_17)
FNDA:2,(anonymous_18)
FNDA:2,(anonymous_19)
FNDA:2,(anonymous_20)
FNDA:40,(anonymous_21)
FNDA:40,(anonymous_22)
FNDA:2,(anonymous_23)
FNDA:0,(anonymous_24)
FNDA:0,(anonymous_25)
FNDA:4,(anonymous_26)
FNDA:4,(anonymous_27)
FNDA:4,(anonymous_28)
DA:41,2363
DA:45,2363
DA:46,2363
DA:48,2363
DA:49,0
DA:52,2363
DA:53,0
DA:56,2363
DA:60,4
DA:61,4
DA:62,0
DA:65,4
DA:68,4
DA:71,0
DA:73,4
DA:75,4
DA:76,4
DA:78,4
DA:79,2
DA:80,2
DA:81,2
DA:82,2
DA:84,2
DA:85,2
DA:86,2
DA:87,2
DA:88,2
DA:94,2363
DA:95,22
DA:98,2
DA:112,2341
DA:122,4
DA:123,4
DA:124,0
DA:125,0
DA:127,4
DA:141,60
DA:142,60
DA:143,60
DA:144,60
DA:166,2
DA:190,2
DA:191,2
DA:199,2
DA:200,2
DA:201,2
DA:213,2
DA:218,2
DA:233,2
DA:234,2
DA:235,0
DA:236,0
DA:238,2
DA:251,40
DA:252,40
DA:253,40
DA:254,40
DA:275,2
DA:300,0
DA:301,0
DA:309,4
DA:310,4
DA:311,4
DA:323,4
DA:328,4
LF:65
LH:55
BRDA:19,0,0,22
BRDA:61,1,0,0
BRDA:61,1,1,4
BRDA:61,2,0,4
BRDA:61,2,1,4
BRDA:78,3,0,2
BRDA:78,3,1,2
BRDA:84,4,0,2
BRDA:84,4,1,0
BRDA:94,5,0,22
BRDA:94,5,1,2341
BRDA:95,6,0,20
BRDA:95,6,1,2
BRDA:95,7,0,22
BRDA:95,7,1,20
BRDA:102,8,0,2
BRDA:102,8,1,2
BRDA:103,9,0,2
BRDA:103,9,1,2
BRDA:117,10,0,118
BRDA:117,10,1,2223
BRDA:123,11,0,0
BRDA:123,11,1,4
BRDA:130,12,0,66
BRDA:130,12,1,52
BRDA:155,13,0,66
BRDA:155,13,1,2
BRDA:156,14,0,66
BRDA:156,14,1,64
BRDA:178,15,0,66
BRDA:178,15,1,52
BRDA:227,16,0,88
BRDA:227,16,1,2253
BRDA:234,17,0,0
BRDA:234,17,1,2
BRDA:241,18,0,46
BRDA:241,18,1,42
BRDA:264,19,0,46
BRDA:264,19,1,4
BRDA:265,20,0,46
BRDA:265,20,1,42
BRDA:288,21,0,46
BRDA:288,21,1,42
BRF:43
BRH:39
end_of_record
TN:
SF:components/ProfilePage/ProfileEducation/ProfileEducation.tsx
FN:11,ProfileEducation
FN:36,(anonymous_1)
FN:65,(anonymous_2)
FN:71,(anonymous_3)
FN:73,(anonymous_4)
FN:74,(anonymous_5)
FN:89,(anonymous_6)
FN:90,(anonymous_7)
FN:106,(anonymous_8)
FN:107,(anonymous_9)
FN:124,(anonymous_10)
FN:125,(anonymous_11)
FN:146,(anonymous_12)
FN:147,(anonymous_13)
FN:168,(anonymous_14)
FN:169,(anonymous_15)
FN:186,(anonymous_16)
FN:187,(anonymous_17)
FN:228,(anonymous_18)
FN:230,(anonymous_19)
FN:231,(anonymous_20)
FN:239,(anonymous_21)
FN:241,(anonymous_22)
FN:241,(anonymous_23)
FN:243,(anonymous_24)
FN:244,(anonymous_25)
FN:255,(anonymous_26)
FN:257,(anonymous_27)
FN:267,(anonymous_28)
FNF:29
FNH:29
FNDA:2363,ProfileEducation
FNDA:4,(anonymous_1)
FNDA:3468,(anonymous_2)
FNDA:4,(anonymous_3)
FNDA:4,(anonymous_4)
FNDA:6,(anonymous_5)
FNDA:160,(anonymous_6)
FNDA:160,(anonymous_7)
FNDA:72,(anonymous_8)
FNDA:72,(anonymous_9)
FNDA:48,(anonymous_10)
FNDA:48,(anonymous_11)
FNDA:4,(anonymous_12)
FNDA:4,(anonymous_13)
FNDA:2,(anonymous_14)
FNDA:2,(anonymous_15)
FNDA:68,(anonymous_16)
FNDA:68,(anonymous_17)
FNDA:2,(anonymous_18)
FNDA:2,(anonymous_19)
FNDA:4,(anonymous_20)
FNDA:4,(anonymous_21)
FNDA:4,(anonymous_22)
FNDA:6,(anonymous_23)
FNDA:4,(anonymous_24)
FNDA:6,(anonymous_25)
FNDA:4,(anonymous_26)
FNDA:4,(anonymous_27)
FNDA:4,(anonymous_28)
DA:26,2363
DA:29,2363
DA:30,22
DA:32,2
DA:37,4
DA:62,2341
DA:66,3468
DA:72,4
DA:73,4
DA:74,6
DA:90,160
DA:91,160
DA:92,160
DA:93,160
DA:107,72
DA:108,72
DA:109,72
DA:110,72
DA:125,48
DA:126,48
DA:127,48
DA:128,48
DA:147,4
DA:148,4
DA:150,4
DA:151,4
DA:154,4
DA:169,2
DA:170,2
DA:171,2
DA:174,2
DA:187,68
DA:188,68
DA:189,68
DA:190,68
DA:229,2
DA:230,2
DA:231,4
DA:240,4
DA:241,6
DA:243,4
DA:244,6
DA:257,4
DA:267,4
LF:44
LH:44
BRDA:13,0,0,22
BRDA:29,1,0,22
BRDA:29,1,1,2341
BRDA:30,2,0,20
BRDA:30,2,1,2
BRDA:30,3,0,22
BRDA:30,3,1,22
BRDA:46,4,0,2
BRDA:46,4,1,2
BRDA:74,5,0,4
BRDA:74,5,1,2
BRDA:78,6,0,360
BRDA:78,6,1,3108
BRDA:78,7,0,3468
BRDA:78,7,1,3468
BRDA:148,8,0,0
BRDA:148,8,1,4
BRDA:205,9,0,1642
BRDA:205,9,1,1466
BRDA:217,10,0,360
BRDA:217,10,1,3108
BRDA:217,11,0,3468
BRDA:217,11,1,3468
BRDA:231,12,0,2
BRDA:231,12,1,2
BRF:25
BRH:24
end_of_record
TN:
SF:components/ProfilePage/ProfileExperience/ProfileExperience.tsx
FN:12,ProfileExperience
FN:34,(anonymous_1)
FN:55,(anonymous_2)
FN:60,(anonymous_3)
FN:62,(anonymous_4)
FN:63,(anonymous_5)
FN:79,(anonymous_6)
FN:80,(anonymous_7)
FN:96,(anonymous_8)
FN:97,(anonymous_9)
FN:114,(anonymous_10)
FN:115,(anonymous_11)
FN:136,(anonymous_12)
FN:137,(anonymous_13)
FN:158,(anonymous_14)
FN:159,(anonymous_15)
FN:176,(anonymous_16)
FN:177,(anonymous_17)
FN:219,(anonymous_18)
FN:221,(anonymous_19)
FN:222,(anonymous_20)
FN:230,(anonymous_21)
FN:232,(anonymous_22)
FN:232,(anonymous_23)
FN:234,(anonymous_24)
FN:235,(anonymous_25)
FN:247,(anonymous_26)
FN:249,(anonymous_27)
FN:260,(anonymous_28)
FNF:29
FNH:29
FNDA:2363,ProfileExperience
FNDA:4,(anonymous_1)
FNDA:2542,(anonymous_2)
FNDA:4,(anonymous_3)
FNDA:4,(anonymous_4)
FNDA:6,(anonymous_5)
FNDA:44,(anonymous_6)
FNDA:44,(anonymous_7)
FNDA:16,(anonymous_8)
FNDA:16,(anonymous_9)
FNDA:36,(anonymous_10)
FNDA:36,(anonymous_11)
FNDA:4,(anonymous_12)
FNDA:4,(anonymous_13)
FNDA:2,(anonymous_14)
FNDA:2,(anonymous_15)
FNDA:256,(anonymous_16)
FNDA:256,(anonymous_17)
FNDA:2,(anonymous_18)
FNDA:2,(anonymous_19)
FNDA:4,(anonymous_20)
FNDA:4,(anonymous_21)
FNDA:4,(anonymous_22)
FNDA:6,(anonymous_23)
FNDA:4,(anonymous_24)
FNDA:6,(anonymous_25)
FNDA:4,(anonymous_26)
FNDA:4,(anonymous_27)
FNDA:4,(anonymous_28)
DA:25,2363
DA:27,2363
DA:28,22
DA:30,2
DA:35,4
DA:52,2341
DA:56,2542
DA:61,4
DA:62,4
DA:63,6
DA:80,44
DA:81,44
DA:82,44
DA:83,44
DA:97,16
DA:98,16
DA:99,16
DA:100,16
DA:115,36
DA:116,36
DA:117,36
DA:118,36
DA:137,4
DA:138,4
DA:140,4
DA:141,4
DA:144,4
DA:159,2
DA:160,2
DA:161,2
DA:164,2
DA:177,256
DA:178,256
DA:179,256
DA:180,256
DA:220,2
DA:221,2
DA:222,4
DA:231,4
DA:232,6
DA:234,4
DA:235,6
DA:249,4
DA:260,4
LF:44
LH:44
BRDA:14,0,0,22
BRDA:27,1,0,22
BRDA:27,1,1,2341
BRDA:28,2,0,20
BRDA:28,2,1,2
BRDA:28,3,0,22
BRDA:28,3,1,22
BRDA:41,4,0,2
BRDA:41,4,1,2
BRDA:63,5,0,4
BRDA:63,5,1,2
BRDA:68,6,0,364
BRDA:68,6,1,2178
BRDA:68,7,0,2542
BRDA:68,7,1,2542
BRDA:138,8,0,0
BRDA:138,8,1,4
BRDA:195,9,0,1178
BRDA:195,9,1,1000
BRDA:205,10,0,2542
BRDA:205,10,1,2542
BRDA:208,11,0,364
BRDA:208,11,1,2178
BRDA:208,12,0,2542
BRDA:208,12,1,2542
BRDA:222,13,0,2
BRDA:222,13,1,2
BRDA:243,14,0,2341
BRDA:243,14,1,2341
BRF:29
BRH:28
end_of_record
TN:
SF:components/ProfilePage/ProfileHeading/ProfileHeading.tsx
FN:21,ProfileHeading
FN:48,(anonymous_1)
FN:53,(anonymous_2)
FN:116,(anonymous_3)
FN:130,(anonymous_4)
FN:130,(anonymous_5)
FN:155,(anonymous_6)
FN:155,(anonymous_7)
FNF:8
FNH:8
FNDA:2367,ProfileHeading
FNDA:140,(anonymous_1)
FNDA:4,(anonymous_2)
FNDA:58,(anonymous_3)
FNDA:6,(anonymous_4)
FNDA:6,(anonymous_5)
FNDA:6,(anonymous_6)
FNDA:6,(anonymous_7)
DA:48,2367
DA:49,140
DA:53,2367
DA:54,4
DA:55,4
DA:56,0
DA:59,4
DA:62,2367
DA:116,58
DA:130,6
DA:155,6
LF:11
LH:10
BRDA:22,0,0,22
BRDA:26,1,0,22
BRDA:30,2,0,22
BRDA:55,3,0,0
BRDA:55,3,1,4
BRDA:55,4,0,4
BRDA:55,4,1,4
BRDA:66,5,0,2345
BRDA:66,5,1,22
BRDA:83,6,0,2345
BRDA:83,6,1,4
BRDA:99,7,0,22
BRDA:99,7,1,0
BRDA:109,8,0,2040
BRDA:109,8,1,327
BRDA:124,9,0,327
BRDA:124,9,1,0
BRDA:127,10,0,2367
BRDA:127,10,1,2345
BRDA:135,11,0,2002
BRDA:135,11,1,365
BRDA:148,12,0,365
BRDA:148,12,1,42
BRDA:151,13,0,2367
BRDA:151,13,1,2345
BRDA:159,14,0,2367
BRDA:159,14,1,6
BRF:27
BRH:24
end_of_record
TN:
SF:components/ProfilePage/ProfileJobHunt/ProfileJobHunt.tsx
FN:20,ProfileJobHunt
FN:39,(anonymous_1)
FN:43,(anonymous_2)
FN:45,(anonymous_3)
FN:58,(anonymous_4)
FN:62,(anonymous_5)
FN:69,(anonymous_6)
FN:73,(anonymous_7)
FN:73,(anonymous_8)
FN:86,(anonymous_9)
FN:86,(anonymous_10)
FN:93,(anonymous_11)
FN:95,(anonymous_12)
FN:107,(anonymous_13)
FNF:14
FNH:10
FNDA:2365,ProfileJobHunt
FNDA:14,(anonymous_1)
FNDA:14,(anonymous_2)
FNDA:0,(anonymous_3)
FNDA:10,(anonymous_4)
FNDA:10,(anonymous_5)
FNDA:0,(anonymous_6)
FNDA:0,(anonymous_7)
FNDA:0,(anonymous_8)
FNDA:2,(anonymous_9)
FNDA:2,(anonymous_10)
FNDA:2,(anonymous_11)
FNDA:2,(anonymous_12)
FNDA:2,(anonymous_13)
DA:35,2365
DA:36,2365
DA:37,2365
DA:39,2365
DA:41,14
DA:44,14
DA:45,0
DA:50,14
DA:58,2365
DA:59,10
DA:62,10
DA:69,2365
DA:70,0
DA:73,0
DA:77,2365
DA:86,2
DA:94,2
DA:95,2
DA:107,2
LF:19
LH:16
BRDA:21,0,0,0
BRDA:25,1,0,0
BRDA:79,2,0,2349
BRDA:79,2,1,16
BRDA:110,3,0,16
BRDA:110,3,1,14
BRDA:110,3,2,12
BRF:7
BRH:5
end_of_record
TN:
SF:components/ProfilePage/ProfileLanguages/ProfileLanguages.tsx
FN:9,ProfileLanguages
FN:37,(anonymous_1)
FN:55,(anonymous_2)
FN:63,(anonymous_3)
FN:65,(anonymous_4)
FN:66,(anonymous_5)
FN:76,(anonymous_6)
FN:78,(anonymous_7)
FN:79,(anonymous_8)
FN:87,(anonymous_9)
FN:89,(anonymous_10)
FN:90,(anonymous_11)
FN:103,(anonymous_12)
FN:105,(anonymous_13)
FN:106,(anonymous_14)
FN:108,(anonymous_15)
FN:109,(anonymous_16)
FN:112,(anonymous_17)
FN:114,(anonymous_18)
FN:115,(anonymous_19)
FN:122,(anonymous_20)
FN:124,(anonymous_21)
FN:125,(anonymous_22)
FN:130,(anonymous_23)
FN:131,(anonymous_24)
FN:184,(anonymous_25)
FN:186,(anonymous_26)
FN:187,(anonymous_27)
FN:207,(anonymous_28)
FN:214,(anonymous_29)
FN:216,(anonymous_30)
FN:218,(anonymous_31)
FNF:32
FNH:29
FNDA:2363,ProfileLanguages
FNDA:4,(anonymous_1)
FNDA:3686,(anonymous_2)
FNDA:0,(anonymous_3)
FNDA:0,(anonymous_4)
FNDA:0,(anonymous_5)
FNDA:2,(anonymous_6)
FNDA:2,(anonymous_7)
FNDA:4,(anonymous_8)
FNDA:6,(anonymous_9)
FNDA:6,(anonymous_10)
FNDA:10,(anonymous_11)
FNDA:4,(anonymous_12)
FNDA:4,(anonymous_13)
FNDA:6,(anonymous_14)
FNDA:8,(anonymous_15)
FNDA:12,(anonymous_16)
FNDA:4,(anonymous_17)
FNDA:4,(anonymous_18)
FNDA:6,(anonymous_19)
FNDA:2,(anonymous_20)
FNDA:2,(anonymous_21)
FNDA:4,(anonymous_22)
FNDA:2,(anonymous_23)
FNDA:2,(anonymous_24)
FNDA:6,(anonymous_25)
FNDA:6,(anonymous_26)
FNDA:10,(anonymous_27)
FNDA:26,(anonymous_28)
FNDA:4,(anonymous_29)
FNDA:4,(anonymous_30)
FNDA:4,(anonymous_31)
DA:28,2363
DA:30,2363
DA:31,22
DA:33,2
DA:38,4
DA:52,2341
DA:56,3686
DA:64,0
DA:65,0
DA:66,0
DA:77,2
DA:78,2
DA:79,2
DA:80,4
DA:88,6
DA:89,6
DA:90,6
DA:91,10
DA:104,4
DA:105,4
DA:106,6
DA:108,4
DA:109,12
DA:113,4
DA:114,4
DA:115,4
DA:116,6
DA:123,2
DA:124,2
DA:125,2
DA:126,4
DA:131,2
DA:132,2
DA:133,2
DA:134,2
DA:185,6
DA:186,6
DA:187,10
DA:208,26
DA:215,4
DA:216,4
DA:217,4
DA:218,4
LF:43
LH:40
BRDA:10,0,0,22
BRDA:30,1,0,22
BRDA:30,1,1,2341
BRDA:31,2,0,20
BRDA:31,2,1,2
BRDA:31,3,0,22
BRDA:31,3,1,22
BRDA:44,4,0,4
BRDA:44,4,1,4
BRDA:66,5,0,0
BRDA:66,5,1,0
BRDA:70,6,0,16
BRDA:70,6,1,3670
BRDA:70,7,0,3686
BRDA:70,7,1,3686
BRDA:80,8,0,2
BRDA:80,8,1,2
BRDA:91,9,0,6
BRDA:91,9,1,4
BRDA:97,10,0,16
BRDA:97,10,1,16
BRDA:116,11,0,4
BRDA:116,11,1,2
BRDA:126,12,0,2
BRDA:126,12,1,2
BRDA:142,13,0,10
BRDA:142,13,1,6
BRDA:149,14,0,0
BRDA:149,14,1,16
BRDA:156,15,0,6
BRDA:156,15,1,10
BRDA:163,16,0,0
BRDA:163,16,1,16
BRDA:170,17,0,0
BRDA:170,17,1,16
BRDA:187,18,0,6
BRDA:187,18,1,4
BRDA:192,19,0,3670
BRDA:192,19,1,3670
BRDA:215,20,0,4
BRDA:215,20,1,4
BRF:41
BRH:36
end_of_record
TN:
SF:components/ProfilePage/ProfileLocked/ProfileLocked.tsx
FN:7,ProfileLocked
FNF:1
FNH:0
FNDA:0,ProfileLocked
DA:18,0
DA:19,0
LF:2
LH:0
BRF:0
BRH:0
end_of_record
TN:
SF:components/ProfilePage/ProfilePrivacy/ProfilePrivacy.tsx
FN:8,ProfilePrivacy
FN:41,(anonymous_1)
FN:41,(anonymous_2)
FN:48,(anonymous_3)
FN:50,(anonymous_4)
FN:62,(anonymous_5)
FNF:6
FNH:1
FNDA:2361,ProfilePrivacy
FNDA:0,(anonymous_1)
FNDA:0,(anonymous_2)
FNDA:0,(anonymous_3)
FNDA:0,(anonymous_4)
FNDA:0,(anonymous_5)
DA:21,2361
DA:23,2361
DA:24,16
DA:32,2345
DA:41,0
DA:49,0
DA:50,0
DA:62,0
LF:8
LH:4
BRDA:9,0,0,16
BRDA:12,1,0,16
BRDA:23,2,0,16
BRDA:23,2,1,2345
BRDA:34,3,0,2345
BRDA:34,3,1,0
BRF:6
BRH:5
end_of_record
TN:
SF:components/ProfilePage/ProfileProjects/ProfileProjects.tsx
FN:15,ProfileProjects
FN:37,(anonymous_1)
FN:45,(anonymous_2)
FN:96,(anonymous_3)
FN:101,(anonymous_4)
FN:103,(anonymous_5)
FN:104,(anonymous_6)
FN:119,(anonymous_7)
FN:120,(anonymous_8)
FN:132,(anonymous_9)
FN:140,(anonymous_10)
FN:141,(anonymous_11)
FN:165,(anonymous_12)
FN:166,(anonymous_13)
FN:186,(anonymous_14)
FN:187,(anonymous_15)
FN:211,(anonymous_16)
FN:212,(anonymous_17)
FN:232,(anonymous_18)
FN:233,(anonymous_19)
FN:246,(anonymous_20)
FN:247,(anonymous_21)
FN:265,(anonymous_22)
FN:313,(anonymous_23)
FN:315,(anonymous_24)
FN:316,(anonymous_25)
FN:324,(anonymous_26)
FN:326,(anonymous_27)
FN:326,(anonymous_28)
FN:328,(anonymous_29)
FN:329,(anonymous_30)
FN:342,(anonymous_31)
FN:344,(anonymous_32)
FN:357,(anonymous_33)
FNF:34
FNH:29
FNDA:2363,ProfileProjects
FNDA:4,(anonymous_1)
FNDA:0,(anonymous_2)
FNDA:1870,(anonymous_3)
FNDA:4,(anonymous_4)
FNDA:4,(anonymous_5)
FNDA:6,(anonymous_6)
FNDA:60,(anonymous_7)
FNDA:60,(anonymous_8)
FNDA:0,(anonymous_9)
FNDA:0,(anonymous_10)
FNDA:0,(anonymous_11)
FNDA:92,(anonymous_12)
FNDA:92,(anonymous_13)
FNDA:4,(anonymous_14)
FNDA:4,(anonymous_15)
FNDA:2,(anonymous_16)
FNDA:2,(anonymous_17)
FNDA:40,(anonymous_18)
FNDA:40,(anonymous_19)
FNDA:64,(anonymous_20)
FNDA:64,(anonymous_21)
FNDA:0,(anonymous_22)
FNDA:2,(anonymous_23)
FNDA:2,(anonymous_24)
FNDA:4,(anonymous_25)
FNDA:4,(anonymous_26)
FNDA:4,(anonymous_27)
FNDA:6,(anonymous_28)
FNDA:4,(anonymous_29)
FNDA:6,(anonymous_30)
FNDA:4,(anonymous_31)
FNDA:4,(anonymous_32)
FNDA:4,(anonymous_33)
DA:28,2363
DA:30,2363
DA:31,22
DA:33,2
DA:38,4
DA:46,0
DA:93,2341
DA:97,1870
DA:102,4
DA:103,4
DA:104,6
DA:120,60
DA:121,60
DA:122,60
DA:123,60
DA:133,0
DA:141,0
DA:142,0
DA:144,0
DA:166,92
DA:167,92
DA:168,92
DA:169,92
DA:187,4
DA:188,4
DA:190,4
DA:191,4
DA:194,4
DA:212,2
DA:213,2
DA:214,2
DA:217,2
DA:233,40
DA:234,40
DA:235,40
DA:236,40
DA:247,64
DA:248,64
DA:249,64
DA:250,64
DA:266,0
DA:314,2
DA:315,2
DA:316,4
DA:325,4
DA:326,6
DA:328,4
DA:329,6
DA:344,4
DA:357,4
LF:50
LH:44
BRDA:17,0,0,22
BRDA:30,1,0,22
BRDA:30,1,1,2341
BRDA:31,2,0,20
BRDA:31,2,1,2
BRDA:31,3,0,22
BRDA:31,3,1,22
BRDA:42,4,0,2
BRDA:42,4,1,2
BRDA:52,5,0,0
BRDA:52,5,1,0
BRDA:66,6,0,4
BRDA:66,6,1,4
BRDA:76,7,0,4
BRDA:76,7,1,4
BRDA:104,8,0,4
BRDA:104,8,1,2
BRDA:108,9,0,268
BRDA:108,9,1,1602
BRDA:108,10,0,1870
BRDA:108,10,1,1870
BRDA:151,11,0,268
BRDA:151,11,1,268
BRDA:188,12,0,0
BRDA:188,12,1,4
BRDA:260,13,0,866
BRDA:260,13,1,736
BRDA:268,14,0,0
BRDA:268,14,1,0
BRDA:282,15,0,1602
BRDA:282,15,1,1602
BRDA:289,16,0,1602
BRDA:289,16,1,1602
BRDA:299,17,0,1870
BRDA:299,17,1,1870
BRDA:302,18,0,268
BRDA:302,18,1,1602
BRDA:302,19,0,1870
BRDA:302,19,1,1870
BRDA:316,20,0,2
BRDA:316,20,1,2
BRDA:338,21,0,2341
BRDA:338,21,1,2341
BRF:43
BRH:38
end_of_record
TN:
SF:components/ProfilePage/ProfileSkills/ProfileSkills.tsx
FN:9,ProfileSkills
FN:31,(anonymous_1)
FN:48,(anonymous_2)
FN:54,(anonymous_3)
FN:56,(anonymous_4)
FN:57,(anonymous_5)
FN:72,(anonymous_6)
FN:73,(anonymous_7)
FN:101,(anonymous_8)
FN:103,(anonymous_9)
FN:104,(anonymous_10)
FN:112,(anonymous_11)
FN:114,(anonymous_12)
FN:114,(anonymous_13)
FN:116,(anonymous_14)
FN:117,(anonymous_15)
FN:130,(anonymous_16)
FN:132,(anonymous_17)
FN:134,(anonymous_18)
FNF:19
FNH:16
FNDA:2953,ProfileSkills
FNDA:2,(anonymous_1)
FNDA:1074,(anonymous_2)
FNDA:4,(anonymous_3)
FNDA:4,(anonymous_4)
FNDA:4,(anonymous_5)
FNDA:52,(anonymous_6)
FNDA:52,(anonymous_7)
FNDA:0,(anonymous_8)
FNDA:0,(anonymous_9)
FNDA:0,(anonymous_10)
FNDA:2,(anonymous_11)
FNDA:2,(anonymous_12)
FNDA:2,(anonymous_13)
FNDA:2,(anonymous_14)
FNDA:2,(anonymous_15)
FNDA:4,(anonymous_16)
FNDA:4,(anonymous_17)
FNDA:4,(anonymous_18)
DA:22,2953
DA:24,2953
DA:25,22
DA:27,2
DA:32,2
DA:45,2931
DA:49,1074
DA:55,4
DA:56,4
DA:57,4
DA:73,52
DA:74,52
DA:75,52
DA:76,52
DA:102,0
DA:103,0
DA:104,0
DA:113,2
DA:114,2
DA:116,2
DA:117,2
DA:132,4
DA:134,4
LF:23
LH:20
BRDA:11,0,0,22
BRDA:24,1,0,22
BRDA:24,1,1,2931
BRDA:25,2,0,20
BRDA:25,2,1,2
BRDA:25,3,0,22
BRDA:25,3,1,22
BRDA:57,4,0,4
BRDA:57,4,1,0
BRDA:61,5,0,56
BRDA:61,5,1,1018
BRDA:61,6,0,1074
BRDA:61,6,1,1074
BRDA:87,7,0,1074
BRDA:87,7,1,1074
BRDA:90,8,0,56
BRDA:90,8,1,1018
BRDA:90,9,0,1074
BRDA:90,9,1,1074
BRDA:104,10,0,0
BRDA:104,10,1,0
BRDA:126,11,0,2931
BRDA:126,11,1,2931
BRF:23
BRH:20
end_of_record
TN:
SF:components/ProfilePage/ProfileSocials/ProfileSocials.tsx
FN:10,ProfileSocials
FN:38,(anonymous_1)
FN:40,(anonymous_2)
FN:46,(anonymous_3)
FN:54,(anonymous_4)
FN:70,(anonymous_5)
FN:71,(anonymous_6)
FN:88,(anonymous_7)
FN:89,(anonymous_8)
FN:110,(anonymous_9)
FN:110,(anonymous_10)
FNF:11
FNH:11
FNDA:2345,ProfileSocials
FNDA:4,(anonymous_1)
FNDA:4,(anonymous_2)
FNDA:2670,(anonymous_3)
FNDA:2670,(anonymous_4)
FNDA:38,(anonymous_5)
FNDA:38,(anonymous_6)
FNDA:26,(anonymous_7)
FNDA:26,(anonymous_8)
FNDA:4,(anonymous_9)
FNDA:4,(anonymous_10)
DA:23,2345
DA:25,2345
DA:26,0
DA:34,2345
DA:39,4
DA:40,4
DA:46,2670
DA:54,2670
DA:71,38
DA:72,38
DA:73,38
DA:74,38
DA:89,26
DA:90,26
DA:91,26
DA:92,26
DA:110,4
LF:17
LH:16
BRDA:11,0,0,0
BRDA:25,1,0,0
BRDA:25,1,1,2345
BRDA:44,2,0,2345
BRDA:44,2,1,2277
BRDA:44,2,2,2277
BRDA:44,2,3,1884
BRDA:51,3,0,2345
BRDA:51,3,1,2277
BRDA:51,3,2,2277
BRDA:51,3,3,393
BRDA:58,4,0,2345
BRDA:58,4,1,68
BRDA:106,5,0,2345
BRDA:106,5,1,2345
BRDA:106,5,2,2277
BRF:16
BRH:14
end_of_record
TN:
SF:components/ProfilePage/ProfileVolunteering/ProfileVolunteering.tsx
FN:12,ProfileVolunteering
FN:34,(anonymous_1)
FN:55,(anonymous_2)
FN:60,(anonymous_3)
FN:62,(anonymous_4)
FN:63,(anonymous_5)
FN:79,(anonymous_6)
FN:80,(anonymous_7)
FN:96,(anonymous_8)
FN:97,(anonymous_9)
FN:114,(anonymous_10)
FN:115,(anonymous_11)
FN:136,(anonymous_12)
FN:137,(anonymous_13)
FN:158,(anonymous_14)
FN:159,(anonymous_15)
FN:178,(anonymous_16)
FN:179,(anonymous_17)
FN:221,(anonymous_18)
FN:223,(anonymous_19)
FN:224,(anonymous_20)
FN:232,(anonymous_21)
FN:234,(anonymous_22)
FN:234,(anonymous_23)
FN:236,(anonymous_24)
FN:237,(anonymous_25)
FN:249,(anonymous_26)
FN:251,(anonymous_27)
FN:262,(anonymous_28)
FNF:29
FNH:29
FNDA:2363,ProfileVolunteering
FNDA:4,(anonymous_1)
FNDA:762,(anonymous_2)
FNDA:4,(anonymous_3)
FNDA:4,(anonymous_4)
FNDA:6,(anonymous_5)
FNDA:48,(anonymous_6)
FNDA:48,(anonymous_7)
FNDA:48,(anonymous_8)
FNDA:48,(anonymous_9)
FNDA:68,(anonymous_10)
FNDA:68,(anonymous_11)
FNDA:4,(anonymous_12)
FNDA:4,(anonymous_13)
FNDA:2,(anonymous_14)
FNDA:2,(anonymous_15)
FNDA:88,(anonymous_16)
FNDA:88,(anonymous_17)
FNDA:4,(anonymous_18)
FNDA:4,(anonymous_19)
FNDA:6,(anonymous_20)
FNDA:4,(anonymous_21)
FNDA:4,(anonymous_22)
FNDA:6,(anonymous_23)
FNDA:4,(anonymous_24)
FNDA:6,(anonymous_25)
FNDA:4,(anonymous_26)
FNDA:4,(anonymous_27)
FNDA:4,(anonymous_28)
DA:25,2363
DA:27,2363
DA:28,22
DA:30,2
DA:35,4
DA:52,2341
DA:56,762
DA:61,4
DA:62,4
DA:63,6
DA:80,48
DA:81,48
DA:82,48
DA:83,48
DA:97,48
DA:98,48
DA:99,48
DA:100,48
DA:115,68
DA:116,68
DA:117,68
DA:118,68
DA:137,4
DA:138,4
DA:140,4
DA:141,4
DA:144,4
DA:159,2
DA:160,2
DA:162,2
DA:163,2
DA:166,2
DA:179,88
DA:180,88
DA:181,88
DA:182,88
DA:222,4
DA:223,4
DA:224,6
DA:233,4
DA:234,6
DA:236,4
DA:237,6
DA:251,4
DA:262,4
LF:45
LH:45
BRDA:14,0,0,22
BRDA:27,1,0,22
BRDA:27,1,1,2341
BRDA:28,2,0,20
BRDA:28,2,1,2
BRDA:28,3,0,22
BRDA:28,3,1,22
BRDA:41,4,0,2
BRDA:41,4,1,2
BRDA:63,5,0,4
BRDA:63,5,1,2
BRDA:68,6,0,266
BRDA:68,6,1,496
BRDA:68,7,0,762
BRDA:68,7,1,762
BRDA:138,8,0,0
BRDA:138,8,1,4
BRDA:160,9,0,0
BRDA:160,9,1,2
BRDA:197,10,0,312
BRDA:197,10,1,184
BRDA:207,11,0,762
BRDA:207,11,1,762
BRDA:210,12,0,266
BRDA:210,12,1,496
BRDA:210,13,0,762
BRDA:210,13,1,762
BRDA:224,14,0,4
BRDA:224,14,1,2
BRDA:245,15,0,2341
BRDA:245,15,1,2341
BRF:31
BRH:29
end_of_record
TN:
SF:components/Report/AddReport.ts
FN:12,createReport
FNF:1
FNH:1
FNDA:2,createReport
DA:32,2
DA:36,2
DA:48,2
DA:50,0
DA:54,0
LF:5
LH:3
BRDA:18,0,0,2
BRDA:43,1,0,2
BRDA:43,1,1,2
BRDA:44,2,0,2
BRDA:44,2,1,0
BRF:5
BRH:4
end_of_record
TN:
SF:components/SearchBar/SearchBar.tsx
FN:18,(anonymous_0)
FN:23,(anonymous_1)
FN:27,(anonymous_2)
FN:43,(anonymous_3)
FN:47,(anonymous_4)
FN:81,(anonymous_5)
FNF:6
FNH:0
FNDA:0,(anonymous_0)
FNDA:0,(anonymous_1)
FNDA:0,(anonymous_2)
FNDA:0,(anonymous_3)
FNDA:0,(anonymous_4)
FNDA:0,(anonymous_5)
DA:18,108
DA:19,0
DA:20,0
DA:21,0
DA:23,0
DA:24,0
DA:27,0
DA:28,0
DA:30,0
DA:33,0
DA:42,0
DA:43,0
DA:45,0
DA:48,0
DA:54,0
DA:57,0
DA:61,0
DA:82,0
LF:18
LH:1
BRDA:42,0,0,0
BRDA:42,0,1,0
BRDA:79,1,0,0
BRDA:79,1,1,0
BRF:4
BRH:0
end_of_record
TN:
SF:components/TextEditor/TextEditor.tsx
FN:21,TextEditor
FN:27,(anonymous_1)
FN:34,(anonymous_2)
FN:49,(anonymous_3)
FN:62,(anonymous_4)
FNF:5
FNH:5
FNDA:2073,TextEditor
FNDA:170,(anonymous_1)
FNDA:10,(anonymous_2)
FNDA:170,(anonymous_3)
FNDA:6,(anonymous_4)
DA:22,2073
DA:23,2065
DA:24,2065
DA:26,2065
DA:28,170
DA:34,2065
DA:35,10
DA:37,10
DA:50,170
DA:51,170
DA:57,10
DA:61,10
DA:62,10
DA:63,6
DA:67,2065
LF:15
LH:15
BRDA:35,0,0,0
BRDA:35,0,1,10
BRDA:38,1,0,10
BRDA:38,1,1,8
BRDA:50,2,0,170
BRDA:50,2,1,0
BRDA:51,3,0,170
BRDA:51,3,1,170
BRF:8
BRH:6
end_of_record
TN:
SF:components/TextEditor/TextEditorPreview.tsx
FN:9,TextEditorPreview
FNF:1
FNH:1
FNDA:377,TextEditorPreview
DA:10,377
LF:1
LH:1
BRF:0
BRH:0
end_of_record
TN:
SF:config/firebase.ts
FNF:0
FNH:0
DA:8,108
DA:17,108
DA:19,108
DA:23,108
DA:26,108
DA:29,108
DA:32,108
DA:33,108
DA:34,108
DA:35,108
LF:10
LH:10
BRDA:32,0,0,108
BRDA:32,0,1,0
BRF:2
BRH:1
end_of_record
TN:
SF:config/firestore.ts
FN:16,(anonymous_0)
FN:17,(anonymous_1)
FN:18,(anonymous_2)
FN:22,(anonymous_3)
FN:26,(anonymous_4)
FNF:5
FNH:5
FNDA:868,(anonymous_0)
FNDA:30,(anonymous_1)
FNDA:569,(anonymous_2)
FNDA:756,(anonymous_3)
FNDA:112,(anonymous_4)
DA:16,868
DA:17,30
DA:18,569
DA:22,108
DA:23,756
DA:26,108
DA:28,112
DA:31,108
LF:8
LH:8
BRF:0
BRH:0
end_of_record
TN:
SF:contexts/AuthContext.tsx
FN:58,useAuth
FN:62,AuthProvider
FN:78,createUser
FN:119,register
FN:134,login
FN:141,loginWithGoogle
FN:149,refresh
FN:169,logout
FN:177,deleteAccount
FN:187,reauthenticateEmail
FN:196,reauthenticateOAuth
FN:202,(anonymous_11)
FN:203,(anonymous_12)
FN:219,(anonymous_13)
FN:241,(anonymous_14)
FNF:15
FNH:13
FNDA:8858,useAuth
FNDA:428,AuthProvider
FNDA:4,createUser
FNDA:4,register
FNDA:36,login
FNDA:0,loginWithGoogle
FNDA:9,refresh
FNDA:16,logout
FNDA:4,deleteAccount
FNDA:6,reauthenticateEmail
FNDA:0,reauthenticateOAuth
FNDA:108,(anonymous_11)
FNDA:166,(anonymous_12)
FNDA:107,(anonymous_13)
FNDA:402,(anonymous_14)
DA:46,108
DA:59,8858
DA:64,428
DA:65,428
DA:68,428
DA:69,428
DA:72,428
DA:73,428
DA:80,4
DA:107,4
DA:110,4
DA:111,4
DA:113,4
DA:120,4
DA:126,4
DA:128,4
DA:135,36
DA:142,0
DA:143,0
DA:151,9
DA:154,9
DA:155,9
DA:156,7
DA:157,0
DA:159,7
DA:162,7
DA:170,16
DA:171,16
DA:178,4
DA:180,4
DA:188,6
DA:189,6
DA:197,0
DA:198,0
DA:202,428
DA:203,108
DA:204,166
DA:206,166
DA:208,166
DA:211,166
DA:212,58
DA:213,58
DA:214,58
DA:218,108
DA:219,108
DA:220,107
DA:221,107
DA:223,0
DA:226,107
DA:229,0
DA:231,107
DA:236,108
DA:240,428
DA:241,402
DA:257,428
LF:55
LH:48
BRDA:78,0,0,0
BRDA:90,1,0,4
BRDA:90,1,1,4
BRDA:90,1,2,0
BRDA:92,2,0,4
BRDA:92,2,1,4
BRDA:92,2,2,0
BRDA:96,3,0,4
BRDA:96,3,1,4
BRDA:154,4,0,9
BRDA:154,4,1,0
BRDA:156,5,0,0
BRDA:156,5,1,7
BRDA:211,6,0,58
BRDA:211,6,1,108
BRDA:218,7,0,108
BRDA:218,7,1,0
BRDA:218,8,0,108
BRDA:218,8,1,108
BRDA:220,9,0,107
BRDA:220,9,1,0
BRDA:221,10,0,0
BRDA:221,10,1,107
BRDA:259,11,0,428
BRDA:259,11,1,210
BRF:25
BRH:17
end_of_record
TN:
SF:types/JobPost.ts
FNF:0
FNH:0
LF:0
LH:0
BRF:0
BRH:0
end_of_record
TN:
SF:types/Notification.ts
FNF:0
FNH:0
LF:0
LH:0
BRF:0
BRH:0
end_of_record
